#
# A fatal error has been detected by the Java Runtime Environment:
#
#  SIGSEGV (0xb) at pc=0x00000001083cc316, pid=11089, tid=4867
#
# JRE version: Java(TM) SE Runtime Environment (7.0_71-b14) (build 1.7.0_71-b14)
# Java VM: Java HotSpot(TM) 64-Bit Server VM (24.71-b01 mixed mode bsd-amd64 compressed oops)
# Problematic frame:
# C  [libzip.dylib+0x4316]  readCEN+0x9ca
#
# Failed to write core dump. Core dumps have been disabled. To enable core dumping, try "ulimit -c unlimited" before starting Java again
#
# If you would like to submit a bug report, please visit:
#   http://bugreport.sun.com/bugreport/crash.jsp
# The crash happened outside the Java Virtual Machine in native code.
# See problematic frame for where to report the bug.
#

---------------  T H R E A D  ---------------

Current thread (0x00007f938b807000):  JavaThread "main" [_thread_in_native, id=4867, stack(0x0000000108801000,0x0000000109201000)]

siginfo:si_signo=SIGSEGV: si_errno=0, si_code=1 (SEGV_MAPERR), si_addr=0x0000000115ad9989

Registers:
RAX=0x0000000000000000, RBX=0x0000000115ad9989, RCX=0x0000000115ad9989, RDX=0xfffffffeea572000
RSP=0x00000001091fd9f0, RBP=0x00000001091fdb80, RSI=0x00007f938ad00000, RDI=0x0000000107829a00
R8 =0x0000000000000006, R9 =0x00000000c0000000, R10=0x0000000000000001, R11=0x0000000000000206
R12=0x000000000004c959, R13=0x00007f938acc53e0, R14=0x00007f938acc2600, R15=0x0000000000000000
RIP=0x00000001083cc316, EFLAGS=0x0000000000010297, ERR=0x0000000000000004
  TRAPNO=0x000000000000000e

Top of Stack: (sp=0x00000001091fd9f0)
0x00000001091fd9f0:   0000000107826000 0000000115ada915
0x00000001091fda00:   fffffffeea572000 00007f938adad570
0x00000001091fda10:   0000000115ada943 000000000000001b
0x00000001091fda20:   000000000004b989 0000000000000037
0x00000001091fda30:   0000000115ad9989 0000000000000fba
0x00000001091fda40:   000000000004c8d9 00007f938adad208
0x00000001091fda50:   0000000000000000 000000000004c943
0x00000001091fda60:   ff80000000001001 000000000000ffff
0x00000001091fda70:   0000000107829a00 0000000000000000
0x00000001091fda80:   00007f938acc2600 00007f938acc53e0
0x00000001091fda90:   0000000107826000 0000000000000078
0x00000001091fdaa0:   0000000006054b50 00000fba00370037
0x00000001091fdab0:   000000000004b989 6176616a00000078
0x00000001091fdac0:   74616d6365762f78 726f746365562f68
0x00000001091fdad0:   7373616c632e6634 000a031402014b50
0x00000001091fdae0:   43873b3800000800 00000077e39abbce
0x00000001091fdaf0:   0000002000000077 0000000000000000
0x00000001091fdb00:   616a0004b8d481a4 6d6365762f786176
0x00000001091fdb10:   6b6361702f687461 6f666e692d656761
0x00000001091fdb20:   4b507373616c632e 0037000000000605
0x00000001091fdb30:   b98900000fba0037 00007fff00000004
0x00000001091fdb40:   00000001091fdb60 00000001083ca788
0x00000001091fdb50:   8d004007dfff0822 0000000000000001
0x00000001091fdb60:   00007f938acc2600 00007f938acc53e0
0x00000001091fdb70:   00000001091fdcf0 000000000000006c
0x00000001091fdb80:   00000001091fdcd0 00000001083cc802
0x00000001091fdb90:   0000000000000000 000001459559ceb0
0x00000001091fdba0:   00007f9304034b50 00007f938b8071e8
0x00000001091fdbb0:   00000001091fdbe0 0000000107c09ef3
0x00000001091fdbc0:   0000003000000018 00000001091fdbf0
0x00000001091fdbd0:   00000001091fdb10 0000000000000059
0x00000001091fdbe0:   00000001091fdca0 0000000107d2708c 

Instructions: (pc=0x00000001083cc316)
0x00000001083cc2f6:   d2 eb 70 0f b6 4b 1c 0f b6 53 0a 01 d0 85 c0 74
0x00000001083cc306:   d2 83 f8 08 74 cd eb ab f6 43 08 01 74 e5 eb 93
0x00000001083cc316:   0f b6 03 0f b6 4b 01 c1 e1 08 01 c1 0f b6 43 02
0x00000001083cc326:   0f b6 53 03 c1 e2 08 01 c2 c1 e2 10 01 ca 0f b6 

Register to memory mapping:

RAX=0x0000000000000000 is an unknown value
RBX=0x0000000115ad9989 is an unknown value
RCX=0x0000000115ad9989 is an unknown value
RDX=0xfffffffeea572000 is an unknown value
RSP=0x00000001091fd9f0 is pointing into the stack for thread: 0x00007f938b807000
RBP=0x00000001091fdb80 is pointing into the stack for thread: 0x00007f938b807000
RSI=0x00007f938ad00000 is an unknown value
RDI=0x0000000107829a00 is an unknown value
R8 =0x0000000000000006 is an unknown value
R9 =0x00000000c0000000 is an unknown value
R10=0x0000000000000001 is an unknown value
R11=0x0000000000000206 is an unknown value
R12=0x000000000004c959 is an unknown value
R13=0x00007f938acc53e0 is an unknown value
R14=0x00007f938acc2600 is an unknown value
R15=0x0000000000000000 is an unknown value


Stack: [0x0000000108801000,0x0000000109201000],  sp=0x00000001091fd9f0,  free space=10226k
Native frames: (J=compiled Java code, j=interpreted, Vv=VM code, C=native code)
C  [libzip.dylib+0x4316]  readCEN+0x9ca
C  [libzip.dylib+0x4802]  ZIP_Put_In_Cache0+0x1db
C  [libzip.dylib+0x264d]  Java_java_util_zip_ZipFile_open+0x9c
j  java.util.zip.ZipFile.open(Ljava/lang/String;IJZ)J+0
j  java.util.zip.ZipFile.<init>(Ljava/io/File;ILjava/nio/charset/Charset;)V+148
j  java.util.zip.ZipFile.<init>(Ljava/io/File;I)V+6
j  java.util.jar.JarFile.<init>(Ljava/io/File;ZI)V+3
j  java.util.jar.JarFile.<init>(Ljava/lang/String;)V+11
j  sun.net.www.protocol.jar.URLJarFile.<init>(Ljava/net/URL;Lsun/net/www/protocol/jar/URLJarFile$URLJarFileCloseController;)V+8
j  sun.net.www.protocol.jar.URLJarFile.getJarFile(Ljava/net/URL;Lsun/net/www/protocol/jar/URLJarFile$URLJarFileCloseController;)Ljava/util/jar/JarFile;+13
j  sun.net.www.protocol.jar.JarFileFactory.get(Ljava/net/URL;Z)Ljava/util/jar/JarFile;+37
j  sun.net.www.protocol.jar.JarURLConnection.connect()V+19
j  sun.net.www.protocol.jar.JarURLConnection.getInputStream()Ljava/io/InputStream;+1
j  sun.misc.URLClassPath$Loader.getResource(Ljava/lang/String;Z)Lsun/misc/Resource;+48
j  sun.misc.URLClassPath.getResource(Ljava/lang/String;Z)Lsun/misc/Resource;+53
j  java.net.URLClassLoader$1.run()Ljava/lang/Class;+26
j  java.net.URLClassLoader$1.run()Ljava/lang/Object;+1
v  ~StubRoutines::call_stub
V  [libjvm.dylib+0x2db378]  JavaCalls::call_helper(JavaValue*, methodHandle*, JavaCallArguments*, Thread*)+0x22a
V  [libjvm.dylib+0x2db148]  JavaCalls::call(JavaValue*, methodHandle, JavaCallArguments*, Thread*)+0x28
V  [libjvm.dylib+0x32e91c]  JVM_DoPrivileged+0x411
j  java.security.AccessController.doPrivileged(Ljava/security/PrivilegedExceptionAction;Ljava/security/AccessControlContext;)Ljava/lang/Object;+0
j  java.net.URLClassLoader.findClass(Ljava/lang/String;)Ljava/lang/Class;+13
j  org.java.plugin.standard.StandardPluginClassLoader.loadClass(Ljava/lang/String;ZLorg/java/plugin/standard/StandardPluginClassLoader;Ljava/util/Set;)Ljava/lang/Class;+221
j  org.java.plugin.standard.StandardPluginClassLoader.loadClass(Ljava/lang/String;Z)Ljava/lang/Class;+65
j  java.lang.ClassLoader.loadClass(Ljava/lang/String;)Ljava/lang/Class;+3
v  ~StubRoutines::call_stub
V  [libjvm.dylib+0x2db378]  JavaCalls::call_helper(JavaValue*, methodHandle*, JavaCallArguments*, Thread*)+0x22a
V  [libjvm.dylib+0x2db88f]  JavaCalls::call_virtual(JavaValue*, KlassHandle, Symbol*, Symbol*, JavaCallArguments*, Thread*)+0x11b
V  [libjvm.dylib+0x2db978]  JavaCalls::call_virtual(JavaValue*, Handle, KlassHandle, Symbol*, Symbol*, Handle, Thread*)+0x56
V  [libjvm.dylib+0x4c9bf2]  SystemDictionary::load_instance_class(Symbol*, Handle, Thread*)+0x300
V  [libjvm.dylib+0x4c955e]  SystemDictionary::resolve_instance_class_or_null(Symbol*, Handle, Handle, Thread*)+0x4bc
V  [libjvm.dylib+0x4c9e3c]  SystemDictionary::resolve_or_null(Symbol*, Handle, Handle, Thread*)+0x104
V  [libjvm.dylib+0x4ca26d]  SystemDictionary::resolve_or_fail(Symbol*, Handle, Handle, bool, Thread*)+0x31
V  [libjvm.dylib+0x327c9c]  find_class_from_class_loader(JNIEnv_*, Symbol*, unsigned char, Handle, Handle, unsigned char, Thread*)+0x30
V  [libjvm.dylib+0x33048c]  JVM_FindClassFromCaller+0x13b
C  [libjava.dylib+0x12dc]  Java_java_lang_Class_forName0+0x13f
j  java.lang.Class.forName0(Ljava/lang/String;ZLjava/lang/ClassLoader;Ljava/lang/Class;)Ljava/lang/Class;+0
j  java.lang.Class.forName(Ljava/lang/String;ZLjava/lang/ClassLoader;)Ljava/lang/Class;+43
j  saf.core.ui.UIPlugin.processActionSpec(Lorg/java/plugin/registry/Extension$Parameter;)V+159
j  saf.core.ui.ActionProcessor.process(Lsaf/core/ui/UIPlugin;Lorg/java/plugin/registry/Extension$Parameter;)V+2
j  saf.core.ui.ExtPointProcessor.iterate(Lsaf/core/ui/UIPlugin;Lorg/java/plugin/registry/ExtensionPoint;)V+86
j  saf.core.ui.UIPlugin.initialize()V+49
v  ~StubRoutines::call_stub
V  [libjvm.dylib+0x2db378]  JavaCalls::call_helper(JavaValue*, methodHandle*, JavaCallArguments*, Thread*)+0x22a
V  [libjvm.dylib+0x2db148]  JavaCalls::call(JavaValue*, methodHandle, JavaCallArguments*, Thread*)+0x28
V  [libjvm.dylib+0x4661f8]  Reflection::invoke(instanceKlassHandle, methodHandle, Handle, bool, objArrayHandle, BasicType, objArrayHandle, bool, Thread*)+0x9fc
V  [libjvm.dylib+0x46665e]  Reflection::invoke_method(oopDesc*, Handle, objArrayHandle, Thread*)+0x16e
V  [libjvm.dylib+0x327bab]  JVM_InvokeMethod+0x166
j  sun.reflect.NativeMethodAccessorImpl.invoke0(Ljava/lang/reflect/Method;Ljava/lang/Object;[Ljava/lang/Object;)Ljava/lang/Object;+0
j  sun.reflect.NativeMethodAccessorImpl.invoke(Ljava/lang/Object;[Ljava/lang/Object;)Ljava/lang/Object;+87
j  sun.reflect.DelegatingMethodAccessorImpl.invoke(Ljava/lang/Object;[Ljava/lang/Object;)Ljava/lang/Object;+6
j  java.lang.reflect.Method.invoke(Ljava/lang/Object;[Ljava/lang/Object;)Ljava/lang/Object;+57
j  saf.core.runtime.CorePlugin.loadUIPlugin()V+28
j  saf.core.runtime.CorePlugin.run([Ljava/lang/String;)V+5
v  ~StubRoutines::call_stub
V  [libjvm.dylib+0x2db378]  JavaCalls::call_helper(JavaValue*, methodHandle*, JavaCallArguments*, Thread*)+0x22a
V  [libjvm.dylib+0x2db148]  JavaCalls::call(JavaValue*, methodHandle, JavaCallArguments*, Thread*)+0x28
V  [libjvm.dylib+0x4661f8]  Reflection::invoke(instanceKlassHandle, methodHandle, Handle, bool, objArrayHandle, BasicType, objArrayHandle, bool, Thread*)+0x9fc
V  [libjvm.dylib+0x46665e]  Reflection::invoke_method(oopDesc*, Handle, objArrayHandle, Thread*)+0x16e
V  [libjvm.dylib+0x327bab]  JVM_InvokeMethod+0x166
j  sun.reflect.NativeMethodAccessorImpl.invoke0(Ljava/lang/reflect/Method;Ljava/lang/Object;[Ljava/lang/Object;)Ljava/lang/Object;+0
j  sun.reflect.NativeMethodAccessorImpl.invoke(Ljava/lang/Object;[Ljava/lang/Object;)Ljava/lang/Object;+87
j  sun.reflect.DelegatingMethodAccessorImpl.invoke(Ljava/lang/Object;[Ljava/lang/Object;)Ljava/lang/Object;+6
j  java.lang.reflect.Method.invoke(Ljava/lang/Object;[Ljava/lang/Object;)Ljava/lang/Object;+57
j  saf.core.runtime.Boot.run(Lorg/java/plugin/PluginManager;[Ljava/lang/String;)V+48
j  saf.core.runtime.Boot.main([Ljava/lang/String;)V+17
j  repast.simphony.runtime.RepastMain.main([Ljava/lang/String;)V+97
v  ~StubRoutines::call_stub
V  [libjvm.dylib+0x2db378]  JavaCalls::call_helper(JavaValue*, methodHandle*, JavaCallArguments*, Thread*)+0x22a
V  [libjvm.dylib+0x2db148]  JavaCalls::call(JavaValue*, methodHandle, JavaCallArguments*, Thread*)+0x28
V  [libjvm.dylib+0x30e9c2]  jni_invoke_static(JNIEnv_*, JavaValue*, _jobject*, JNICallType, _jmethodID*, JNI_ArgumentPusher*, Thread*)+0xe6
V  [libjvm.dylib+0x307b5d]  jni_CallStaticVoidMethod+0x10b
C  [java+0x30fe]  JavaMain+0x91d
C  [libsystem_pthread.dylib+0x3268]  _pthread_body+0x83
C  [libsystem_pthread.dylib+0x31e5]  _pthread_body+0x0
C  [libsystem_pthread.dylib+0x141d]  thread_start+0xd

Java frames: (J=compiled Java code, j=interpreted, Vv=VM code)
j  java.util.zip.ZipFile.open(Ljava/lang/String;IJZ)J+0
j  java.util.zip.ZipFile.<init>(Ljava/io/File;ILjava/nio/charset/Charset;)V+148
j  java.util.zip.ZipFile.<init>(Ljava/io/File;I)V+6
j  java.util.jar.JarFile.<init>(Ljava/io/File;ZI)V+3
j  java.util.jar.JarFile.<init>(Ljava/lang/String;)V+11
j  sun.net.www.protocol.jar.URLJarFile.<init>(Ljava/net/URL;Lsun/net/www/protocol/jar/URLJarFile$URLJarFileCloseController;)V+8
j  sun.net.www.protocol.jar.URLJarFile.getJarFile(Ljava/net/URL;Lsun/net/www/protocol/jar/URLJarFile$URLJarFileCloseController;)Ljava/util/jar/JarFile;+13
j  sun.net.www.protocol.jar.JarFileFactory.get(Ljava/net/URL;Z)Ljava/util/jar/JarFile;+37
j  sun.net.www.protocol.jar.JarURLConnection.connect()V+19
j  sun.net.www.protocol.jar.JarURLConnection.getInputStream()Ljava/io/InputStream;+1
j  sun.misc.URLClassPath$Loader.getResource(Ljava/lang/String;Z)Lsun/misc/Resource;+48
j  sun.misc.URLClassPath.getResource(Ljava/lang/String;Z)Lsun/misc/Resource;+53
j  java.net.URLClassLoader$1.run()Ljava/lang/Class;+26
j  java.net.URLClassLoader$1.run()Ljava/lang/Object;+1
v  ~StubRoutines::call_stub
j  java.security.AccessController.doPrivileged(Ljava/security/PrivilegedExceptionAction;Ljava/security/AccessControlContext;)Ljava/lang/Object;+0
j  java.net.URLClassLoader.findClass(Ljava/lang/String;)Ljava/lang/Class;+13
j  org.java.plugin.standard.StandardPluginClassLoader.loadClass(Ljava/lang/String;ZLorg/java/plugin/standard/StandardPluginClassLoader;Ljava/util/Set;)Ljava/lang/Class;+221
j  org.java.plugin.standard.StandardPluginClassLoader.loadClass(Ljava/lang/String;Z)Ljava/lang/Class;+65
j  java.lang.ClassLoader.loadClass(Ljava/lang/String;)Ljava/lang/Class;+3
v  ~StubRoutines::call_stub
j  java.lang.Class.forName0(Ljava/lang/String;ZLjava/lang/ClassLoader;Ljava/lang/Class;)Ljava/lang/Class;+0
j  java.lang.Class.forName(Ljava/lang/String;ZLjava/lang/ClassLoader;)Ljava/lang/Class;+43
j  saf.core.ui.UIPlugin.processActionSpec(Lorg/java/plugin/registry/Extension$Parameter;)V+159
j  saf.core.ui.ActionProcessor.process(Lsaf/core/ui/UIPlugin;Lorg/java/plugin/registry/Extension$Parameter;)V+2
j  saf.core.ui.ExtPointProcessor.iterate(Lsaf/core/ui/UIPlugin;Lorg/java/plugin/registry/ExtensionPoint;)V+86
j  saf.core.ui.UIPlugin.initialize()V+49
v  ~StubRoutines::call_stub
j  sun.reflect.NativeMethodAccessorImpl.invoke0(Ljava/lang/reflect/Method;Ljava/lang/Object;[Ljava/lang/Object;)Ljava/lang/Object;+0
j  sun.reflect.NativeMethodAccessorImpl.invoke(Ljava/lang/Object;[Ljava/lang/Object;)Ljava/lang/Object;+87
j  sun.reflect.DelegatingMethodAccessorImpl.invoke(Ljava/lang/Object;[Ljava/lang/Object;)Ljava/lang/Object;+6
j  java.lang.reflect.Method.invoke(Ljava/lang/Object;[Ljava/lang/Object;)Ljava/lang/Object;+57
j  saf.core.runtime.CorePlugin.loadUIPlugin()V+28
j  saf.core.runtime.CorePlugin.run([Ljava/lang/String;)V+5
v  ~StubRoutines::call_stub
j  sun.reflect.NativeMethodAccessorImpl.invoke0(Ljava/lang/reflect/Method;Ljava/lang/Object;[Ljava/lang/Object;)Ljava/lang/Object;+0
j  sun.reflect.NativeMethodAccessorImpl.invoke(Ljava/lang/Object;[Ljava/lang/Object;)Ljava/lang/Object;+87
j  sun.reflect.DelegatingMethodAccessorImpl.invoke(Ljava/lang/Object;[Ljava/lang/Object;)Ljava/lang/Object;+6
j  java.lang.reflect.Method.invoke(Ljava/lang/Object;[Ljava/lang/Object;)Ljava/lang/Object;+57
j  saf.core.runtime.Boot.run(Lorg/java/plugin/PluginManager;[Ljava/lang/String;)V+48
j  saf.core.runtime.Boot.main([Ljava/lang/String;)V+17
j  repast.simphony.runtime.RepastMain.main([Ljava/lang/String;)V+97
v  ~StubRoutines::call_stub

---------------  P R O C E S S  ---------------

Java Threads: ( => current thread )
  0x00007f938be08800 JavaThread "AWT-Shutdown" [_thread_blocked, id=27399, stack(0x00000001144da000,0x0000000114eda000)]
  0x00007f938b20b800 JavaThread "AWT-AppKit" daemon [_thread_in_native, id=1811, stack(0x00007fff58374000,0x00007fff583f4000)]
  0x00007f938b05c800 JavaThread "Service Thread" daemon [_thread_blocked, id=16643, stack(0x0000000111c15000,0x0000000112615000)]
  0x00007f938b05b800 JavaThread "C2 CompilerThread1" daemon [_thread_blocked, id=16131, stack(0x0000000111b12000,0x0000000111c12000)]
  0x00007f938b00d800 JavaThread "C2 CompilerThread0" daemon [_thread_blocked, id=15619, stack(0x0000000111a0f000,0x0000000111b0f000)]
  0x00007f938b050000 JavaThread "Signal Dispatcher" daemon [_thread_blocked, id=11543, stack(0x000000011100c000,0x0000000111a0c000)]
  0x00007f938b838000 JavaThread "Finalizer" daemon [_thread_blocked, id=10499, stack(0x000000010edcb000,0x000000010f7cb000)]
  0x00007f938b837000 JavaThread "Reference Handler" daemon [_thread_blocked, id=9987, stack(0x000000010e3c8000,0x000000010edc8000)]
=>0x00007f938b807000 JavaThread "main" [_thread_in_native, id=4867, stack(0x0000000108801000,0x0000000109201000)]

Other Threads:
  0x00007f938b836800 VMThread [stack: 0x000000010e2c5000,0x000000010e3c5000] [id=9475]
  0x00007f938b03c000 WatcherThread [stack: 0x0000000112618000,0x0000000112718000] [id=17155]

VM state:not at safepoint (normal execution)

VM Mutex/Monitor currently owned by a thread: None

Heap
 PSYoungGen      total 36352K, used 23064K [0x00000007f7a80000, 0x00000007fa080000, 0x0000000800000000)
  eden space 33792K, 66% used [0x00000007f7a80000,0x00000007f905e010,0x00000007f9b80000)
  from space 2560K, 26% used [0x00000007f9e00000,0x00000007f9ea8000,0x00000007fa080000)
  to   space 2560K, 0% used [0x00000007f9b80000,0x00000007f9b80000,0x00000007f9e00000)
 ParOldGen       total 43520K, used 1035K [0x00000007e7000000, 0x00000007e9a80000, 0x00000007f7a80000)
  object space 43520K, 2% used [0x00000007e7000000,0x00000007e7102d48,0x00000007e9a80000)
 PSPermGen       total 21504K, used 7623K [0x00000007e1e00000, 0x00000007e3300000, 0x00000007e7000000)
  object space 21504K, 35% used [0x00000007e1e00000,0x00000007e2571fe0,0x00000007e3300000)

Card table byte_map: [0x000000010c2c3000,0x000000010c3b5000] byte_map_base: 0x00000001083b4000

Polling page: 0x00000001083be000

Code Cache  [0x0000000109203000, 0x0000000109473000, 0x000000010c203000)
 total_blobs=485 nmethods=236 adapters=203 free_code_cache=48186Kb largest_free_block=49319168

Compilation events (10 events):
Event: 28.739 Thread 0x00007f938b05b800 nmethod 233 0x0000000109285690 code [0x0000000109285800, 0x0000000109285b28]
Event: 28.739 Thread 0x00007f938b05b800  238   !         java.nio.HeapCharBuffer::toString (30 bytes)
Event: 28.743 Thread 0x00007f938b05b800 nmethod 238 0x0000000109284750 code [0x00000001092848c0, 0x0000000109284c18]
Event: 28.744 Thread 0x00007f938b05b800  239             java.nio.HeapByteBuffer::ix (7 bytes)
Event: 28.744 Thread 0x00007f938b05b800 nmethod 239 0x00000001092f74d0 code [0x00000001092f7600, 0x00000001092f7658]
Event: 28.744 Thread 0x00007f938b05b800  240             java.nio.HeapByteBuffer::put (16 bytes)
Event: 28.744 Thread 0x00007f938b00d800 nmethod 237 0x0000000109283e90 code [0x0000000109284000, 0x0000000109284378]
Event: 28.745 Thread 0x00007f938b05b800 nmethod 240 0x00000001092f70d0 code [0x00000001092f7220, 0x00000001092f7318]
Event: 28.757 Thread 0x00007f938b00d800  241             java.io.ExpiringCache::cleanup (94 bytes)
Event: 28.764 Thread 0x00007f938b00d800 nmethod 241 0x00000001092f7d50 code [0x00000001092f7f20, 0x00000001092f8320]

GC Heap History (10 events):
Event: 23.100 GC heap before
{Heap before GC invocations=4 (full 0):
 PSYoungGen      total 19456K, used 18320K [0x00000007f7a80000, 0x00000007f9000000, 0x0000000800000000)
  eden space 16896K, 100% used [0x00000007f7a80000,0x00000007f8b00000,0x00000007f8b00000)
  from space 2560K, 55% used [0x00000007f8b00000,0x00000007f8c64010,0x00000007f8d80000)
  to   space 2560K, 0% used [0x00000007f8d80000,0x00000007f8d80000,0x00000007f9000000)
 ParOldGen       total 43520K, used 24K [0x00000007e7000000, 0x00000007e9a80000, 0x00000007f7a80000)
  object space 43520K, 0% used [0x00000007e7000000,0x00000007e7006000,0x00000007e9a80000)
 PSPermGen       total 21504K, used 6211K [0x00000007e1e00000, 0x00000007e3300000, 0x00000007e7000000)
  object space 21504K, 28% used [0x00000007e1e00000,0x00000007e2410f18,0x00000007e3300000)
Event: 23.105 GC heap after
Heap after GC invocations=4 (full 0):
 PSYoungGen      total 19456K, used 1320K [0x00000007f7a80000, 0x00000007f9000000, 0x0000000800000000)
  eden space 16896K, 0% used [0x00000007f7a80000,0x00000007f7a80000,0x00000007f8b00000)
  from space 2560K, 51% used [0x00000007f8d80000,0x00000007f8eca040,0x00000007f9000000)
  to   space 2560K, 0% used [0x00000007f8b00000,0x00000007f8b00000,0x00000007f8d80000)
 ParOldGen       total 43520K, used 96K [0x00000007e7000000, 0x00000007e9a80000, 0x00000007f7a80000)
  object space 43520K, 0% used [0x00000007e7000000,0x00000007e7018010,0x00000007e9a80000)
 PSPermGen       total 21504K, used 6211K [0x00000007e1e00000, 0x00000007e3300000, 0x00000007e7000000)
  object space 21504K, 28% used [0x00000007e1e00000,0x00000007e2410f18,0x00000007e3300000)
}
Event: 24.418 GC heap before
{Heap before GC invocations=5 (full 0):
 PSYoungGen      total 19456K, used 18216K [0x00000007f7a80000, 0x00000007f9000000, 0x0000000800000000)
  eden space 16896K, 100% used [0x00000007f7a80000,0x00000007f8b00000,0x00000007f8b00000)
  from space 2560K, 51% used [0x00000007f8d80000,0x00000007f8eca040,0x00000007f9000000)
  to   space 2560K, 0% used [0x00000007f8b00000,0x00000007f8b00000,0x00000007f8d80000)
 ParOldGen       total 43520K, used 96K [0x00000007e7000000, 0x00000007e9a80000, 0x00000007f7a80000)
  object space 43520K, 0% used [0x00000007e7000000,0x00000007e7018010,0x00000007e9a80000)
 PSPermGen       total 21504K, used 6464K [0x00000007e1e00000, 0x00000007e3300000, 0x00000007e7000000)
  object space 21504K, 30% used [0x00000007e1e00000,0x00000007e2450210,0x00000007e3300000)
Event: 24.435 GC heap after
Heap after GC invocations=5 (full 0):
 PSYoungGen      total 19456K, used 1664K [0x00000007f7a80000, 0x00000007f9000000, 0x0000000800000000)
  eden space 16896K, 0% used [0x00000007f7a80000,0x00000007f7a80000,0x00000007f8b00000)
  from space 2560K, 65% used [0x00000007f8b00000,0x00000007f8ca0020,0x00000007f8d80000)
  to   space 2560K, 0% used [0x00000007f8d80000,0x00000007f8d80000,0x00000007f9000000)
 ParOldGen       total 43520K, used 96K [0x00000007e7000000, 0x00000007e9a80000, 0x00000007f7a80000)
  object space 43520K, 0% used [0x00000007e7000000,0x00000007e7018010,0x00000007e9a80000)
 PSPermGen       total 21504K, used 6464K [0x00000007e1e00000, 0x00000007e3300000, 0x00000007e7000000)
  object space 21504K, 30% used [0x00000007e1e00000,0x00000007e2450210,0x00000007e3300000)
}
Event: 24.769 GC heap before
{Heap before GC invocations=6 (full 0):
 PSYoungGen      total 19456K, used 18560K [0x00000007f7a80000, 0x00000007f9000000, 0x0000000800000000)
  eden space 16896K, 100% used [0x00000007f7a80000,0x00000007f8b00000,0x00000007f8b00000)
  from space 2560K, 65% used [0x00000007f8b00000,0x00000007f8ca0020,0x00000007f8d80000)
  to   space 2560K, 0% used [0x00000007f8d80000,0x00000007f8d80000,0x00000007f9000000)
 ParOldGen       total 43520K, used 96K [0x00000007e7000000, 0x00000007e9a80000, 0x00000007f7a80000)
  object space 43520K, 0% used [0x00000007e7000000,0x00000007e7018010,0x00000007e9a80000)
 PSPermGen       total 21504K, used 6475K [0x00000007e1e00000, 0x00000007e3300000, 0x00000007e7000000)
  object space 21504K, 30% used [0x00000007e1e00000,0x00000007e2452c20,0x00000007e3300000)
Event: 24.775 GC heap after
Heap after GC invocations=6 (full 0):
 PSYoungGen      total 19456K, used 1591K [0x00000007f7a80000, 0x00000007f9000000, 0x0000000800000000)
  eden space 16896K, 0% used [0x00000007f7a80000,0x00000007f7a80000,0x00000007f8b00000)
  from space 2560K, 62% used [0x00000007f8d80000,0x00000007f8f0dc98,0x00000007f9000000)
  to   space 2560K, 0% used [0x00000007f8b00000,0x00000007f8b00000,0x00000007f8d80000)
 ParOldGen       total 43520K, used 104K [0x00000007e7000000, 0x00000007e9a80000, 0x00000007f7a80000)
  object space 43520K, 0% used [0x00000007e7000000,0x00000007e701a010,0x00000007e9a80000)
 PSPermGen       total 21504K, used 6475K [0x00000007e1e00000, 0x00000007e3300000, 0x00000007e7000000)
  object space 21504K, 30% used [0x00000007e1e00000,0x00000007e2452c20,0x00000007e3300000)
}
Event: 25.014 GC heap before
{Heap before GC invocations=7 (full 0):
 PSYoungGen      total 19456K, used 18487K [0x00000007f7a80000, 0x00000007f9000000, 0x0000000800000000)
  eden space 16896K, 100% used [0x00000007f7a80000,0x00000007f8b00000,0x00000007f8b00000)
  from space 2560K, 62% used [0x00000007f8d80000,0x00000007f8f0dc98,0x00000007f9000000)
  to   space 2560K, 0% used [0x00000007f8b00000,0x00000007f8b00000,0x00000007f8d80000)
 ParOldGen       total 43520K, used 104K [0x00000007e7000000, 0x00000007e9a80000, 0x00000007f7a80000)
  object space 43520K, 0% used [0x00000007e7000000,0x00000007e701a010,0x00000007e9a80000)
 PSPermGen       total 21504K, used 6487K [0x00000007e1e00000, 0x00000007e3300000, 0x00000007e7000000)
  object space 21504K, 30% used [0x00000007e1e00000,0x00000007e2455e28,0x00000007e3300000)
Event: 25.019 GC heap after
Heap after GC invocations=7 (full 0):
 PSYoungGen      total 19456K, used 951K [0x00000007f7a80000, 0x00000007fa080000, 0x0000000800000000)
  eden space 16896K, 0% used [0x00000007f7a80000,0x00000007f7a80000,0x00000007f8b00000)
  from space 2560K, 37% used [0x00000007f8b00000,0x00000007f8bedc98,0x00000007f8d80000)
  to   space 2560K, 0% used [0x00000007f9e00000,0x00000007f9e00000,0x00000007fa080000)
 ParOldGen       total 43520K, used 740K [0x00000007e7000000, 0x00000007e9a80000, 0x00000007f7a80000)
  object space 43520K, 1% used [0x00000007e7000000,0x00000007e70b9090,0x00000007e9a80000)
 PSPermGen       total 21504K, used 6487K [0x00000007e1e00000, 0x00000007e3300000, 0x00000007e7000000)
  object space 21504K, 30% used [0x00000007e1e00000,0x00000007e2455e28,0x00000007e3300000)
}
Event: 25.120 GC heap before
{Heap before GC invocations=8 (full 0):
 PSYoungGen      total 19456K, used 17847K [0x00000007f7a80000, 0x00000007fa080000, 0x0000000800000000)
  eden space 16896K, 100% used [0x00000007f7a80000,0x00000007f8b00000,0x00000007f8b00000)
  from space 2560K, 37% used [0x00000007f8b00000,0x00000007f8bedc98,0x00000007f8d80000)
  to   space 2560K, 0% used [0x00000007f9e00000,0x00000007f9e00000,0x00000007fa080000)
 ParOldGen       total 43520K, used 740K [0x00000007e7000000, 0x00000007e9a80000, 0x00000007f7a80000)
  object space 43520K, 1% used [0x00000007e7000000,0x00000007e70b9090,0x00000007e9a80000)
 PSPermGen       total 21504K, used 6499K [0x00000007e1e00000, 0x00000007e3300000, 0x00000007e7000000)
  object space 21504K, 30% used [0x00000007e1e00000,0x00000007e2458dc0,0x00000007e3300000)
Event: 25.123 GC heap after
Heap after GC invocations=8 (full 0):
 PSYoungGen      total 36352K, used 672K [0x00000007f7a80000, 0x00000007fa080000, 0x0000000800000000)
  eden space 33792K, 0% used [0x00000007f7a80000,0x00000007f7a80000,0x00000007f9b80000)
  from space 2560K, 26% used [0x00000007f9e00000,0x00000007f9ea8000,0x00000007fa080000)
  to   space 2560K, 0% used [0x00000007f9b80000,0x00000007f9b80000,0x00000007f9e00000)
 ParOldGen       total 43520K, used 1035K [0x00000007e7000000, 0x00000007e9a80000, 0x00000007f7a80000)
  object space 43520K, 2% used [0x00000007e7000000,0x00000007e7102d48,0x00000007e9a80000)
 PSPermGen       total 21504K, used 6499K [0x00000007e1e00000, 0x00000007e3300000, 0x00000007e7000000)
  object space 21504K, 30% used [0x00000007e1e00000,0x00000007e2458dc0,0x00000007e3300000)
}

Deoptimization events (10 events):
Event: 21.379 Thread 0x00007f938b807000 Uncommon trap: reason=unreached action=reinterpret pc=0x000000010928e774 method=java.lang.String.equalsIgnoreCase(Ljava/lang/String;)Z @ 10
Event: 21.562 Thread 0x00007f938b807000 Uncommon trap: reason=unreached action=reinterpret pc=0x0000000109280cf4 method=java.lang.ThreadLocal$ThreadLocalMap.getEntry(Ljava/lang/ThreadLocal;)Ljava/lang/ThreadLocal$ThreadLocalMap$Entry; @ 21
Event: 21.574 Thread 0x00007f938b807000 Uncommon trap: reason=null_check action=make_not_entrant pc=0x000000010926b960 method=java.lang.String.equals(Ljava/lang/Object;)Z @ 8
Event: 23.809 Thread 0x00007f938b807000 Uncommon trap: reason=class_check action=maybe_recompile pc=0x00000001092a4a4c method=java.util.HashMap.put(Ljava/lang/Object;Ljava/lang/Object;)Ljava/lang/Object; @ 137
Event: 23.809 Thread 0x00007f938b807000 Uncommon trap: reason=class_check action=maybe_recompile pc=0x00000001092a4a4c method=java.util.HashMap.put(Ljava/lang/Object;Ljava/lang/Object;)Ljava/lang/Object; @ 137
Event: 23.865 Thread 0x00007f938b807000 Uncommon trap: reason=class_check action=maybe_recompile pc=0x00000001092a4a4c method=java.util.HashMap.put(Ljava/lang/Object;Ljava/lang/Object;)Ljava/lang/Object; @ 137
Event: 23.865 Thread 0x00007f938b807000 Uncommon trap: reason=class_check action=maybe_recompile pc=0x00000001092a4a4c method=java.util.HashMap.put(Ljava/lang/Object;Ljava/lang/Object;)Ljava/lang/Object; @ 137
Event: 25.141 Thread 0x00007f938b807000 Uncommon trap: reason=unreached action=reinterpret pc=0x00000001092f1b54 method=java.net.URLStreamHandler.sameFile(Ljava/net/URL;Ljava/net/URL;)Z @ 8
Event: 25.142 Thread 0x00007f938b807000 Uncommon trap: reason=unreached action=reinterpret pc=0x00000001092ea688 method=java.net.URLStreamHandler.sameFile(Ljava/net/URL;Ljava/net/URL;)Z @ 8
Event: 28.626 Thread 0x00007f938b807000 Uncommon trap: reason=unreached action=reinterpret pc=0x0000000109280508 method=java.lang.ThreadLocal$ThreadLocalMap.getEntry(Ljava/lang/ThreadLocal;)Ljava/lang/ThreadLocal$ThreadLocalMap$Entry; @ 21

Internal exceptions (10 events):
Event: 28.728 Thread 0x00007f938b807000 Threw 0x00000007f8c1b6d0 at /HUDSON/workspace/7u-2-build-macosx-x86_64/jdk7u71/1605/hotspot/src/share/vm/prims/jvm.cpp:1281
Event: 28.729 Thread 0x00007f938b807000 Threw 0x00000007f8c1d8e8 at /HUDSON/workspace/7u-2-build-macosx-x86_64/jdk7u71/1605/hotspot/src/share/vm/prims/jvm.cpp:1281
Event: 28.735 Thread 0x00007f938b807000 Threw 0x00000007f8cd6728 at /HUDSON/workspace/7u-2-build-macosx-x86_64/jdk7u71/1605/hotspot/src/share/vm/prims/jvm.cpp:1281
Event: 28.736 Thread 0x00007f938b807000 Threw 0x00000007f8cd8940 at /HUDSON/workspace/7u-2-build-macosx-x86_64/jdk7u71/1605/hotspot/src/share/vm/prims/jvm.cpp:1281
Event: 28.750 Thread 0x00007f938b807000 Threw 0x00000007f8d916c0 at /HUDSON/workspace/7u-2-build-macosx-x86_64/jdk7u71/1605/hotspot/src/share/vm/prims/jvm.cpp:1281
Event: 28.750 Thread 0x00007f938b807000 Threw 0x00000007f8d938d8 at /HUDSON/workspace/7u-2-build-macosx-x86_64/jdk7u71/1605/hotspot/src/share/vm/prims/jvm.cpp:1281
Event: 28.756 Thread 0x00007f938b807000 Threw 0x00000007f8e4c608 at /HUDSON/workspace/7u-2-build-macosx-x86_64/jdk7u71/1605/hotspot/src/share/vm/prims/jvm.cpp:1281
Event: 28.756 Thread 0x00007f938b807000 Threw 0x00000007f8e4e820 at /HUDSON/workspace/7u-2-build-macosx-x86_64/jdk7u71/1605/hotspot/src/share/vm/prims/jvm.cpp:1281
Event: 28.763 Thread 0x00007f938b807000 Threw 0x00000007f8f09b58 at /HUDSON/workspace/7u-2-build-macosx-x86_64/jdk7u71/1605/hotspot/src/share/vm/prims/jvm.cpp:1281
Event: 28.764 Thread 0x00007f938b807000 Threw 0x00000007f8f0bf90 at /HUDSON/workspace/7u-2-build-macosx-x86_64/jdk7u71/1605/hotspot/src/share/vm/prims/jvm.cpp:1281

Events (10 events):
Event: 28.728 loading class 0x00007f938acbf840
Event: 28.728 loading class 0x00007f938acbf840 done
Event: 28.735 loading class 0x00007f938acbf870
Event: 28.735 loading class 0x00007f938acbf870 done
Event: 28.750 loading class 0x00007f938acbf8a0
Event: 28.750 loading class 0x00007f938acbf8a0 done
Event: 28.756 loading class 0x00007f938acbf8d0
Event: 28.756 loading class 0x00007f938acbf8d0 done
Event: 28.763 loading class 0x00007f938adaa7b0
Event: 28.763 loading class 0x00007f938adaa7b0 done


Dynamic libraries:
0x00000000050a8000 	/System/Library/Frameworks/Cocoa.framework/Versions/A/Cocoa
0x00000000050a8000 	/System/Library/Frameworks/Security.framework/Versions/A/Security
0x00000000050a8000 	/System/Library/Frameworks/ApplicationServices.framework/Versions/A/ApplicationServices
0x00000000050a8000 	/usr/lib/libz.1.dylib
0x00000000050a8000 	/usr/lib/libSystem.B.dylib
0x00000000050a8000 	/usr/lib/libobjc.A.dylib
0x00000000050a8000 	/System/Library/Frameworks/CoreFoundation.framework/Versions/A/CoreFoundation
0x00000000050a8000 	/System/Library/Frameworks/Foundation.framework/Versions/C/Foundation
0x00000000050a8000 	/System/Library/Frameworks/AppKit.framework/Versions/C/AppKit
0x00000000050a8000 	/System/Library/Frameworks/CoreData.framework/Versions/A/CoreData
0x00000000050a8000 	/System/Library/PrivateFrameworks/RemoteViewServices.framework/Versions/A/RemoteViewServices
0x00000000050a8000 	/System/Library/PrivateFrameworks/UIFoundation.framework/Versions/A/UIFoundation
0x00000000050a8000 	/System/Library/Frameworks/IOSurface.framework/Versions/A/IOSurface
0x00000000050a8000 	/System/Library/Frameworks/AudioToolbox.framework/Versions/A/AudioToolbox
0x00000000050a8000 	/System/Library/Frameworks/AudioUnit.framework/Versions/A/AudioUnit
0x00000000050a8000 	/System/Library/PrivateFrameworks/DataDetectorsCore.framework/Versions/A/DataDetectorsCore
0x00000000050a8000 	/System/Library/PrivateFrameworks/DesktopServicesPriv.framework/Versions/A/DesktopServicesPriv
0x00000000050a8000 	/System/Library/Frameworks/Carbon.framework/Versions/A/Frameworks/HIToolbox.framework/Versions/A/HIToolbox
0x00000000050a8000 	/System/Library/Frameworks/QuartzCore.framework/Versions/A/QuartzCore
0x00000000050a8000 	/System/Library/Frameworks/Carbon.framework/Versions/A/Frameworks/SpeechRecognition.framework/Versions/A/SpeechRecognition
0x00000000050a8000 	/usr/lib/libauto.dylib
0x00000000050a8000 	/usr/lib/libicucore.A.dylib
0x00000000050a8000 	/usr/lib/libxml2.2.dylib
0x00000000050a8000 	/System/Library/PrivateFrameworks/CoreUI.framework/Versions/A/CoreUI
0x00000000050a8000 	/System/Library/Frameworks/CoreAudio.framework/Versions/A/CoreAudio
0x00000000050a8000 	/System/Library/Frameworks/DiskArbitration.framework/Versions/A/DiskArbitration
0x00000000050a8000 	/usr/lib/liblangid.dylib
0x00000000050a8000 	/System/Library/PrivateFrameworks/MultitouchSupport.framework/Versions/A/MultitouchSupport
0x00000000050a8000 	/System/Library/Frameworks/IOKit.framework/Versions/A/IOKit
0x00000000050a8000 	/usr/lib/libDiagnosticMessagesClient.dylib
0x00000000050a8000 	/System/Library/Frameworks/CoreServices.framework/Versions/A/CoreServices
0x00000000050a8000 	/System/Library/PrivateFrameworks/PerformanceAnalysis.framework/Versions/A/PerformanceAnalysis
0x00000000050a8000 	/System/Library/PrivateFrameworks/GenerationalStorage.framework/Versions/A/GenerationalStorage
0x00000000050a8000 	/System/Library/Frameworks/OpenGL.framework/Versions/A/OpenGL
0x00000000050a8000 	/System/Library/PrivateFrameworks/Sharing.framework/Versions/A/Sharing
0x00000000050a8000 	/System/Library/Frameworks/CoreGraphics.framework/Versions/A/CoreGraphics
0x00000000050a8000 	/System/Library/Frameworks/CoreText.framework/Versions/A/CoreText
0x00000000050a8000 	/System/Library/Frameworks/ImageIO.framework/Versions/A/ImageIO
0x00000000050a8000 	/usr/lib/libextension.dylib
0x00000000050a8000 	/System/Library/PrivateFrameworks/Backup.framework/Versions/A/Backup
0x00000000050a8000 	/usr/lib/libarchive.2.dylib
0x00000000050a8000 	/System/Library/Frameworks/CFNetwork.framework/Versions/A/CFNetwork
0x00000000050a8000 	/System/Library/Frameworks/SystemConfiguration.framework/Versions/A/SystemConfiguration
0x00000000050a8000 	/usr/lib/libCRFSuite.dylib
0x00000000050a8000 	/usr/lib/libc++.1.dylib
0x00000000050a8000 	/usr/lib/libc++abi.dylib
0x00000000050a8000 	/usr/lib/system/libcache.dylib
0x00000000050a8000 	/usr/lib/system/libcommonCrypto.dylib
0x00000000050a8000 	/usr/lib/system/libcompiler_rt.dylib
0x00000000050a8000 	/usr/lib/system/libcopyfile.dylib
0x00000000050a8000 	/usr/lib/system/libcorecrypto.dylib
0x00000000050a8000 	/usr/lib/system/libdispatch.dylib
0x00000000050a8000 	/usr/lib/system/libdyld.dylib
0x00000000050a8000 	/usr/lib/system/libkeymgr.dylib
0x00000000050a8000 	/usr/lib/system/liblaunch.dylib
0x00000000050a8000 	/usr/lib/system/libmacho.dylib
0x00000000050a8000 	/usr/lib/system/libquarantine.dylib
0x00000000050a8000 	/usr/lib/system/libremovefile.dylib
0x00000000050a8000 	/usr/lib/system/libsystem_asl.dylib
0x00000000050a8000 	/usr/lib/system/libsystem_blocks.dylib
0x00000000050a8000 	/usr/lib/system/libsystem_c.dylib
0x00000000050a8000 	/usr/lib/system/libsystem_configuration.dylib
0x00000000050a8000 	/usr/lib/system/libsystem_coreservices.dylib
0x00000000050a8000 	/usr/lib/system/libsystem_coretls.dylib
0x00000000050a8000 	/usr/lib/system/libsystem_dnssd.dylib
0x00000000050a8000 	/usr/lib/system/libsystem_info.dylib
0x00000000050a8000 	/usr/lib/system/libsystem_kernel.dylib
0x00000000050a8000 	/usr/lib/system/libsystem_m.dylib
0x00000000050a8000 	/usr/lib/system/libsystem_malloc.dylib
0x00000000050a8000 	/usr/lib/system/libsystem_network.dylib
0x00000000050a8000 	/usr/lib/system/libsystem_networkextension.dylib
0x00000000050a8000 	/usr/lib/system/libsystem_notify.dylib
0x00000000050a8000 	/usr/lib/system/libsystem_platform.dylib
0x00000000050a8000 	/usr/lib/system/libsystem_pthread.dylib
0x00000000050a8000 	/usr/lib/system/libsystem_sandbox.dylib
0x00000000050a8000 	/usr/lib/system/libsystem_secinit.dylib
0x00000000050a8000 	/usr/lib/system/libsystem_stats.dylib
0x00000000050a8000 	/usr/lib/system/libsystem_trace.dylib
0x00000000050a8000 	/usr/lib/system/libunc.dylib
0x00000000050a8000 	/usr/lib/system/libunwind.dylib
0x00000000050a8000 	/usr/lib/system/libxpc.dylib
0x00000000050a8000 	/usr/lib/libbz2.1.0.dylib
0x00000000050a8000 	/usr/lib/liblzma.5.dylib
0x00000000050a8000 	/usr/lib/libbsm.0.dylib
0x00000000050a8000 	/usr/lib/libsqlite3.dylib
0x00000000050a8000 	/usr/lib/system/libkxld.dylib
0x00000000050a8000 	/usr/lib/libxar.1.dylib
0x00000000050a8000 	/usr/lib/libpam.2.dylib
0x00000000050a8000 	/usr/lib/libOpenScriptingUtil.dylib
0x00000000050a8000 	/System/Library/Frameworks/CoreServices.framework/Versions/A/Frameworks/FSEvents.framework/Versions/A/FSEvents
0x00000000050a8000 	/System/Library/Frameworks/CoreServices.framework/Versions/A/Frameworks/CarbonCore.framework/Versions/A/CarbonCore
0x00000000050a8000 	/System/Library/Frameworks/CoreServices.framework/Versions/A/Frameworks/Metadata.framework/Versions/A/Metadata
0x00000000050a8000 	/System/Library/Frameworks/CoreServices.framework/Versions/A/Frameworks/OSServices.framework/Versions/A/OSServices
0x00000000050a8000 	/System/Library/Frameworks/CoreServices.framework/Versions/A/Frameworks/SearchKit.framework/Versions/A/SearchKit
0x00000000050a8000 	/System/Library/Frameworks/CoreServices.framework/Versions/A/Frameworks/AE.framework/Versions/A/AE
0x00000000050a8000 	/System/Library/Frameworks/CoreServices.framework/Versions/A/Frameworks/LaunchServices.framework/Versions/A/LaunchServices
0x00000000050a8000 	/System/Library/Frameworks/CoreServices.framework/Versions/A/Frameworks/DictionaryServices.framework/Versions/A/DictionaryServices
0x00000000050a8000 	/System/Library/Frameworks/NetFS.framework/Versions/A/NetFS
0x00000000050a8000 	/System/Library/PrivateFrameworks/NetAuth.framework/Versions/A/NetAuth
0x00000000050a8000 	/System/Library/PrivateFrameworks/login.framework/Versions/A/Frameworks/loginsupport.framework/Versions/A/loginsupport
0x00000000050a8000 	/System/Library/PrivateFrameworks/TCC.framework/Versions/A/TCC
0x00000000050a8000 	/usr/lib/libmecabra.dylib
0x00000000050a8000 	/System/Library/Frameworks/ApplicationServices.framework/Versions/A/Frameworks/ATS.framework/Versions/A/ATS
0x00000000050a8000 	/System/Library/Frameworks/ApplicationServices.framework/Versions/A/Frameworks/ColorSync.framework/Versions/A/ColorSync
0x00000000050a8000 	/System/Library/Frameworks/ApplicationServices.framework/Versions/A/Frameworks/HIServices.framework/Versions/A/HIServices
0x00000000050a8000 	/System/Library/Frameworks/ApplicationServices.framework/Versions/A/Frameworks/LangAnalysis.framework/Versions/A/LangAnalysis
0x00000000050a8000 	/System/Library/Frameworks/ApplicationServices.framework/Versions/A/Frameworks/PrintCore.framework/Versions/A/PrintCore
0x00000000050a8000 	/System/Library/Frameworks/ApplicationServices.framework/Versions/A/Frameworks/QD.framework/Versions/A/QD
0x00000000050a8000 	/System/Library/Frameworks/ApplicationServices.framework/Versions/A/Frameworks/SpeechSynthesis.framework/Versions/A/SpeechSynthesis
0x00000000050a8000 	/System/Library/Frameworks/Accelerate.framework/Versions/A/Accelerate
0x00000000050a8000 	/System/Library/Frameworks/Accelerate.framework/Versions/A/Frameworks/vImage.framework/Versions/A/vImage
0x00000000050a8000 	/System/Library/Frameworks/Accelerate.framework/Versions/A/Frameworks/vecLib.framework/Versions/A/vecLib
0x00000000050a8000 	/System/Library/Frameworks/Accelerate.framework/Versions/A/Frameworks/vecLib.framework/Versions/A/libvDSP.dylib
0x00000000050a8000 	/System/Library/Frameworks/Accelerate.framework/Versions/A/Frameworks/vecLib.framework/Versions/A/libvMisc.dylib
0x00000000050a8000 	/System/Library/Frameworks/Accelerate.framework/Versions/A/Frameworks/vecLib.framework/Versions/A/libLAPACK.dylib
0x00000000050a8000 	/System/Library/Frameworks/Accelerate.framework/Versions/A/Frameworks/vecLib.framework/Versions/A/libBLAS.dylib
0x00000000050a8000 	/System/Library/Frameworks/Accelerate.framework/Versions/A/Frameworks/vecLib.framework/Versions/A/libLinearAlgebra.dylib
0x00000000050a8000 	/System/Library/Frameworks/ApplicationServices.framework/Versions/A/Frameworks/ATS.framework/Versions/A/Resources/libFontParser.dylib
0x00000000050a8000 	/System/Library/Frameworks/ApplicationServices.framework/Versions/A/Frameworks/ATS.framework/Versions/A/Resources/libFontRegistry.dylib
0x00000000050a8000 	/System/Library/PrivateFrameworks/AppleVPA.framework/Versions/A/AppleVPA
0x00000000050a8000 	/System/Library/PrivateFrameworks/AppleJPEG.framework/Versions/A/AppleJPEG
0x00000000050a8000 	/System/Library/Frameworks/ImageIO.framework/Versions/A/Resources/libJPEG.dylib
0x00000000050a8000 	/System/Library/Frameworks/ImageIO.framework/Versions/A/Resources/libTIFF.dylib
0x00000000050a8000 	/System/Library/Frameworks/ImageIO.framework/Versions/A/Resources/libPng.dylib
0x00000000050a8000 	/System/Library/Frameworks/ImageIO.framework/Versions/A/Resources/libGIF.dylib
0x00000000050a8000 	/System/Library/Frameworks/ImageIO.framework/Versions/A/Resources/libJP2.dylib
0x00000000050a8000 	/System/Library/Frameworks/ImageIO.framework/Versions/A/Resources/libRadiance.dylib
0x00000000050a8000 	/System/Library/Frameworks/CoreVideo.framework/Versions/A/CoreVideo
0x00000000050a8000 	/System/Library/Frameworks/OpenGL.framework/Versions/A/Libraries/libGLU.dylib
0x00000000050a8000 	/System/Library/Frameworks/OpenGL.framework/Versions/A/Libraries/libGFXShared.dylib
0x00000000050a8000 	/System/Library/Frameworks/OpenGL.framework/Versions/A/Libraries/libGL.dylib
0x00000000050a8000 	/System/Library/Frameworks/OpenGL.framework/Versions/A/Libraries/libGLImage.dylib
0x00000000050a8000 	/System/Library/Frameworks/OpenGL.framework/Versions/A/Libraries/libCVMSPluginSupport.dylib
0x00000000050a8000 	/System/Library/Frameworks/OpenGL.framework/Versions/A/Libraries/libCoreVMClient.dylib
0x00000000050a8000 	/usr/lib/libcups.2.dylib
0x00000000050a8000 	/System/Library/Frameworks/Kerberos.framework/Versions/A/Kerberos
0x00000000050a8000 	/System/Library/Frameworks/GSS.framework/Versions/A/GSS
0x00000000050a8000 	/usr/lib/libresolv.9.dylib
0x00000000050a8000 	/usr/lib/libiconv.2.dylib
0x00000000050a8000 	/System/Library/PrivateFrameworks/Heimdal.framework/Versions/A/Heimdal
0x00000000050a8000 	/usr/lib/libheimdal-asn1.dylib
0x00000000050a8000 	/System/Library/Frameworks/OpenDirectory.framework/Versions/A/OpenDirectory
0x00000000050a8000 	/System/Library/PrivateFrameworks/CommonAuth.framework/Versions/A/CommonAuth
0x00000000050a8000 	/System/Library/Frameworks/OpenDirectory.framework/Versions/A/Frameworks/CFOpenDirectory.framework/Versions/A/CFOpenDirectory
0x00000000050a8000 	/System/Library/Frameworks/SecurityFoundation.framework/Versions/A/SecurityFoundation
0x00000000050a8000 	/System/Library/PrivateFrameworks/LanguageModeling.framework/Versions/A/LanguageModeling
0x00000000050a8000 	/usr/lib/libcmph.dylib
0x00000000050a8000 	/System/Library/Frameworks/ServiceManagement.framework/Versions/A/ServiceManagement
0x00000000050a8000 	/usr/lib/libxslt.1.dylib
0x00000000050a8000 	/System/Library/Frameworks/Carbon.framework/Versions/A/Frameworks/Ink.framework/Versions/A/Ink
0x00000000050a8000 	/System/Library/Frameworks/QuartzCore.framework/Versions/A/Frameworks/CoreImage.framework/Versions/A/CoreImage
0x00000000050a8000 	/System/Library/PrivateFrameworks/CrashReporterSupport.framework/Versions/A/CrashReporterSupport
0x00000000050a8000 	/System/Library/Frameworks/OpenCL.framework/Versions/A/OpenCL
0x00000000050a8000 	/System/Library/PrivateFrameworks/FaceCore.framework/Versions/A/FaceCore
0x00000000050a8000 	/System/Library/PrivateFrameworks/Ubiquity.framework/Versions/A/Ubiquity
0x00000000050a8000 	/System/Library/PrivateFrameworks/IconServices.framework/Versions/A/IconServices
0x00000000050a8000 	/System/Library/PrivateFrameworks/ChunkingLibrary.framework/Versions/A/ChunkingLibrary
0x00000000050a8000 	/System/Library/PrivateFrameworks/Apple80211.framework/Versions/A/Apple80211
0x00000000050a8000 	/System/Library/Frameworks/CoreWLAN.framework/Versions/A/CoreWLAN
0x00000000050a8000 	/System/Library/Frameworks/IOBluetooth.framework/Versions/A/IOBluetooth
0x00000000050a8000 	/System/Library/PrivateFrameworks/CoreWiFi.framework/Versions/A/CoreWiFi
0x00000000050a8000 	/System/Library/Frameworks/CoreBluetooth.framework/Versions/A/CoreBluetooth
0x00000000050a8000 	/System/Library/PrivateFrameworks/DebugSymbols.framework/Versions/A/DebugSymbols
0x00000000050a8000 	/System/Library/PrivateFrameworks/CoreSymbolication.framework/Versions/A/CoreSymbolication
0x00000000050a8000 	/System/Library/PrivateFrameworks/Symbolication.framework/Versions/A/Symbolication
0x00000000050a8000 	/System/Library/PrivateFrameworks/SpeechRecognitionCore.framework/Versions/A/SpeechRecognitionCore
0x000000010790a000 	/Library/Java/JavaVirtualMachines/jdk1.7.0_71.jdk/Contents/Home/jre/lib/server/libjvm.dylib
0x00000000050a8000 	/usr/lib/libstdc++.6.dylib
0x0000000108381000 	/Library/Java/JavaVirtualMachines/jdk1.7.0_71.jdk/Contents/Home/jre/lib/libverify.dylib
0x000000010838e000 	/Library/Java/JavaVirtualMachines/jdk1.7.0_71.jdk/Contents/Home/jre/lib/libjava.dylib
0x00000001083c8000 	/Library/Java/JavaVirtualMachines/jdk1.7.0_71.jdk/Contents/Home/jre/lib/libzip.dylib
0x000000010f7cd000 	/System/Library/Frameworks/JavaVM.framework/Frameworks/JavaRuntimeSupport.framework/JavaRuntimeSupport
0x000000010f7e3000 	/System/Library/Frameworks/JavaVM.framework/Versions/A/Frameworks/JavaNativeFoundation.framework/Versions/A/JavaNativeFoundation
0x000000010f7f7000 	/System/Library/Frameworks/JavaVM.framework/Versions/A/JavaVM
0x00000000050a8000 	/System/Library/Frameworks/Carbon.framework/Versions/A/Carbon
0x000000010f803000 	/System/Library/PrivateFrameworks/JavaLaunching.framework/Versions/A/JavaLaunching
0x00000000050a8000 	/System/Library/Frameworks/Carbon.framework/Versions/A/Frameworks/CommonPanels.framework/Versions/A/CommonPanels
0x00000000050a8000 	/System/Library/Frameworks/Carbon.framework/Versions/A/Frameworks/Help.framework/Versions/A/Help
0x00000000050a8000 	/System/Library/Frameworks/Carbon.framework/Versions/A/Frameworks/ImageCapture.framework/Versions/A/ImageCapture
0x00000000050a8000 	/System/Library/Frameworks/Carbon.framework/Versions/A/Frameworks/OpenScripting.framework/Versions/A/OpenScripting
0x00000000050a8000 	/System/Library/Frameworks/Carbon.framework/Versions/A/Frameworks/Print.framework/Versions/A/Print
0x00000000050a8000 	/System/Library/Frameworks/Carbon.framework/Versions/A/Frameworks/SecurityHI.framework/Versions/A/SecurityHI
0x00000001127be000 	/Library/Java/JavaVirtualMachines/jdk1.7.0_71.jdk/Contents/Home/jre/lib/libnio.dylib
0x00000001127cd000 	/Library/Java/JavaVirtualMachines/jdk1.7.0_71.jdk/Contents/Home/jre/lib/./libnet.dylib
0x0000000112d39000 	/Library/Java/JavaVirtualMachines/jdk1.7.0_71.jdk/Contents/Home/jre/lib/libawt.dylib
0x0000000112de8000 	/Library/Java/JavaVirtualMachines/jdk1.7.0_71.jdk/Contents/Home/jre/lib/./libmlib_image.dylib
0x0000000112eb4000 	/Library/Java/JavaVirtualMachines/jdk1.7.0_71.jdk/Contents/Home/jre/lib/lwawt/liblwawt.dylib
0x0000000112f68000 	/Library/Java/JavaVirtualMachines/jdk1.7.0_71.jdk/Contents/Home/jre/lib/libosxapp.dylib
0x00000000050a8000 	/System/Library/Frameworks/ExceptionHandling.framework/Versions/A/ExceptionHandling
0x00000000050a8000 	/System/Library/PrivateFrameworks/CoreServicesInternal.framework/Versions/A/CoreServicesInternal
0x00000000050a8000 	/System/Library/PrivateFrameworks/CloudDocs.framework/Versions/A/CloudDocs
0x00000000050a8000 	/System/Library/PrivateFrameworks/CoreDuet.framework/Versions/A/CoreDuet
0x00000000050a8000 	/System/Library/Frameworks/CloudKit.framework/Versions/A/CloudKit
0x00000000050a8000 	/System/Library/PrivateFrameworks/ProtocolBuffer.framework/Versions/A/ProtocolBuffer
0x00000000050a8000 	/System/Library/PrivateFrameworks/CoreDuetDaemonProtocol.framework/Versions/A/CoreDuetDaemonProtocol
0x00000000050a8000 	/System/Library/PrivateFrameworks/CoreDuetDebugLogging.framework/Versions/A/CoreDuetDebugLogging
0x00000000050a8000 	/System/Library/Frameworks/CoreLocation.framework/Versions/A/CoreLocation
0x00000000050a8000 	/System/Library/Frameworks/Accounts.framework/Versions/A/Accounts
0x00000000050a8000 	/System/Library/PrivateFrameworks/ApplePushService.framework/Versions/A/ApplePushService
0x00000000050a8000 	/System/Library/PrivateFrameworks/GeoServices.framework/Versions/A/GeoServices
0x00000000050a8000 	/System/Library/PrivateFrameworks/OAuth.framework/Versions/A/OAuth
0x00000000050a8000 	/System/Library/PrivateFrameworks/CoreDaemon.framework/Versions/B/CoreDaemon
0x00000000050a8000 	/usr/lib/libcrypto.0.9.8.dylib
0x00000000050a8000 	/System/Library/PrivateFrameworks/AppleSRP.framework/Versions/A/AppleSRP
0x00000000050a8000 	/System/Library/PrivateFrameworks/TrustEvaluationAgent.framework/Versions/A/TrustEvaluationAgent
0x00000000050a8000 	/System/Library/Frameworks/CoreGraphics.framework/Versions/A/Resources/libCGCMS.A.dylib
0x00000000050a8000 	/System/Library/Frameworks/CoreGraphics.framework/Versions/A/Resources/libRIP.A.dylib
0x00000000050a8000 	/System/Library/Frameworks/CoreGraphics.framework/Versions/A/Resources/libCGXType.A.dylib
0x00000000050a8000 	/System/Library/Frameworks/OpenCL.framework/Versions/A/Libraries/libcldcpuengine.dylib
0x00000000050a8000 	/System/Library/PrivateFrameworks/DiskImages.framework/Versions/A/DiskImages
0x00000000050a8000 	/System/Library/Frameworks/DiscRecording.framework/Versions/A/DiscRecording
0x00000000050a8000 	/usr/lib/libcsfde.dylib
0x00000000050a8000 	/usr/lib/libcurl.4.dylib
0x00000000050a8000 	/System/Library/PrivateFrameworks/MediaKit.framework/Versions/A/MediaKit
0x00000000050a8000 	/System/Library/PrivateFrameworks/ProtectedCloudStorage.framework/Versions/A/ProtectedCloudStorage
0x00000000050a8000 	/usr/lib/libCoreStorage.dylib
0x00000000050a8000 	/System/Library/PrivateFrameworks/EFILogin.framework/Versions/A/EFILogin
0x00000000050a8000 	/usr/lib/libutil.dylib
0x00000000050a8000 	/System/Library/PrivateFrameworks/FindMyDevice.framework/Versions/A/FindMyDevice
0x00000000050a8000 	/System/Library/Frameworks/LDAP.framework/Versions/A/LDAP
0x00000000050a8000 	/usr/lib/libsasl2.2.dylib
0x0000000116562000 	cl_kernels
0x0000000116564000 	/System/Library/Frameworks/OpenCL.framework/Versions/A/Libraries/ImageFormats/unorm8_bgra.dylib
0x0000000116553000 	cl_kernels
0x00000000050a8000 	/System/Library/PrivateFrameworks/FamilyControls.framework/Versions/A/FamilyControls
0x00000000050a8000 	/System/Library/PrivateFrameworks/CommerceKit.framework/Versions/A/Frameworks/CommerceCore.framework/Versions/A/CommerceCore
0x00000000050a8000 	/System/Library/PrivateFrameworks/SystemAdministration.framework/Versions/A/SystemAdministration
0x00000000050a8000 	/System/Library/PrivateFrameworks/AppContainer.framework/Versions/A/AppContainer
0x00000000050a8000 	/System/Library/PrivateFrameworks/SecCodeWrapper.framework/Versions/A/SecCodeWrapper
0x00000000050a8000 	/System/Library/Frameworks/DirectoryService.framework/Versions/A/DirectoryService
0x00000000050a8000 	/System/Library/PrivateFrameworks/LoginUIKit.framework/Versions/A/Frameworks/LoginUICore.framework/Versions/A/LoginUICore
0x00000000050a8000 	/usr/lib/libodfde.dylib

VM Arguments:
jvm_args: -Xss10M -Xmx400M -Dfile.encoding=UTF-8 
java_command: repast.simphony.runtime.RepastMain /Volumes/Home/Documents/workspace/creatures/creatures.rs
Launcher Type: SUN_STANDARD

Environment Variables:
PATH=/usr/bin:/bin:/usr/sbin:/sbin
SHELL=/bin/bash
DISPLAY=/private/tmp/com.apple.launchd.XBDxeWemdu/org.macosforge.xquartz:0

Signal Handlers:
SIGSEGV: [libjvm.dylib+0x52c49d], sa_mask[0]=0xfffefeff, sa_flags=0x00000043
SIGBUS: [libjvm.dylib+0x52c49d], sa_mask[0]=0xfffefeff, sa_flags=0x00000042
SIGFPE: [libjvm.dylib+0x41e53a], sa_mask[0]=0xfffefeff, sa_flags=0x00000042
SIGPIPE: [libjvm.dylib+0x41e53a], sa_mask[0]=0xfffefeff, sa_flags=0x00000042
SIGXFSZ: [libjvm.dylib+0x41e53a], sa_mask[0]=0xfffefeff, sa_flags=0x00000042
SIGILL: [libjvm.dylib+0x41e53a], sa_mask[0]=0xfffefeff, sa_flags=0x00000042
SIGUSR1: SIG_DFL, sa_mask[0]=0x00000000, sa_flags=0x00000000
SIGUSR2: [libjvm.dylib+0x41e02c], sa_mask[0]=0x00000004, sa_flags=0x00000042
SIGHUP: [libjvm.dylib+0x41c2bd], sa_mask[0]=0xfffefeff, sa_flags=0x00000042
SIGINT: [libjvm.dylib+0x41c2bd], sa_mask[0]=0xfffefeff, sa_flags=0x00000042
SIGTERM: [libjvm.dylib+0x41c2bd], sa_mask[0]=0xfffefeff, sa_flags=0x00000042
SIGQUIT: [libjvm.dylib+0x41c2bd], sa_mask[0]=0xfffefeff, sa_flags=0x00000042


---------------  S Y S T E M  ---------------

OS:Bsduname:Darwin 14.1.0 Darwin Kernel Version 14.1.0: Mon Dec 22 23:10:38 PST 2014; root:xnu-2782.10.72~2/RELEASE_X86_64 x86_64
rlimit: STACK 8192k, CORE 0k, NPROC 709, NOFILE 10240, AS infinity
load average:2.39 2.62 2.66

CPU:total 2 (2 cores per cpu, 1 threads per core) family 6 model 23 stepping 6, cmov, cx8, fxsr, mmx, sse, sse2, sse3, ssse3, sse4.1, tsc

Memory: 4k page, physical 4194304k(1048576k free)

/proc/meminfo:


vm_info: Java HotSpot(TM) 64-Bit Server VM (24.71-b01) for bsd-amd64 JRE (1.7.0_71-b14), built on Sep 26 2014 16:11:44 by "java_re" with gcc 4.2.1 (Based on Apple Inc. build 5658) (LLVM build 2336.11.00)

time: Sun Mar 22 10:58:35 2015
elapsed time: 28 seconds

