2015-03-21 22:19:36,316 - SimpleLog4JLogSystem initialized using logfile 'velocity.log'
2015-03-21 22:19:36,317 - ************************************************************** 
2015-03-21 22:19:36,317 - Starting Jakarta Velocity v1.4
2015-03-21 22:19:36,317 - RuntimeInstance initializing.
2015-03-21 22:19:36,317 - Default Properties File: org/apache/velocity/runtime/defaults/velocity.properties
2015-03-21 22:19:36,317 - Trying to use logger class org.apache.velocity.runtime.log.SimpleLog4JLogSystem
2015-03-21 22:19:36,317 - Using logger class org.apache.velocity.runtime.log.SimpleLog4JLogSystem
2015-03-21 22:19:36,325 - Default ResourceManager initializing. (class org.apache.velocity.runtime.resource.ResourceManagerImpl)
2015-03-21 22:19:36,410 - Resource Loader Instantiated: org.apache.velocity.runtime.resource.loader.ClasspathResourceLoader
2015-03-21 22:19:36,410 - ClasspathResourceLoader : initialization starting.
2015-03-21 22:19:36,410 - ClasspathResourceLoader : initialization complete.
2015-03-21 22:19:36,451 - ResourceCache : initialized. (class org.apache.velocity.runtime.resource.ResourceCacheImpl)
2015-03-21 22:19:36,452 - Default ResourceManager initialization complete.
2015-03-21 22:19:36,472 - Loaded System Directive: org.apache.velocity.runtime.directive.Literal
2015-03-21 22:19:36,477 - Loaded System Directive: org.apache.velocity.runtime.directive.Macro
2015-03-21 22:19:36,591 - Loaded System Directive: org.apache.velocity.runtime.directive.Parse
2015-03-21 22:19:36,656 - Loaded System Directive: org.apache.velocity.runtime.directive.Include
2015-03-21 22:19:36,659 - Loaded System Directive: org.apache.velocity.runtime.directive.Foreach
2015-03-21 22:19:36,837 - Created: 20 parsers.
2015-03-21 22:19:36,850 - Velocimacro : initialization starting.
2015-03-21 22:19:36,850 - Velocimacro : adding VMs from VM library template : VM_global_library.vm
2015-03-21 22:19:36,870 - ResourceManager : unable to find resource 'VM_global_library.vm' in any resource loader.
2015-03-21 22:19:36,870 - Velocimacro : error using  VM library template VM_global_library.vm : org.apache.velocity.exception.ResourceNotFoundException: Unable to find resource 'VM_global_library.vm'
2015-03-21 22:19:36,871 - Velocimacro :  VM library template macro registration complete.
2015-03-21 22:19:36,871 - Velocimacro : allowInline = true : VMs can be defined inline in templates
2015-03-21 22:19:36,871 - Velocimacro : allowInlineToOverride = false : VMs defined inline may NOT replace previous VM definitions
2015-03-21 22:19:36,871 - Velocimacro : allowInlineLocal = false : VMs defined inline will be  global in scope if allowed.
2015-03-21 22:19:36,871 - Velocimacro : messages on  : VM system will output logging messages
2015-03-21 22:19:36,871 - Velocimacro : autoload off  : VM system will not automatically reload global library macros
2015-03-21 22:19:36,871 - Velocimacro : initialization complete.
2015-03-21 22:19:36,871 - Velocity successfully started.
2015-03-21 22:26:22,295 - ResourceManager : found repast/simphony/scenario/Scenario.vt with loader org.apache.velocity.runtime.resource.loader.ClasspathResourceLoader
2015-03-21 22:28:20,700 - SimpleLog4JLogSystem initialized using logfile 'velocity.log'
2015-03-21 22:28:20,717 - ************************************************************** 
2015-03-21 22:28:20,717 - Starting Jakarta Velocity v1.4
2015-03-21 22:28:20,717 - RuntimeInstance initializing.
2015-03-21 22:28:20,717 - Default Properties File: org/apache/velocity/runtime/defaults/velocity.properties
2015-03-21 22:28:20,718 - Trying to use logger class org.apache.velocity.runtime.log.SimpleLog4JLogSystem
2015-03-21 22:28:20,718 - Using logger class org.apache.velocity.runtime.log.SimpleLog4JLogSystem
2015-03-21 22:28:20,725 - Default ResourceManager initializing. (class org.apache.velocity.runtime.resource.ResourceManagerImpl)
2015-03-21 22:28:20,732 - Resource Loader Instantiated: org.apache.velocity.runtime.resource.loader.ClasspathResourceLoader
2015-03-21 22:28:20,732 - ClasspathResourceLoader : initialization starting.
2015-03-21 22:28:20,732 - ClasspathResourceLoader : initialization complete.
2015-03-21 22:28:20,767 - ResourceCache : initialized. (class org.apache.velocity.runtime.resource.ResourceCacheImpl)
2015-03-21 22:28:20,767 - Default ResourceManager initialization complete.
2015-03-21 22:28:20,772 - Loaded System Directive: org.apache.velocity.runtime.directive.Literal
2015-03-21 22:28:20,776 - Loaded System Directive: org.apache.velocity.runtime.directive.Macro
2015-03-21 22:28:20,783 - Loaded System Directive: org.apache.velocity.runtime.directive.Parse
2015-03-21 22:28:20,788 - Loaded System Directive: org.apache.velocity.runtime.directive.Include
2015-03-21 22:28:20,791 - Loaded System Directive: org.apache.velocity.runtime.directive.Foreach
2015-03-21 22:28:20,863 - Created: 20 parsers.
2015-03-21 22:28:20,885 - Velocimacro : initialization starting.
2015-03-21 22:28:20,885 - Velocimacro : adding VMs from VM library template : VM_global_library.vm
2015-03-21 22:28:20,902 - ResourceManager : unable to find resource 'VM_global_library.vm' in any resource loader.
2015-03-21 22:28:20,902 - Velocimacro : error using  VM library template VM_global_library.vm : org.apache.velocity.exception.ResourceNotFoundException: Unable to find resource 'VM_global_library.vm'
2015-03-21 22:28:20,902 - Velocimacro :  VM library template macro registration complete.
2015-03-21 22:28:20,902 - Velocimacro : allowInline = true : VMs can be defined inline in templates
2015-03-21 22:28:20,902 - Velocimacro : allowInlineToOverride = false : VMs defined inline may NOT replace previous VM definitions
2015-03-21 22:28:20,902 - Velocimacro : allowInlineLocal = false : VMs defined inline will be  global in scope if allowed.
2015-03-21 22:28:20,902 - Velocimacro : messages on  : VM system will output logging messages
2015-03-21 22:28:20,902 - Velocimacro : autoload off  : VM system will not automatically reload global library macros
2015-03-21 22:28:20,902 - Velocimacro : initialization complete.
2015-03-21 22:28:20,902 - Velocity successfully started.
2015-03-21 22:32:27,741 - ResourceManager : found repast/simphony/scenario/Scenario.vt with loader org.apache.velocity.runtime.resource.loader.ClasspathResourceLoader
2015-03-21 22:32:44,033 - SimpleLog4JLogSystem initialized using logfile 'velocity.log'
2015-03-21 22:32:44,056 - ************************************************************** 
2015-03-21 22:32:44,056 - Starting Jakarta Velocity v1.4
2015-03-21 22:32:44,056 - RuntimeInstance initializing.
2015-03-21 22:32:44,056 - Default Properties File: org/apache/velocity/runtime/defaults/velocity.properties
2015-03-21 22:32:44,056 - Trying to use logger class org.apache.velocity.runtime.log.SimpleLog4JLogSystem
2015-03-21 22:32:44,056 - Using logger class org.apache.velocity.runtime.log.SimpleLog4JLogSystem
2015-03-21 22:32:44,064 - Default ResourceManager initializing. (class org.apache.velocity.runtime.resource.ResourceManagerImpl)
2015-03-21 22:32:44,071 - Resource Loader Instantiated: org.apache.velocity.runtime.resource.loader.ClasspathResourceLoader
2015-03-21 22:32:44,071 - ClasspathResourceLoader : initialization starting.
2015-03-21 22:32:44,071 - ClasspathResourceLoader : initialization complete.
2015-03-21 22:32:44,076 - ResourceCache : initialized. (class org.apache.velocity.runtime.resource.ResourceCacheImpl)
2015-03-21 22:32:44,076 - Default ResourceManager initialization complete.
2015-03-21 22:32:44,109 - Loaded System Directive: org.apache.velocity.runtime.directive.Literal
2015-03-21 22:32:44,113 - Loaded System Directive: org.apache.velocity.runtime.directive.Macro
2015-03-21 22:32:44,129 - Loaded System Directive: org.apache.velocity.runtime.directive.Parse
2015-03-21 22:32:44,134 - Loaded System Directive: org.apache.velocity.runtime.directive.Include
2015-03-21 22:32:44,138 - Loaded System Directive: org.apache.velocity.runtime.directive.Foreach
2015-03-21 22:32:44,229 - Created: 20 parsers.
2015-03-21 22:32:44,263 - Velocimacro : initialization starting.
2015-03-21 22:32:44,264 - Velocimacro : adding VMs from VM library template : VM_global_library.vm
2015-03-21 22:32:44,270 - ResourceManager : unable to find resource 'VM_global_library.vm' in any resource loader.
2015-03-21 22:32:44,270 - Velocimacro : error using  VM library template VM_global_library.vm : org.apache.velocity.exception.ResourceNotFoundException: Unable to find resource 'VM_global_library.vm'
2015-03-21 22:32:44,270 - Velocimacro :  VM library template macro registration complete.
2015-03-21 22:32:44,270 - Velocimacro : allowInline = true : VMs can be defined inline in templates
2015-03-21 22:32:44,270 - Velocimacro : allowInlineToOverride = false : VMs defined inline may NOT replace previous VM definitions
2015-03-21 22:32:44,270 - Velocimacro : allowInlineLocal = false : VMs defined inline will be  global in scope if allowed.
2015-03-21 22:32:44,271 - Velocimacro : messages on  : VM system will output logging messages
2015-03-21 22:32:44,271 - Velocimacro : autoload off  : VM system will not automatically reload global library macros
2015-03-21 22:32:44,271 - Velocimacro : initialization complete.
2015-03-21 22:32:44,271 - Velocity successfully started.
2015-03-21 22:32:45,176 - SimpleLog4JLogSystem initialized using logfile 'velocity.log'
2015-03-21 22:32:45,177 - ************************************************************** 
2015-03-21 22:32:45,177 - Starting Jakarta Velocity v1.4
2015-03-21 22:32:45,177 - RuntimeInstance initializing.
2015-03-21 22:32:45,177 - Default Properties File: org/apache/velocity/runtime/defaults/velocity.properties
2015-03-21 22:32:45,177 - Trying to use logger class org.apache.velocity.runtime.log.SimpleLog4JLogSystem
2015-03-21 22:32:45,177 - Using logger class org.apache.velocity.runtime.log.SimpleLog4JLogSystem
2015-03-21 22:32:45,250 - Default ResourceManager initializing. (class org.apache.velocity.runtime.resource.ResourceManagerImpl)
2015-03-21 22:32:45,282 - Resource Loader Instantiated: org.apache.velocity.runtime.resource.loader.ClasspathResourceLoader
2015-03-21 22:32:45,282 - ClasspathResourceLoader : initialization starting.
2015-03-21 22:32:45,282 - ClasspathResourceLoader : initialization complete.
2015-03-21 22:32:45,302 - ResourceCache : initialized. (class org.apache.velocity.runtime.resource.ResourceCacheImpl)
2015-03-21 22:32:45,303 - Default ResourceManager initialization complete.
2015-03-21 22:32:45,307 - Loaded System Directive: org.apache.velocity.runtime.directive.Literal
2015-03-21 22:32:45,343 - Loaded System Directive: org.apache.velocity.runtime.directive.Macro
2015-03-21 22:32:45,350 - Loaded System Directive: org.apache.velocity.runtime.directive.Parse
2015-03-21 22:32:45,355 - Loaded System Directive: org.apache.velocity.runtime.directive.Include
2015-03-21 22:32:45,357 - Loaded System Directive: org.apache.velocity.runtime.directive.Foreach
2015-03-21 22:32:45,418 - Created: 20 parsers.
2015-03-21 22:32:45,440 - Velocimacro : initialization starting.
2015-03-21 22:32:45,440 - Velocimacro : adding VMs from VM library template : VM_global_library.vm
2015-03-21 22:32:45,446 - ResourceManager : unable to find resource 'VM_global_library.vm' in any resource loader.
2015-03-21 22:32:45,446 - Velocimacro : error using  VM library template VM_global_library.vm : org.apache.velocity.exception.ResourceNotFoundException: Unable to find resource 'VM_global_library.vm'
2015-03-21 22:32:45,446 - Velocimacro :  VM library template macro registration complete.
2015-03-21 22:32:45,446 - Velocimacro : allowInline = true : VMs can be defined inline in templates
2015-03-21 22:32:45,446 - Velocimacro : allowInlineToOverride = false : VMs defined inline may NOT replace previous VM definitions
2015-03-21 22:32:45,446 - Velocimacro : allowInlineLocal = false : VMs defined inline will be  global in scope if allowed.
2015-03-21 22:32:45,446 - Velocimacro : messages on  : VM system will output logging messages
2015-03-21 22:32:45,446 - Velocimacro : autoload off  : VM system will not automatically reload global library macros
2015-03-21 22:32:45,446 - Velocimacro : initialization complete.
2015-03-21 22:32:45,446 - Velocity successfully started.
2015-03-21 22:41:19,645 - ResourceManager : found repast/simphony/scenario/Scenario.vt with loader org.apache.velocity.runtime.resource.loader.ClasspathResourceLoader
2015-03-21 22:41:46,097 - SimpleLog4JLogSystem initialized using logfile 'velocity.log'
2015-03-21 22:41:46,098 - ************************************************************** 
2015-03-21 22:41:46,098 - Starting Jakarta Velocity v1.4
2015-03-21 22:41:46,098 - RuntimeInstance initializing.
2015-03-21 22:41:46,098 - Default Properties File: org/apache/velocity/runtime/defaults/velocity.properties
2015-03-21 22:41:46,098 - Trying to use logger class org.apache.velocity.runtime.log.SimpleLog4JLogSystem
2015-03-21 22:41:46,098 - Using logger class org.apache.velocity.runtime.log.SimpleLog4JLogSystem
2015-03-21 22:41:46,105 - Default ResourceManager initializing. (class org.apache.velocity.runtime.resource.ResourceManagerImpl)
2015-03-21 22:41:46,134 - Resource Loader Instantiated: org.apache.velocity.runtime.resource.loader.ClasspathResourceLoader
2015-03-21 22:41:46,134 - ClasspathResourceLoader : initialization starting.
2015-03-21 22:41:46,134 - ClasspathResourceLoader : initialization complete.
2015-03-21 22:41:46,138 - ResourceCache : initialized. (class org.apache.velocity.runtime.resource.ResourceCacheImpl)
2015-03-21 22:41:46,139 - Default ResourceManager initialization complete.
2015-03-21 22:41:46,143 - Loaded System Directive: org.apache.velocity.runtime.directive.Literal
2015-03-21 22:41:46,148 - Loaded System Directive: org.apache.velocity.runtime.directive.Macro
2015-03-21 22:41:46,155 - Loaded System Directive: org.apache.velocity.runtime.directive.Parse
2015-03-21 22:41:46,161 - Loaded System Directive: org.apache.velocity.runtime.directive.Include
2015-03-21 22:41:46,166 - Loaded System Directive: org.apache.velocity.runtime.directive.Foreach
2015-03-21 22:41:46,225 - Created: 20 parsers.
2015-03-21 22:41:46,249 - Velocimacro : initialization starting.
2015-03-21 22:41:46,249 - Velocimacro : adding VMs from VM library template : VM_global_library.vm
2015-03-21 22:41:46,273 - ResourceManager : unable to find resource 'VM_global_library.vm' in any resource loader.
2015-03-21 22:41:46,273 - Velocimacro : error using  VM library template VM_global_library.vm : org.apache.velocity.exception.ResourceNotFoundException: Unable to find resource 'VM_global_library.vm'
2015-03-21 22:41:46,273 - Velocimacro :  VM library template macro registration complete.
2015-03-21 22:41:46,273 - Velocimacro : allowInline = true : VMs can be defined inline in templates
2015-03-21 22:41:46,273 - Velocimacro : allowInlineToOverride = false : VMs defined inline may NOT replace previous VM definitions
2015-03-21 22:41:46,273 - Velocimacro : allowInlineLocal = false : VMs defined inline will be  global in scope if allowed.
2015-03-21 22:41:46,273 - Velocimacro : messages on  : VM system will output logging messages
2015-03-21 22:41:46,273 - Velocimacro : autoload off  : VM system will not automatically reload global library macros
2015-03-21 22:41:46,273 - Velocimacro : initialization complete.
2015-03-21 22:41:46,273 - Velocity successfully started.
2015-03-22 10:09:25,933 - SimpleLog4JLogSystem initialized using logfile 'velocity.log'
2015-03-22 10:09:25,945 - ************************************************************** 
2015-03-22 10:09:25,945 - Starting Jakarta Velocity v1.4
2015-03-22 10:09:25,945 - RuntimeInstance initializing.
2015-03-22 10:09:25,945 - Default Properties File: org/apache/velocity/runtime/defaults/velocity.properties
2015-03-22 10:09:25,945 - Trying to use logger class org.apache.velocity.runtime.log.SimpleLog4JLogSystem
2015-03-22 10:09:25,945 - Using logger class org.apache.velocity.runtime.log.SimpleLog4JLogSystem
2015-03-22 10:09:25,956 - Default ResourceManager initializing. (class org.apache.velocity.runtime.resource.ResourceManagerImpl)
2015-03-22 10:09:25,966 - Resource Loader Instantiated: org.apache.velocity.runtime.resource.loader.ClasspathResourceLoader
2015-03-22 10:09:25,966 - ClasspathResourceLoader : initialization starting.
2015-03-22 10:09:25,966 - ClasspathResourceLoader : initialization complete.
2015-03-22 10:09:25,970 - ResourceCache : initialized. (class org.apache.velocity.runtime.resource.ResourceCacheImpl)
2015-03-22 10:09:25,971 - Default ResourceManager initialization complete.
2015-03-22 10:09:25,975 - Loaded System Directive: org.apache.velocity.runtime.directive.Literal
2015-03-22 10:09:25,980 - Loaded System Directive: org.apache.velocity.runtime.directive.Macro
2015-03-22 10:09:25,988 - Loaded System Directive: org.apache.velocity.runtime.directive.Parse
2015-03-22 10:09:25,993 - Loaded System Directive: org.apache.velocity.runtime.directive.Include
2015-03-22 10:09:25,995 - Loaded System Directive: org.apache.velocity.runtime.directive.Foreach
2015-03-22 10:09:26,070 - Created: 20 parsers.
2015-03-22 10:09:26,093 - Velocimacro : initialization starting.
2015-03-22 10:09:26,093 - Velocimacro : adding VMs from VM library template : VM_global_library.vm
2015-03-22 10:09:26,169 - ResourceManager : unable to find resource 'VM_global_library.vm' in any resource loader.
2015-03-22 10:09:26,170 - Velocimacro : error using  VM library template VM_global_library.vm : org.apache.velocity.exception.ResourceNotFoundException: Unable to find resource 'VM_global_library.vm'
2015-03-22 10:09:26,170 - Velocimacro :  VM library template macro registration complete.
2015-03-22 10:09:26,170 - Velocimacro : allowInline = true : VMs can be defined inline in templates
2015-03-22 10:09:26,170 - Velocimacro : allowInlineToOverride = false : VMs defined inline may NOT replace previous VM definitions
2015-03-22 10:09:26,170 - Velocimacro : allowInlineLocal = false : VMs defined inline will be  global in scope if allowed.
2015-03-22 10:09:26,170 - Velocimacro : messages on  : VM system will output logging messages
2015-03-22 10:09:26,170 - Velocimacro : autoload off  : VM system will not automatically reload global library macros
2015-03-22 10:09:26,170 - Velocimacro : initialization complete.
2015-03-22 10:09:26,170 - Velocity successfully started.
2015-03-22 10:10:28,589 - SimpleLog4JLogSystem initialized using logfile 'velocity.log'
2015-03-22 10:10:28,605 - ************************************************************** 
2015-03-22 10:10:28,605 - Starting Jakarta Velocity v1.4
2015-03-22 10:10:28,605 - RuntimeInstance initializing.
2015-03-22 10:10:28,606 - Default Properties File: org/apache/velocity/runtime/defaults/velocity.properties
2015-03-22 10:10:28,606 - Trying to use logger class org.apache.velocity.runtime.log.SimpleLog4JLogSystem
2015-03-22 10:10:28,606 - Using logger class org.apache.velocity.runtime.log.SimpleLog4JLogSystem
2015-03-22 10:10:28,613 - Default ResourceManager initializing. (class org.apache.velocity.runtime.resource.ResourceManagerImpl)
2015-03-22 10:10:28,622 - Resource Loader Instantiated: org.apache.velocity.runtime.resource.loader.ClasspathResourceLoader
2015-03-22 10:10:28,622 - ClasspathResourceLoader : initialization starting.
2015-03-22 10:10:28,622 - ClasspathResourceLoader : initialization complete.
2015-03-22 10:10:28,627 - ResourceCache : initialized. (class org.apache.velocity.runtime.resource.ResourceCacheImpl)
2015-03-22 10:10:28,627 - Default ResourceManager initialization complete.
2015-03-22 10:10:28,632 - Loaded System Directive: org.apache.velocity.runtime.directive.Literal
2015-03-22 10:10:28,637 - Loaded System Directive: org.apache.velocity.runtime.directive.Macro
2015-03-22 10:10:28,644 - Loaded System Directive: org.apache.velocity.runtime.directive.Parse
2015-03-22 10:10:28,648 - Loaded System Directive: org.apache.velocity.runtime.directive.Include
2015-03-22 10:10:28,651 - Loaded System Directive: org.apache.velocity.runtime.directive.Foreach
2015-03-22 10:10:28,715 - Created: 20 parsers.
2015-03-22 10:10:28,724 - Velocimacro : initialization starting.
2015-03-22 10:10:28,724 - Velocimacro : adding VMs from VM library template : VM_global_library.vm
2015-03-22 10:10:28,730 - ResourceManager : unable to find resource 'VM_global_library.vm' in any resource loader.
2015-03-22 10:10:28,730 - Velocimacro : error using  VM library template VM_global_library.vm : org.apache.velocity.exception.ResourceNotFoundException: Unable to find resource 'VM_global_library.vm'
2015-03-22 10:10:28,730 - Velocimacro :  VM library template macro registration complete.
2015-03-22 10:10:28,730 - Velocimacro : allowInline = true : VMs can be defined inline in templates
2015-03-22 10:10:28,730 - Velocimacro : allowInlineToOverride = false : VMs defined inline may NOT replace previous VM definitions
2015-03-22 10:10:28,730 - Velocimacro : allowInlineLocal = false : VMs defined inline will be  global in scope if allowed.
2015-03-22 10:10:28,730 - Velocimacro : messages on  : VM system will output logging messages
2015-03-22 10:10:28,730 - Velocimacro : autoload off  : VM system will not automatically reload global library macros
2015-03-22 10:10:28,730 - Velocimacro : initialization complete.
2015-03-22 10:10:28,730 - Velocity successfully started.
2015-03-22 10:21:39,068 - SimpleLog4JLogSystem initialized using logfile 'velocity.log'
2015-03-22 10:21:39,086 - ************************************************************** 
2015-03-22 10:21:39,086 - Starting Jakarta Velocity v1.4
2015-03-22 10:21:39,086 - RuntimeInstance initializing.
2015-03-22 10:21:39,086 - Default Properties File: org/apache/velocity/runtime/defaults/velocity.properties
2015-03-22 10:21:39,086 - Trying to use logger class org.apache.velocity.runtime.log.SimpleLog4JLogSystem
2015-03-22 10:21:39,086 - Using logger class org.apache.velocity.runtime.log.SimpleLog4JLogSystem
2015-03-22 10:21:39,097 - Default ResourceManager initializing. (class org.apache.velocity.runtime.resource.ResourceManagerImpl)
2015-03-22 10:21:39,105 - Resource Loader Instantiated: org.apache.velocity.runtime.resource.loader.ClasspathResourceLoader
2015-03-22 10:21:39,105 - ClasspathResourceLoader : initialization starting.
2015-03-22 10:21:39,105 - ClasspathResourceLoader : initialization complete.
2015-03-22 10:21:39,113 - ResourceCache : initialized. (class org.apache.velocity.runtime.resource.ResourceCacheImpl)
2015-03-22 10:21:39,113 - Default ResourceManager initialization complete.
2015-03-22 10:21:39,161 - Loaded System Directive: org.apache.velocity.runtime.directive.Literal
2015-03-22 10:21:39,166 - Loaded System Directive: org.apache.velocity.runtime.directive.Macro
2015-03-22 10:21:39,187 - Loaded System Directive: org.apache.velocity.runtime.directive.Parse
2015-03-22 10:21:39,211 - Loaded System Directive: org.apache.velocity.runtime.directive.Include
2015-03-22 10:21:39,217 - Loaded System Directive: org.apache.velocity.runtime.directive.Foreach
2015-03-22 10:21:39,505 - Created: 20 parsers.
2015-03-22 10:21:39,517 - Velocimacro : initialization starting.
2015-03-22 10:21:39,517 - Velocimacro : adding VMs from VM library template : VM_global_library.vm
2015-03-22 10:21:39,592 - ResourceManager : unable to find resource 'VM_global_library.vm' in any resource loader.
2015-03-22 10:21:39,592 - Velocimacro : error using  VM library template VM_global_library.vm : org.apache.velocity.exception.ResourceNotFoundException: Unable to find resource 'VM_global_library.vm'
2015-03-22 10:21:39,592 - Velocimacro :  VM library template macro registration complete.
2015-03-22 10:21:39,592 - Velocimacro : allowInline = true : VMs can be defined inline in templates
2015-03-22 10:21:39,592 - Velocimacro : allowInlineToOverride = false : VMs defined inline may NOT replace previous VM definitions
2015-03-22 10:21:39,592 - Velocimacro : allowInlineLocal = false : VMs defined inline will be  global in scope if allowed.
2015-03-22 10:21:39,592 - Velocimacro : messages on  : VM system will output logging messages
2015-03-22 10:21:39,592 - Velocimacro : autoload off  : VM system will not automatically reload global library macros
2015-03-22 10:21:39,592 - Velocimacro : initialization complete.
2015-03-22 10:21:39,593 - Velocity successfully started.
2015-03-22 10:36:26,606 - SimpleLog4JLogSystem initialized using logfile 'velocity.log'
2015-03-22 10:36:26,643 - ************************************************************** 
2015-03-22 10:36:26,644 - Starting Jakarta Velocity v1.4
2015-03-22 10:36:26,644 - RuntimeInstance initializing.
2015-03-22 10:36:26,645 - Default Properties File: org/apache/velocity/runtime/defaults/velocity.properties
2015-03-22 10:36:26,645 - Trying to use logger class org.apache.velocity.runtime.log.SimpleLog4JLogSystem
2015-03-22 10:36:26,645 - Using logger class org.apache.velocity.runtime.log.SimpleLog4JLogSystem
2015-03-22 10:36:26,653 - Default ResourceManager initializing. (class org.apache.velocity.runtime.resource.ResourceManagerImpl)
2015-03-22 10:36:26,662 - Resource Loader Instantiated: org.apache.velocity.runtime.resource.loader.ClasspathResourceLoader
2015-03-22 10:36:26,662 - ClasspathResourceLoader : initialization starting.
2015-03-22 10:36:26,662 - ClasspathResourceLoader : initialization complete.
2015-03-22 10:36:26,670 - ResourceCache : initialized. (class org.apache.velocity.runtime.resource.ResourceCacheImpl)
2015-03-22 10:36:26,670 - Default ResourceManager initialization complete.
2015-03-22 10:36:26,675 - Loaded System Directive: org.apache.velocity.runtime.directive.Literal
2015-03-22 10:36:26,682 - Loaded System Directive: org.apache.velocity.runtime.directive.Macro
2015-03-22 10:36:26,691 - Loaded System Directive: org.apache.velocity.runtime.directive.Parse
2015-03-22 10:36:26,704 - Loaded System Directive: org.apache.velocity.runtime.directive.Include
2015-03-22 10:36:26,722 - Loaded System Directive: org.apache.velocity.runtime.directive.Foreach
2015-03-22 10:36:26,956 - Created: 20 parsers.
2015-03-22 10:36:27,021 - Velocimacro : initialization starting.
2015-03-22 10:36:27,021 - Velocimacro : adding VMs from VM library template : VM_global_library.vm
2015-03-22 10:36:27,065 - ResourceManager : unable to find resource 'VM_global_library.vm' in any resource loader.
2015-03-22 10:36:27,065 - Velocimacro : error using  VM library template VM_global_library.vm : org.apache.velocity.exception.ResourceNotFoundException: Unable to find resource 'VM_global_library.vm'
2015-03-22 10:36:27,065 - Velocimacro :  VM library template macro registration complete.
2015-03-22 10:36:27,065 - Velocimacro : allowInline = true : VMs can be defined inline in templates
2015-03-22 10:36:27,066 - Velocimacro : allowInlineToOverride = false : VMs defined inline may NOT replace previous VM definitions
2015-03-22 10:36:27,066 - Velocimacro : allowInlineLocal = false : VMs defined inline will be  global in scope if allowed.
2015-03-22 10:36:27,066 - Velocimacro : messages on  : VM system will output logging messages
2015-03-22 10:36:27,066 - Velocimacro : autoload off  : VM system will not automatically reload global library macros
2015-03-22 10:36:27,066 - Velocimacro : initialization complete.
2015-03-22 10:36:27,066 - Velocity successfully started.
2015-03-22 10:40:37,176 - SimpleLog4JLogSystem initialized using logfile 'velocity.log'
2015-03-22 10:40:37,214 - ************************************************************** 
2015-03-22 10:40:37,214 - Starting Jakarta Velocity v1.4
2015-03-22 10:40:37,214 - RuntimeInstance initializing.
2015-03-22 10:40:37,214 - Default Properties File: org/apache/velocity/runtime/defaults/velocity.properties
2015-03-22 10:40:37,214 - Trying to use logger class org.apache.velocity.runtime.log.SimpleLog4JLogSystem
2015-03-22 10:40:37,214 - Using logger class org.apache.velocity.runtime.log.SimpleLog4JLogSystem
2015-03-22 10:40:37,224 - Default ResourceManager initializing. (class org.apache.velocity.runtime.resource.ResourceManagerImpl)
2015-03-22 10:40:37,259 - Resource Loader Instantiated: org.apache.velocity.runtime.resource.loader.ClasspathResourceLoader
2015-03-22 10:40:37,259 - ClasspathResourceLoader : initialization starting.
2015-03-22 10:40:37,259 - ClasspathResourceLoader : initialization complete.
2015-03-22 10:40:37,265 - ResourceCache : initialized. (class org.apache.velocity.runtime.resource.ResourceCacheImpl)
2015-03-22 10:40:37,265 - Default ResourceManager initialization complete.
2015-03-22 10:40:37,289 - Loaded System Directive: org.apache.velocity.runtime.directive.Literal
2015-03-22 10:40:37,318 - Loaded System Directive: org.apache.velocity.runtime.directive.Macro
2015-03-22 10:40:37,331 - Loaded System Directive: org.apache.velocity.runtime.directive.Parse
2015-03-22 10:40:37,341 - Loaded System Directive: org.apache.velocity.runtime.directive.Include
2015-03-22 10:40:37,344 - Loaded System Directive: org.apache.velocity.runtime.directive.Foreach
2015-03-22 10:40:37,621 - Created: 20 parsers.
2015-03-22 10:40:37,635 - Velocimacro : initialization starting.
2015-03-22 10:40:37,635 - Velocimacro : adding VMs from VM library template : VM_global_library.vm
2015-03-22 10:40:37,654 - ResourceManager : unable to find resource 'VM_global_library.vm' in any resource loader.
2015-03-22 10:40:37,654 - Velocimacro : error using  VM library template VM_global_library.vm : org.apache.velocity.exception.ResourceNotFoundException: Unable to find resource 'VM_global_library.vm'
2015-03-22 10:40:37,654 - Velocimacro :  VM library template macro registration complete.
2015-03-22 10:40:37,654 - Velocimacro : allowInline = true : VMs can be defined inline in templates
2015-03-22 10:40:37,654 - Velocimacro : allowInlineToOverride = false : VMs defined inline may NOT replace previous VM definitions
2015-03-22 10:40:37,654 - Velocimacro : allowInlineLocal = false : VMs defined inline will be  global in scope if allowed.
2015-03-22 10:40:37,654 - Velocimacro : messages on  : VM system will output logging messages
2015-03-22 10:40:37,654 - Velocimacro : autoload off  : VM system will not automatically reload global library macros
2015-03-22 10:40:37,654 - Velocimacro : initialization complete.
2015-03-22 10:40:37,655 - Velocity successfully started.
2015-03-22 10:41:41,502 - ResourceManager : found repast/simphony/scenario/Scenario.vt with loader org.apache.velocity.runtime.resource.loader.ClasspathResourceLoader
2015-03-22 10:59:34,294 - SimpleLog4JLogSystem initialized using logfile 'velocity.log'
2015-03-22 10:59:34,311 - ************************************************************** 
2015-03-22 10:59:34,311 - Starting Jakarta Velocity v1.4
2015-03-22 10:59:34,311 - RuntimeInstance initializing.
2015-03-22 10:59:34,311 - Default Properties File: org/apache/velocity/runtime/defaults/velocity.properties
2015-03-22 10:59:34,311 - Trying to use logger class org.apache.velocity.runtime.log.SimpleLog4JLogSystem
2015-03-22 10:59:34,311 - Using logger class org.apache.velocity.runtime.log.SimpleLog4JLogSystem
2015-03-22 10:59:34,323 - Default ResourceManager initializing. (class org.apache.velocity.runtime.resource.ResourceManagerImpl)
2015-03-22 10:59:34,351 - Resource Loader Instantiated: org.apache.velocity.runtime.resource.loader.ClasspathResourceLoader
2015-03-22 10:59:34,351 - ClasspathResourceLoader : initialization starting.
2015-03-22 10:59:34,351 - ClasspathResourceLoader : initialization complete.
2015-03-22 10:59:34,357 - ResourceCache : initialized. (class org.apache.velocity.runtime.resource.ResourceCacheImpl)
2015-03-22 10:59:34,372 - Default ResourceManager initialization complete.
2015-03-22 10:59:34,378 - Loaded System Directive: org.apache.velocity.runtime.directive.Literal
2015-03-22 10:59:34,384 - Loaded System Directive: org.apache.velocity.runtime.directive.Macro
2015-03-22 10:59:34,393 - Loaded System Directive: org.apache.velocity.runtime.directive.Parse
2015-03-22 10:59:34,399 - Loaded System Directive: org.apache.velocity.runtime.directive.Include
2015-03-22 10:59:34,402 - Loaded System Directive: org.apache.velocity.runtime.directive.Foreach
2015-03-22 10:59:34,551 - Created: 20 parsers.
2015-03-22 10:59:34,604 - Velocimacro : initialization starting.
2015-03-22 10:59:34,604 - Velocimacro : adding VMs from VM library template : VM_global_library.vm
2015-03-22 10:59:34,636 - ResourceManager : unable to find resource 'VM_global_library.vm' in any resource loader.
2015-03-22 10:59:34,637 - Velocimacro : error using  VM library template VM_global_library.vm : org.apache.velocity.exception.ResourceNotFoundException: Unable to find resource 'VM_global_library.vm'
2015-03-22 10:59:34,637 - Velocimacro :  VM library template macro registration complete.
2015-03-22 10:59:34,637 - Velocimacro : allowInline = true : VMs can be defined inline in templates
2015-03-22 10:59:34,637 - Velocimacro : allowInlineToOverride = false : VMs defined inline may NOT replace previous VM definitions
2015-03-22 10:59:34,637 - Velocimacro : allowInlineLocal = false : VMs defined inline will be  global in scope if allowed.
2015-03-22 10:59:34,637 - Velocimacro : messages on  : VM system will output logging messages
2015-03-22 10:59:34,637 - Velocimacro : autoload off  : VM system will not automatically reload global library macros
2015-03-22 10:59:34,637 - Velocimacro : initialization complete.
2015-03-22 10:59:34,637 - Velocity successfully started.
2015-03-22 11:02:08,003 - SimpleLog4JLogSystem initialized using logfile 'velocity.log'
2015-03-22 11:02:08,018 - ************************************************************** 
2015-03-22 11:02:08,019 - Starting Jakarta Velocity v1.4
2015-03-22 11:02:08,019 - RuntimeInstance initializing.
2015-03-22 11:02:08,019 - Default Properties File: org/apache/velocity/runtime/defaults/velocity.properties
2015-03-22 11:02:08,019 - Trying to use logger class org.apache.velocity.runtime.log.SimpleLog4JLogSystem
2015-03-22 11:02:08,019 - Using logger class org.apache.velocity.runtime.log.SimpleLog4JLogSystem
2015-03-22 11:02:08,033 - Default ResourceManager initializing. (class org.apache.velocity.runtime.resource.ResourceManagerImpl)
2015-03-22 11:02:08,063 - Resource Loader Instantiated: org.apache.velocity.runtime.resource.loader.ClasspathResourceLoader
2015-03-22 11:02:08,063 - ClasspathResourceLoader : initialization starting.
2015-03-22 11:02:08,063 - ClasspathResourceLoader : initialization complete.
2015-03-22 11:02:08,067 - ResourceCache : initialized. (class org.apache.velocity.runtime.resource.ResourceCacheImpl)
2015-03-22 11:02:08,067 - Default ResourceManager initialization complete.
2015-03-22 11:02:08,087 - Loaded System Directive: org.apache.velocity.runtime.directive.Literal
2015-03-22 11:02:08,099 - Loaded System Directive: org.apache.velocity.runtime.directive.Macro
2015-03-22 11:02:08,113 - Loaded System Directive: org.apache.velocity.runtime.directive.Parse
2015-03-22 11:02:08,119 - Loaded System Directive: org.apache.velocity.runtime.directive.Include
2015-03-22 11:02:08,129 - Loaded System Directive: org.apache.velocity.runtime.directive.Foreach
2015-03-22 11:02:08,227 - Created: 20 parsers.
2015-03-22 11:02:08,260 - Velocimacro : initialization starting.
2015-03-22 11:02:08,260 - Velocimacro : adding VMs from VM library template : VM_global_library.vm
2015-03-22 11:02:08,294 - ResourceManager : unable to find resource 'VM_global_library.vm' in any resource loader.
2015-03-22 11:02:08,294 - Velocimacro : error using  VM library template VM_global_library.vm : org.apache.velocity.exception.ResourceNotFoundException: Unable to find resource 'VM_global_library.vm'
2015-03-22 11:02:08,294 - Velocimacro :  VM library template macro registration complete.
2015-03-22 11:02:08,294 - Velocimacro : allowInline = true : VMs can be defined inline in templates
2015-03-22 11:02:08,294 - Velocimacro : allowInlineToOverride = false : VMs defined inline may NOT replace previous VM definitions
2015-03-22 11:02:08,294 - Velocimacro : allowInlineLocal = false : VMs defined inline will be  global in scope if allowed.
2015-03-22 11:02:08,294 - Velocimacro : messages on  : VM system will output logging messages
2015-03-22 11:02:08,294 - Velocimacro : autoload off  : VM system will not automatically reload global library macros
2015-03-22 11:02:08,294 - Velocimacro : initialization complete.
2015-03-22 11:02:08,294 - Velocity successfully started.
2015-03-22 11:03:05,397 - SimpleLog4JLogSystem initialized using logfile 'velocity.log'
2015-03-22 11:03:05,398 - ************************************************************** 
2015-03-22 11:03:05,398 - Starting Jakarta Velocity v1.4
2015-03-22 11:03:05,398 - RuntimeInstance initializing.
2015-03-22 11:03:05,398 - Default Properties File: org/apache/velocity/runtime/defaults/velocity.properties
2015-03-22 11:03:05,398 - Trying to use logger class org.apache.velocity.runtime.log.SimpleLog4JLogSystem
2015-03-22 11:03:05,398 - Using logger class org.apache.velocity.runtime.log.SimpleLog4JLogSystem
2015-03-22 11:03:05,406 - Default ResourceManager initializing. (class org.apache.velocity.runtime.resource.ResourceManagerImpl)
2015-03-22 11:03:05,413 - Resource Loader Instantiated: org.apache.velocity.runtime.resource.loader.ClasspathResourceLoader
2015-03-22 11:03:05,413 - ClasspathResourceLoader : initialization starting.
2015-03-22 11:03:05,413 - ClasspathResourceLoader : initialization complete.
2015-03-22 11:03:05,418 - ResourceCache : initialized. (class org.apache.velocity.runtime.resource.ResourceCacheImpl)
2015-03-22 11:03:05,418 - Default ResourceManager initialization complete.
2015-03-22 11:03:05,423 - Loaded System Directive: org.apache.velocity.runtime.directive.Literal
2015-03-22 11:03:05,428 - Loaded System Directive: org.apache.velocity.runtime.directive.Macro
2015-03-22 11:03:05,454 - Loaded System Directive: org.apache.velocity.runtime.directive.Parse
2015-03-22 11:03:05,462 - Loaded System Directive: org.apache.velocity.runtime.directive.Include
2015-03-22 11:03:05,464 - Loaded System Directive: org.apache.velocity.runtime.directive.Foreach
2015-03-22 11:03:05,523 - Created: 20 parsers.
2015-03-22 11:03:05,546 - Velocimacro : initialization starting.
2015-03-22 11:03:05,546 - Velocimacro : adding VMs from VM library template : VM_global_library.vm
2015-03-22 11:03:05,570 - ResourceManager : unable to find resource 'VM_global_library.vm' in any resource loader.
2015-03-22 11:03:05,570 - Velocimacro : error using  VM library template VM_global_library.vm : org.apache.velocity.exception.ResourceNotFoundException: Unable to find resource 'VM_global_library.vm'
2015-03-22 11:03:05,570 - Velocimacro :  VM library template macro registration complete.
2015-03-22 11:03:05,570 - Velocimacro : allowInline = true : VMs can be defined inline in templates
2015-03-22 11:03:05,570 - Velocimacro : allowInlineToOverride = false : VMs defined inline may NOT replace previous VM definitions
2015-03-22 11:03:05,570 - Velocimacro : allowInlineLocal = false : VMs defined inline will be  global in scope if allowed.
2015-03-22 11:03:05,570 - Velocimacro : messages on  : VM system will output logging messages
2015-03-22 11:03:05,570 - Velocimacro : autoload off  : VM system will not automatically reload global library macros
2015-03-22 11:03:05,571 - Velocimacro : initialization complete.
2015-03-22 11:03:05,571 - Velocity successfully started.
2015-03-22 11:04:49,097 - ResourceManager : found repast/simphony/scenario/Scenario.vt with loader org.apache.velocity.runtime.resource.loader.ClasspathResourceLoader
2015-03-22 11:10:31,919 - SimpleLog4JLogSystem initialized using logfile 'velocity.log'
2015-03-22 11:10:31,934 - ************************************************************** 
2015-03-22 11:10:31,934 - Starting Jakarta Velocity v1.4
2015-03-22 11:10:31,934 - RuntimeInstance initializing.
2015-03-22 11:10:31,934 - Default Properties File: org/apache/velocity/runtime/defaults/velocity.properties
2015-03-22 11:10:31,934 - Trying to use logger class org.apache.velocity.runtime.log.SimpleLog4JLogSystem
2015-03-22 11:10:31,934 - Using logger class org.apache.velocity.runtime.log.SimpleLog4JLogSystem
2015-03-22 11:10:31,942 - Default ResourceManager initializing. (class org.apache.velocity.runtime.resource.ResourceManagerImpl)
2015-03-22 11:10:31,949 - Resource Loader Instantiated: org.apache.velocity.runtime.resource.loader.ClasspathResourceLoader
2015-03-22 11:10:31,949 - ClasspathResourceLoader : initialization starting.
2015-03-22 11:10:31,949 - ClasspathResourceLoader : initialization complete.
2015-03-22 11:10:31,954 - ResourceCache : initialized. (class org.apache.velocity.runtime.resource.ResourceCacheImpl)
2015-03-22 11:10:31,954 - Default ResourceManager initialization complete.
2015-03-22 11:10:31,958 - Loaded System Directive: org.apache.velocity.runtime.directive.Literal
2015-03-22 11:10:31,963 - Loaded System Directive: org.apache.velocity.runtime.directive.Macro
2015-03-22 11:10:31,969 - Loaded System Directive: org.apache.velocity.runtime.directive.Parse
2015-03-22 11:10:31,977 - Loaded System Directive: org.apache.velocity.runtime.directive.Include
2015-03-22 11:10:31,980 - Loaded System Directive: org.apache.velocity.runtime.directive.Foreach
2015-03-22 11:10:32,066 - Created: 20 parsers.
2015-03-22 11:10:32,093 - Velocimacro : initialization starting.
2015-03-22 11:10:32,093 - Velocimacro : adding VMs from VM library template : VM_global_library.vm
2015-03-22 11:10:32,119 - ResourceManager : unable to find resource 'VM_global_library.vm' in any resource loader.
2015-03-22 11:10:32,120 - Velocimacro : error using  VM library template VM_global_library.vm : org.apache.velocity.exception.ResourceNotFoundException: Unable to find resource 'VM_global_library.vm'
2015-03-22 11:10:32,120 - Velocimacro :  VM library template macro registration complete.
2015-03-22 11:10:32,120 - Velocimacro : allowInline = true : VMs can be defined inline in templates
2015-03-22 11:10:32,120 - Velocimacro : allowInlineToOverride = false : VMs defined inline may NOT replace previous VM definitions
2015-03-22 11:10:32,120 - Velocimacro : allowInlineLocal = false : VMs defined inline will be  global in scope if allowed.
2015-03-22 11:10:32,120 - Velocimacro : messages on  : VM system will output logging messages
2015-03-22 11:10:32,120 - Velocimacro : autoload off  : VM system will not automatically reload global library macros
2015-03-22 11:10:32,120 - Velocimacro : initialization complete.
2015-03-22 11:10:32,120 - Velocity successfully started.
2015-03-22 11:13:42,016 - SimpleLog4JLogSystem initialized using logfile 'velocity.log'
2015-03-22 11:13:42,031 - ************************************************************** 
2015-03-22 11:13:42,031 - Starting Jakarta Velocity v1.4
2015-03-22 11:13:42,031 - RuntimeInstance initializing.
2015-03-22 11:13:42,031 - Default Properties File: org/apache/velocity/runtime/defaults/velocity.properties
2015-03-22 11:13:42,031 - Trying to use logger class org.apache.velocity.runtime.log.SimpleLog4JLogSystem
2015-03-22 11:13:42,031 - Using logger class org.apache.velocity.runtime.log.SimpleLog4JLogSystem
2015-03-22 11:13:42,039 - Default ResourceManager initializing. (class org.apache.velocity.runtime.resource.ResourceManagerImpl)
2015-03-22 11:13:42,047 - Resource Loader Instantiated: org.apache.velocity.runtime.resource.loader.ClasspathResourceLoader
2015-03-22 11:13:42,047 - ClasspathResourceLoader : initialization starting.
2015-03-22 11:13:42,047 - ClasspathResourceLoader : initialization complete.
2015-03-22 11:13:42,052 - ResourceCache : initialized. (class org.apache.velocity.runtime.resource.ResourceCacheImpl)
2015-03-22 11:13:42,052 - Default ResourceManager initialization complete.
2015-03-22 11:13:42,064 - Loaded System Directive: org.apache.velocity.runtime.directive.Literal
2015-03-22 11:13:42,068 - Loaded System Directive: org.apache.velocity.runtime.directive.Macro
2015-03-22 11:13:42,087 - Loaded System Directive: org.apache.velocity.runtime.directive.Parse
2015-03-22 11:13:42,093 - Loaded System Directive: org.apache.velocity.runtime.directive.Include
2015-03-22 11:13:42,095 - Loaded System Directive: org.apache.velocity.runtime.directive.Foreach
2015-03-22 11:13:42,154 - Created: 20 parsers.
2015-03-22 11:13:42,176 - Velocimacro : initialization starting.
2015-03-22 11:13:42,176 - Velocimacro : adding VMs from VM library template : VM_global_library.vm
2015-03-22 11:13:42,212 - ResourceManager : unable to find resource 'VM_global_library.vm' in any resource loader.
2015-03-22 11:13:42,212 - Velocimacro : error using  VM library template VM_global_library.vm : org.apache.velocity.exception.ResourceNotFoundException: Unable to find resource 'VM_global_library.vm'
2015-03-22 11:13:42,212 - Velocimacro :  VM library template macro registration complete.
2015-03-22 11:13:42,212 - Velocimacro : allowInline = true : VMs can be defined inline in templates
2015-03-22 11:13:42,212 - Velocimacro : allowInlineToOverride = false : VMs defined inline may NOT replace previous VM definitions
2015-03-22 11:13:42,212 - Velocimacro : allowInlineLocal = false : VMs defined inline will be  global in scope if allowed.
2015-03-22 11:13:42,212 - Velocimacro : messages on  : VM system will output logging messages
2015-03-22 11:13:42,212 - Velocimacro : autoload off  : VM system will not automatically reload global library macros
2015-03-22 11:13:42,212 - Velocimacro : initialization complete.
2015-03-22 11:13:42,212 - Velocity successfully started.
2015-03-22 11:19:56,125 - SimpleLog4JLogSystem initialized using logfile 'velocity.log'
2015-03-22 11:19:56,133 - ************************************************************** 
2015-03-22 11:19:56,133 - Starting Jakarta Velocity v1.4
2015-03-22 11:19:56,133 - RuntimeInstance initializing.
2015-03-22 11:19:56,133 - Default Properties File: org/apache/velocity/runtime/defaults/velocity.properties
2015-03-22 11:19:56,133 - Trying to use logger class org.apache.velocity.runtime.log.SimpleLog4JLogSystem
2015-03-22 11:19:56,133 - Using logger class org.apache.velocity.runtime.log.SimpleLog4JLogSystem
2015-03-22 11:19:56,142 - Default ResourceManager initializing. (class org.apache.velocity.runtime.resource.ResourceManagerImpl)
2015-03-22 11:19:56,150 - Resource Loader Instantiated: org.apache.velocity.runtime.resource.loader.ClasspathResourceLoader
2015-03-22 11:19:56,150 - ClasspathResourceLoader : initialization starting.
2015-03-22 11:19:56,150 - ClasspathResourceLoader : initialization complete.
2015-03-22 11:19:56,156 - ResourceCache : initialized. (class org.apache.velocity.runtime.resource.ResourceCacheImpl)
2015-03-22 11:19:56,156 - Default ResourceManager initialization complete.
2015-03-22 11:19:56,161 - Loaded System Directive: org.apache.velocity.runtime.directive.Literal
2015-03-22 11:19:56,166 - Loaded System Directive: org.apache.velocity.runtime.directive.Macro
2015-03-22 11:19:56,174 - Loaded System Directive: org.apache.velocity.runtime.directive.Parse
2015-03-22 11:19:56,179 - Loaded System Directive: org.apache.velocity.runtime.directive.Include
2015-03-22 11:19:56,184 - Loaded System Directive: org.apache.velocity.runtime.directive.Foreach
2015-03-22 11:19:56,254 - Created: 20 parsers.
2015-03-22 11:19:56,279 - Velocimacro : initialization starting.
2015-03-22 11:19:56,279 - Velocimacro : adding VMs from VM library template : VM_global_library.vm
2015-03-22 11:19:56,312 - ResourceManager : unable to find resource 'VM_global_library.vm' in any resource loader.
2015-03-22 11:19:56,312 - Velocimacro : error using  VM library template VM_global_library.vm : org.apache.velocity.exception.ResourceNotFoundException: Unable to find resource 'VM_global_library.vm'
2015-03-22 11:19:56,312 - Velocimacro :  VM library template macro registration complete.
2015-03-22 11:19:56,312 - Velocimacro : allowInline = true : VMs can be defined inline in templates
2015-03-22 11:19:56,312 - Velocimacro : allowInlineToOverride = false : VMs defined inline may NOT replace previous VM definitions
2015-03-22 11:19:56,312 - Velocimacro : allowInlineLocal = false : VMs defined inline will be  global in scope if allowed.
2015-03-22 11:19:56,314 - Velocimacro : messages on  : VM system will output logging messages
2015-03-22 11:19:56,315 - Velocimacro : autoload off  : VM system will not automatically reload global library macros
2015-03-22 11:19:56,315 - Velocimacro : initialization complete.
2015-03-22 11:19:56,315 - Velocity successfully started.
2015-03-22 11:24:10,368 - SimpleLog4JLogSystem initialized using logfile 'velocity.log'
2015-03-22 11:24:10,466 - ************************************************************** 
2015-03-22 11:24:10,467 - Starting Jakarta Velocity v1.4
2015-03-22 11:24:10,467 - RuntimeInstance initializing.
2015-03-22 11:24:10,467 - Default Properties File: org/apache/velocity/runtime/defaults/velocity.properties
2015-03-22 11:24:10,467 - Trying to use logger class org.apache.velocity.runtime.log.SimpleLog4JLogSystem
2015-03-22 11:24:10,467 - Using logger class org.apache.velocity.runtime.log.SimpleLog4JLogSystem
2015-03-22 11:24:10,477 - Default ResourceManager initializing. (class org.apache.velocity.runtime.resource.ResourceManagerImpl)
2015-03-22 11:24:10,516 - Resource Loader Instantiated: org.apache.velocity.runtime.resource.loader.ClasspathResourceLoader
2015-03-22 11:24:10,516 - ClasspathResourceLoader : initialization starting.
2015-03-22 11:24:10,516 - ClasspathResourceLoader : initialization complete.
2015-03-22 11:24:10,521 - ResourceCache : initialized. (class org.apache.velocity.runtime.resource.ResourceCacheImpl)
2015-03-22 11:24:10,521 - Default ResourceManager initialization complete.
2015-03-22 11:24:10,523 - Loaded System Directive: org.apache.velocity.runtime.directive.Literal
2015-03-22 11:24:10,526 - Loaded System Directive: org.apache.velocity.runtime.directive.Macro
2015-03-22 11:24:10,531 - Loaded System Directive: org.apache.velocity.runtime.directive.Parse
2015-03-22 11:24:10,534 - Loaded System Directive: org.apache.velocity.runtime.directive.Include
2015-03-22 11:24:10,535 - Loaded System Directive: org.apache.velocity.runtime.directive.Foreach
2015-03-22 11:24:10,607 - Created: 20 parsers.
2015-03-22 11:24:10,616 - Velocimacro : initialization starting.
2015-03-22 11:24:10,616 - Velocimacro : adding VMs from VM library template : VM_global_library.vm
2015-03-22 11:24:10,622 - ResourceManager : unable to find resource 'VM_global_library.vm' in any resource loader.
2015-03-22 11:24:10,623 - Velocimacro : error using  VM library template VM_global_library.vm : org.apache.velocity.exception.ResourceNotFoundException: Unable to find resource 'VM_global_library.vm'
2015-03-22 11:24:10,623 - Velocimacro :  VM library template macro registration complete.
2015-03-22 11:24:10,623 - Velocimacro : allowInline = true : VMs can be defined inline in templates
2015-03-22 11:24:10,623 - Velocimacro : allowInlineToOverride = false : VMs defined inline may NOT replace previous VM definitions
2015-03-22 11:24:10,623 - Velocimacro : allowInlineLocal = false : VMs defined inline will be  global in scope if allowed.
2015-03-22 11:24:10,623 - Velocimacro : messages on  : VM system will output logging messages
2015-03-22 11:24:10,623 - Velocimacro : autoload off  : VM system will not automatically reload global library macros
2015-03-22 11:24:10,623 - Velocimacro : initialization complete.
2015-03-22 11:24:10,623 - Velocity successfully started.
2015-03-22 11:26:31,349 - SimpleLog4JLogSystem initialized using logfile 'velocity.log'
2015-03-22 11:26:31,359 - ************************************************************** 
2015-03-22 11:26:31,359 - Starting Jakarta Velocity v1.4
2015-03-22 11:26:31,359 - RuntimeInstance initializing.
2015-03-22 11:26:31,360 - Default Properties File: org/apache/velocity/runtime/defaults/velocity.properties
2015-03-22 11:26:31,360 - Trying to use logger class org.apache.velocity.runtime.log.SimpleLog4JLogSystem
2015-03-22 11:26:31,360 - Using logger class org.apache.velocity.runtime.log.SimpleLog4JLogSystem
2015-03-22 11:26:31,370 - Default ResourceManager initializing. (class org.apache.velocity.runtime.resource.ResourceManagerImpl)
2015-03-22 11:26:31,379 - Resource Loader Instantiated: org.apache.velocity.runtime.resource.loader.ClasspathResourceLoader
2015-03-22 11:26:31,379 - ClasspathResourceLoader : initialization starting.
2015-03-22 11:26:31,379 - ClasspathResourceLoader : initialization complete.
2015-03-22 11:26:31,401 - ResourceCache : initialized. (class org.apache.velocity.runtime.resource.ResourceCacheImpl)
2015-03-22 11:26:31,401 - Default ResourceManager initialization complete.
2015-03-22 11:26:31,410 - Loaded System Directive: org.apache.velocity.runtime.directive.Literal
2015-03-22 11:26:31,415 - Loaded System Directive: org.apache.velocity.runtime.directive.Macro
2015-03-22 11:26:31,422 - Loaded System Directive: org.apache.velocity.runtime.directive.Parse
2015-03-22 11:26:31,427 - Loaded System Directive: org.apache.velocity.runtime.directive.Include
2015-03-22 11:26:31,432 - Loaded System Directive: org.apache.velocity.runtime.directive.Foreach
2015-03-22 11:26:31,500 - Created: 20 parsers.
2015-03-22 11:26:31,515 - Velocimacro : initialization starting.
2015-03-22 11:26:31,515 - Velocimacro : adding VMs from VM library template : VM_global_library.vm
2015-03-22 11:26:31,523 - ResourceManager : unable to find resource 'VM_global_library.vm' in any resource loader.
2015-03-22 11:26:31,523 - Velocimacro : error using  VM library template VM_global_library.vm : org.apache.velocity.exception.ResourceNotFoundException: Unable to find resource 'VM_global_library.vm'
2015-03-22 11:26:31,523 - Velocimacro :  VM library template macro registration complete.
2015-03-22 11:26:31,523 - Velocimacro : allowInline = true : VMs can be defined inline in templates
2015-03-22 11:26:31,523 - Velocimacro : allowInlineToOverride = false : VMs defined inline may NOT replace previous VM definitions
2015-03-22 11:26:31,523 - Velocimacro : allowInlineLocal = false : VMs defined inline will be  global in scope if allowed.
2015-03-22 11:26:31,523 - Velocimacro : messages on  : VM system will output logging messages
2015-03-22 11:26:31,523 - Velocimacro : autoload off  : VM system will not automatically reload global library macros
2015-03-22 11:26:31,523 - Velocimacro : initialization complete.
2015-03-22 11:26:31,523 - Velocity successfully started.
2015-03-22 11:29:28,685 - SimpleLog4JLogSystem initialized using logfile 'velocity.log'
2015-03-22 11:29:28,685 - ************************************************************** 
2015-03-22 11:29:28,686 - Starting Jakarta Velocity v1.4
2015-03-22 11:29:28,686 - RuntimeInstance initializing.
2015-03-22 11:29:28,686 - Default Properties File: org/apache/velocity/runtime/defaults/velocity.properties
2015-03-22 11:29:28,686 - Trying to use logger class org.apache.velocity.runtime.log.SimpleLog4JLogSystem
2015-03-22 11:29:28,686 - Using logger class org.apache.velocity.runtime.log.SimpleLog4JLogSystem
2015-03-22 11:29:28,748 - Default ResourceManager initializing. (class org.apache.velocity.runtime.resource.ResourceManagerImpl)
2015-03-22 11:29:28,779 - Resource Loader Instantiated: org.apache.velocity.runtime.resource.loader.ClasspathResourceLoader
2015-03-22 11:29:28,780 - ClasspathResourceLoader : initialization starting.
2015-03-22 11:29:28,780 - ClasspathResourceLoader : initialization complete.
2015-03-22 11:29:28,785 - ResourceCache : initialized. (class org.apache.velocity.runtime.resource.ResourceCacheImpl)
2015-03-22 11:29:28,785 - Default ResourceManager initialization complete.
2015-03-22 11:29:28,791 - Loaded System Directive: org.apache.velocity.runtime.directive.Literal
2015-03-22 11:29:28,796 - Loaded System Directive: org.apache.velocity.runtime.directive.Macro
2015-03-22 11:29:28,813 - Loaded System Directive: org.apache.velocity.runtime.directive.Parse
2015-03-22 11:29:28,818 - Loaded System Directive: org.apache.velocity.runtime.directive.Include
2015-03-22 11:29:28,821 - Loaded System Directive: org.apache.velocity.runtime.directive.Foreach
2015-03-22 11:29:28,992 - Created: 20 parsers.
2015-03-22 11:29:29,036 - Velocimacro : initialization starting.
2015-03-22 11:29:29,036 - Velocimacro : adding VMs from VM library template : VM_global_library.vm
2015-03-22 11:29:29,045 - ResourceManager : unable to find resource 'VM_global_library.vm' in any resource loader.
2015-03-22 11:29:29,045 - Velocimacro : error using  VM library template VM_global_library.vm : org.apache.velocity.exception.ResourceNotFoundException: Unable to find resource 'VM_global_library.vm'
2015-03-22 11:29:29,045 - Velocimacro :  VM library template macro registration complete.
2015-03-22 11:29:29,045 - Velocimacro : allowInline = true : VMs can be defined inline in templates
2015-03-22 11:29:29,046 - Velocimacro : allowInlineToOverride = false : VMs defined inline may NOT replace previous VM definitions
2015-03-22 11:29:29,046 - Velocimacro : allowInlineLocal = false : VMs defined inline will be  global in scope if allowed.
2015-03-22 11:29:29,046 - Velocimacro : messages on  : VM system will output logging messages
2015-03-22 11:29:29,046 - Velocimacro : autoload off  : VM system will not automatically reload global library macros
2015-03-22 11:29:29,046 - Velocimacro : initialization complete.
2015-03-22 11:29:29,046 - Velocity successfully started.
2015-03-22 11:35:46,154 - SimpleLog4JLogSystem initialized using logfile 'velocity.log'
2015-03-22 11:35:46,183 - ************************************************************** 
2015-03-22 11:35:46,183 - Starting Jakarta Velocity v1.4
2015-03-22 11:35:46,183 - RuntimeInstance initializing.
2015-03-22 11:35:46,183 - Default Properties File: org/apache/velocity/runtime/defaults/velocity.properties
2015-03-22 11:35:46,183 - Trying to use logger class org.apache.velocity.runtime.log.SimpleLog4JLogSystem
2015-03-22 11:35:46,183 - Using logger class org.apache.velocity.runtime.log.SimpleLog4JLogSystem
2015-03-22 11:35:46,192 - Default ResourceManager initializing. (class org.apache.velocity.runtime.resource.ResourceManagerImpl)
2015-03-22 11:35:46,203 - Resource Loader Instantiated: org.apache.velocity.runtime.resource.loader.ClasspathResourceLoader
2015-03-22 11:35:46,204 - ClasspathResourceLoader : initialization starting.
2015-03-22 11:35:46,204 - ClasspathResourceLoader : initialization complete.
2015-03-22 11:35:46,219 - ResourceCache : initialized. (class org.apache.velocity.runtime.resource.ResourceCacheImpl)
2015-03-22 11:35:46,219 - Default ResourceManager initialization complete.
2015-03-22 11:35:46,224 - Loaded System Directive: org.apache.velocity.runtime.directive.Literal
2015-03-22 11:35:46,229 - Loaded System Directive: org.apache.velocity.runtime.directive.Macro
2015-03-22 11:35:46,236 - Loaded System Directive: org.apache.velocity.runtime.directive.Parse
2015-03-22 11:35:46,241 - Loaded System Directive: org.apache.velocity.runtime.directive.Include
2015-03-22 11:35:46,244 - Loaded System Directive: org.apache.velocity.runtime.directive.Foreach
2015-03-22 11:35:46,353 - Created: 20 parsers.
2015-03-22 11:35:46,388 - Velocimacro : initialization starting.
2015-03-22 11:35:46,388 - Velocimacro : adding VMs from VM library template : VM_global_library.vm
2015-03-22 11:35:46,425 - ResourceManager : unable to find resource 'VM_global_library.vm' in any resource loader.
2015-03-22 11:35:46,425 - Velocimacro : error using  VM library template VM_global_library.vm : org.apache.velocity.exception.ResourceNotFoundException: Unable to find resource 'VM_global_library.vm'
2015-03-22 11:35:46,425 - Velocimacro :  VM library template macro registration complete.
2015-03-22 11:35:46,425 - Velocimacro : allowInline = true : VMs can be defined inline in templates
2015-03-22 11:35:46,426 - Velocimacro : allowInlineToOverride = false : VMs defined inline may NOT replace previous VM definitions
2015-03-22 11:35:46,426 - Velocimacro : allowInlineLocal = false : VMs defined inline will be  global in scope if allowed.
2015-03-22 11:35:46,426 - Velocimacro : messages on  : VM system will output logging messages
2015-03-22 11:35:46,426 - Velocimacro : autoload off  : VM system will not automatically reload global library macros
2015-03-22 11:35:46,426 - Velocimacro : initialization complete.
2015-03-22 11:35:46,426 - Velocity successfully started.
2015-03-22 11:37:48,453 - SimpleLog4JLogSystem initialized using logfile 'velocity.log'
2015-03-22 11:37:48,453 - ************************************************************** 
2015-03-22 11:37:48,453 - Starting Jakarta Velocity v1.4
2015-03-22 11:37:48,453 - RuntimeInstance initializing.
2015-03-22 11:37:48,453 - Default Properties File: org/apache/velocity/runtime/defaults/velocity.properties
2015-03-22 11:37:48,453 - Trying to use logger class org.apache.velocity.runtime.log.SimpleLog4JLogSystem
2015-03-22 11:37:48,454 - Using logger class org.apache.velocity.runtime.log.SimpleLog4JLogSystem
2015-03-22 11:37:48,505 - Default ResourceManager initializing. (class org.apache.velocity.runtime.resource.ResourceManagerImpl)
2015-03-22 11:37:48,554 - Resource Loader Instantiated: org.apache.velocity.runtime.resource.loader.ClasspathResourceLoader
2015-03-22 11:37:48,554 - ClasspathResourceLoader : initialization starting.
2015-03-22 11:37:48,554 - ClasspathResourceLoader : initialization complete.
2015-03-22 11:37:48,574 - ResourceCache : initialized. (class org.apache.velocity.runtime.resource.ResourceCacheImpl)
2015-03-22 11:37:48,574 - Default ResourceManager initialization complete.
2015-03-22 11:37:48,591 - Loaded System Directive: org.apache.velocity.runtime.directive.Literal
2015-03-22 11:37:48,597 - Loaded System Directive: org.apache.velocity.runtime.directive.Macro
2015-03-22 11:37:48,605 - Loaded System Directive: org.apache.velocity.runtime.directive.Parse
2015-03-22 11:37:48,639 - Loaded System Directive: org.apache.velocity.runtime.directive.Include
2015-03-22 11:37:48,643 - Loaded System Directive: org.apache.velocity.runtime.directive.Foreach
2015-03-22 11:37:48,707 - Created: 20 parsers.
2015-03-22 11:37:48,716 - Velocimacro : initialization starting.
2015-03-22 11:37:48,716 - Velocimacro : adding VMs from VM library template : VM_global_library.vm
2015-03-22 11:37:48,721 - ResourceManager : unable to find resource 'VM_global_library.vm' in any resource loader.
2015-03-22 11:37:48,722 - Velocimacro : error using  VM library template VM_global_library.vm : org.apache.velocity.exception.ResourceNotFoundException: Unable to find resource 'VM_global_library.vm'
2015-03-22 11:37:48,722 - Velocimacro :  VM library template macro registration complete.
2015-03-22 11:37:48,722 - Velocimacro : allowInline = true : VMs can be defined inline in templates
2015-03-22 11:37:48,722 - Velocimacro : allowInlineToOverride = false : VMs defined inline may NOT replace previous VM definitions
2015-03-22 11:37:48,722 - Velocimacro : allowInlineLocal = false : VMs defined inline will be  global in scope if allowed.
2015-03-22 11:37:48,722 - Velocimacro : messages on  : VM system will output logging messages
2015-03-22 11:37:48,722 - Velocimacro : autoload off  : VM system will not automatically reload global library macros
2015-03-22 11:37:48,722 - Velocimacro : initialization complete.
2015-03-22 11:37:48,722 - Velocity successfully started.
2015-03-22 11:41:58,829 - SimpleLog4JLogSystem initialized using logfile 'velocity.log'
2015-03-22 11:41:58,844 - SimpleLog4JLogSystem initialized using logfile 'velocity.log'
2015-03-22 11:41:58,885 - ************************************************************** 
2015-03-22 11:41:58,885 - Starting Jakarta Velocity v1.4
2015-03-22 11:41:58,886 - RuntimeInstance initializing.
2015-03-22 11:41:58,886 - Default Properties File: org/apache/velocity/runtime/defaults/velocity.properties
2015-03-22 11:41:58,886 - Trying to use logger class org.apache.velocity.runtime.log.SimpleLog4JLogSystem
2015-03-22 11:41:58,886 - Using logger class org.apache.velocity.runtime.log.SimpleLog4JLogSystem
2015-03-22 11:41:58,890 - ************************************************************** 
2015-03-22 11:41:58,890 - Starting Jakarta Velocity v1.4
2015-03-22 11:41:58,890 - RuntimeInstance initializing.
2015-03-22 11:41:58,890 - Default Properties File: org/apache/velocity/runtime/defaults/velocity.properties
2015-03-22 11:41:58,890 - Trying to use logger class org.apache.velocity.runtime.log.SimpleLog4JLogSystem
2015-03-22 11:41:58,890 - Using logger class org.apache.velocity.runtime.log.SimpleLog4JLogSystem
2015-03-22 11:41:58,902 - Default ResourceManager initializing. (class org.apache.velocity.runtime.resource.ResourceManagerImpl)
2015-03-22 11:41:58,912 - Default ResourceManager initializing. (class org.apache.velocity.runtime.resource.ResourceManagerImpl)
2015-03-22 11:41:58,921 - Resource Loader Instantiated: org.apache.velocity.runtime.resource.loader.ClasspathResourceLoader
2015-03-22 11:41:58,921 - ClasspathResourceLoader : initialization starting.
2015-03-22 11:41:58,921 - ClasspathResourceLoader : initialization complete.
2015-03-22 11:41:58,922 - Resource Loader Instantiated: org.apache.velocity.runtime.resource.loader.ClasspathResourceLoader
2015-03-22 11:41:58,922 - ClasspathResourceLoader : initialization starting.
2015-03-22 11:41:58,922 - ClasspathResourceLoader : initialization complete.
2015-03-22 11:41:58,928 - ResourceCache : initialized. (class org.apache.velocity.runtime.resource.ResourceCacheImpl)
2015-03-22 11:41:58,964 - Default ResourceManager initialization complete.
2015-03-22 11:41:58,971 - ResourceCache : initialized. (class org.apache.velocity.runtime.resource.ResourceCacheImpl)
2015-03-22 11:41:58,971 - Default ResourceManager initialization complete.
2015-03-22 11:41:58,998 - Loaded System Directive: org.apache.velocity.runtime.directive.Literal
2015-03-22 11:41:59,019 - Loaded System Directive: org.apache.velocity.runtime.directive.Macro
2015-03-22 11:41:59,053 - Loaded System Directive: org.apache.velocity.runtime.directive.Parse
2015-03-22 11:41:59,080 - Loaded System Directive: org.apache.velocity.runtime.directive.Include
2015-03-22 11:41:59,088 - Loaded System Directive: org.apache.velocity.runtime.directive.Foreach
2015-03-22 11:41:59,154 - Loaded System Directive: org.apache.velocity.runtime.directive.Literal
2015-03-22 11:41:59,162 - Loaded System Directive: org.apache.velocity.runtime.directive.Macro
2015-03-22 11:41:59,171 - Loaded System Directive: org.apache.velocity.runtime.directive.Parse
2015-03-22 11:41:59,216 - Loaded System Directive: org.apache.velocity.runtime.directive.Include
2015-03-22 11:41:59,220 - Loaded System Directive: org.apache.velocity.runtime.directive.Foreach
2015-03-22 11:41:59,487 - Created: 20 parsers.
2015-03-22 11:41:59,490 - Created: 20 parsers.
2015-03-22 11:41:59,541 - Velocimacro : initialization starting.
2015-03-22 11:41:59,541 - Velocimacro : initialization starting.
2015-03-22 11:41:59,541 - Velocimacro : adding VMs from VM library template : VM_global_library.vm
2015-03-22 11:41:59,541 - Velocimacro : adding VMs from VM library template : VM_global_library.vm
2015-03-22 11:41:59,591 - ResourceManager : unable to find resource 'VM_global_library.vm' in any resource loader.
2015-03-22 11:41:59,591 - Velocimacro : error using  VM library template VM_global_library.vm : org.apache.velocity.exception.ResourceNotFoundException: Unable to find resource 'VM_global_library.vm'
2015-03-22 11:41:59,591 - Velocimacro :  VM library template macro registration complete.
2015-03-22 11:41:59,591 - Velocimacro : allowInline = true : VMs can be defined inline in templates
2015-03-22 11:41:59,591 - Velocimacro : allowInlineToOverride = false : VMs defined inline may NOT replace previous VM definitions
2015-03-22 11:41:59,591 - Velocimacro : allowInlineLocal = false : VMs defined inline will be  global in scope if allowed.
2015-03-22 11:41:59,591 - Velocimacro : messages on  : VM system will output logging messages
2015-03-22 11:41:59,591 - Velocimacro : autoload off  : VM system will not automatically reload global library macros
2015-03-22 11:41:59,591 - Velocimacro : initialization complete.
2015-03-22 11:41:59,591 - Velocity successfully started.
2015-03-22 11:41:59,592 - ResourceManager : unable to find resource 'VM_global_library.vm' in any resource loader.
2015-03-22 11:41:59,593 - Velocimacro : error using  VM library template VM_global_library.vm : org.apache.velocity.exception.ResourceNotFoundException: Unable to find resource 'VM_global_library.vm'
2015-03-22 11:41:59,593 - Velocimacro :  VM library template macro registration complete.
2015-03-22 11:41:59,593 - Velocimacro : allowInline = true : VMs can be defined inline in templates
2015-03-22 11:41:59,593 - Velocimacro : allowInlineToOverride = false : VMs defined inline may NOT replace previous VM definitions
2015-03-22 11:41:59,593 - Velocimacro : allowInlineLocal = false : VMs defined inline will be  global in scope if allowed.
2015-03-22 11:41:59,593 - Velocimacro : messages on  : VM system will output logging messages
2015-03-22 11:41:59,593 - Velocimacro : autoload off  : VM system will not automatically reload global library macros
2015-03-22 11:41:59,593 - Velocimacro : initialization complete.
2015-03-22 11:41:59,593 - Velocity successfully started.
2015-03-22 11:50:02,174 - SimpleLog4JLogSystem initialized using logfile 'velocity.log'
2015-03-22 11:50:02,293 - ************************************************************** 
2015-03-22 11:50:02,294 - Starting Jakarta Velocity v1.4
2015-03-22 11:50:02,294 - RuntimeInstance initializing.
2015-03-22 11:50:02,294 - Default Properties File: org/apache/velocity/runtime/defaults/velocity.properties
2015-03-22 11:50:02,294 - Trying to use logger class org.apache.velocity.runtime.log.SimpleLog4JLogSystem
2015-03-22 11:50:02,294 - Using logger class org.apache.velocity.runtime.log.SimpleLog4JLogSystem
2015-03-22 11:50:02,302 - Default ResourceManager initializing. (class org.apache.velocity.runtime.resource.ResourceManagerImpl)
2015-03-22 11:50:02,313 - Resource Loader Instantiated: org.apache.velocity.runtime.resource.loader.ClasspathResourceLoader
2015-03-22 11:50:02,313 - ClasspathResourceLoader : initialization starting.
2015-03-22 11:50:02,313 - ClasspathResourceLoader : initialization complete.
2015-03-22 11:50:02,321 - ResourceCache : initialized. (class org.apache.velocity.runtime.resource.ResourceCacheImpl)
2015-03-22 11:50:02,321 - Default ResourceManager initialization complete.
2015-03-22 11:50:02,330 - Loaded System Directive: org.apache.velocity.runtime.directive.Literal
2015-03-22 11:50:02,335 - Loaded System Directive: org.apache.velocity.runtime.directive.Macro
2015-03-22 11:50:02,346 - Loaded System Directive: org.apache.velocity.runtime.directive.Parse
2015-03-22 11:50:02,356 - Loaded System Directive: org.apache.velocity.runtime.directive.Include
2015-03-22 11:50:02,358 - Loaded System Directive: org.apache.velocity.runtime.directive.Foreach
2015-03-22 11:50:02,604 - Created: 20 parsers.
2015-03-22 11:50:02,613 - Velocimacro : initialization starting.
2015-03-22 11:50:02,613 - Velocimacro : adding VMs from VM library template : VM_global_library.vm
2015-03-22 11:50:02,620 - ResourceManager : unable to find resource 'VM_global_library.vm' in any resource loader.
2015-03-22 11:50:02,620 - Velocimacro : error using  VM library template VM_global_library.vm : org.apache.velocity.exception.ResourceNotFoundException: Unable to find resource 'VM_global_library.vm'
2015-03-22 11:50:02,620 - Velocimacro :  VM library template macro registration complete.
2015-03-22 11:50:02,620 - Velocimacro : allowInline = true : VMs can be defined inline in templates
2015-03-22 11:50:02,620 - Velocimacro : allowInlineToOverride = false : VMs defined inline may NOT replace previous VM definitions
2015-03-22 11:50:02,620 - Velocimacro : allowInlineLocal = false : VMs defined inline will be  global in scope if allowed.
2015-03-22 11:50:02,621 - Velocimacro : messages on  : VM system will output logging messages
2015-03-22 11:50:02,621 - Velocimacro : autoload off  : VM system will not automatically reload global library macros
2015-03-22 11:50:02,621 - Velocimacro : initialization complete.
2015-03-22 11:50:02,621 - Velocity successfully started.
2015-03-22 12:08:26,066 - SimpleLog4JLogSystem initialized using logfile 'velocity.log'
2015-03-22 12:08:26,139 - ************************************************************** 
2015-03-22 12:08:26,139 - Starting Jakarta Velocity v1.4
2015-03-22 12:08:26,139 - RuntimeInstance initializing.
2015-03-22 12:08:26,139 - Default Properties File: org/apache/velocity/runtime/defaults/velocity.properties
2015-03-22 12:08:26,139 - Trying to use logger class org.apache.velocity.runtime.log.SimpleLog4JLogSystem
2015-03-22 12:08:26,139 - Using logger class org.apache.velocity.runtime.log.SimpleLog4JLogSystem
2015-03-22 12:08:26,222 - Default ResourceManager initializing. (class org.apache.velocity.runtime.resource.ResourceManagerImpl)
2015-03-22 12:08:26,360 - Resource Loader Instantiated: org.apache.velocity.runtime.resource.loader.ClasspathResourceLoader
2015-03-22 12:08:26,360 - ClasspathResourceLoader : initialization starting.
2015-03-22 12:08:26,360 - ClasspathResourceLoader : initialization complete.
2015-03-22 12:08:26,363 - ResourceCache : initialized. (class org.apache.velocity.runtime.resource.ResourceCacheImpl)
2015-03-22 12:08:26,363 - Default ResourceManager initialization complete.
2015-03-22 12:08:26,399 - Loaded System Directive: org.apache.velocity.runtime.directive.Literal
2015-03-22 12:08:26,493 - Loaded System Directive: org.apache.velocity.runtime.directive.Macro
2015-03-22 12:08:26,498 - Loaded System Directive: org.apache.velocity.runtime.directive.Parse
2015-03-22 12:08:26,533 - Loaded System Directive: org.apache.velocity.runtime.directive.Include
2015-03-22 12:08:26,538 - Loaded System Directive: org.apache.velocity.runtime.directive.Foreach
2015-03-22 12:08:26,784 - Created: 20 parsers.
2015-03-22 12:08:26,839 - Velocimacro : initialization starting.
2015-03-22 12:08:26,839 - Velocimacro : adding VMs from VM library template : VM_global_library.vm
2015-03-22 12:08:26,874 - ResourceManager : unable to find resource 'VM_global_library.vm' in any resource loader.
2015-03-22 12:08:26,875 - Velocimacro : error using  VM library template VM_global_library.vm : org.apache.velocity.exception.ResourceNotFoundException: Unable to find resource 'VM_global_library.vm'
2015-03-22 12:08:26,875 - Velocimacro :  VM library template macro registration complete.
2015-03-22 12:08:26,875 - Velocimacro : allowInline = true : VMs can be defined inline in templates
2015-03-22 12:08:26,875 - Velocimacro : allowInlineToOverride = false : VMs defined inline may NOT replace previous VM definitions
2015-03-22 12:08:26,875 - Velocimacro : allowInlineLocal = false : VMs defined inline will be  global in scope if allowed.
2015-03-22 12:08:26,875 - Velocimacro : messages on  : VM system will output logging messages
2015-03-22 12:08:26,875 - Velocimacro : autoload off  : VM system will not automatically reload global library macros
2015-03-22 12:08:26,875 - Velocimacro : initialization complete.
2015-03-22 12:08:26,875 - Velocity successfully started.
