2015-03-22 12:27:29,568 - SimpleLog4JLogSystem initialized using logfile 'velocity.log'
2015-03-22 12:27:29,568 - ************************************************************** 
2015-03-22 12:27:29,568 - Starting Jakarta Velocity v1.4
2015-03-22 12:27:29,568 - RuntimeInstance initializing.
2015-03-22 12:27:29,568 - Default Properties File: org\apache\velocity\runtime\defaults\velocity.properties
2015-03-22 12:27:29,568 - Trying to use logger class org.apache.velocity.runtime.log.SimpleLog4JLogSystem
2015-03-22 12:27:29,568 - Using logger class org.apache.velocity.runtime.log.SimpleLog4JLogSystem
2015-03-22 12:27:29,571 - Default ResourceManager initializing. (class org.apache.velocity.runtime.resource.ResourceManagerImpl)
2015-03-22 12:27:29,573 - Resource Loader Instantiated: org.apache.velocity.runtime.resource.loader.ClasspathResourceLoader
2015-03-22 12:27:29,573 - ClasspathResourceLoader : initialization starting.
2015-03-22 12:27:29,573 - ClasspathResourceLoader : initialization complete.
2015-03-22 12:27:29,575 - ResourceCache : initialized. (class org.apache.velocity.runtime.resource.ResourceCacheImpl)
2015-03-22 12:27:29,575 - Default ResourceManager initialization complete.
2015-03-22 12:27:29,577 - Loaded System Directive: org.apache.velocity.runtime.directive.Literal
2015-03-22 12:27:29,579 - Loaded System Directive: org.apache.velocity.runtime.directive.Macro
2015-03-22 12:27:29,581 - Loaded System Directive: org.apache.velocity.runtime.directive.Parse
2015-03-22 12:27:29,583 - Loaded System Directive: org.apache.velocity.runtime.directive.Include
2015-03-22 12:27:29,584 - Loaded System Directive: org.apache.velocity.runtime.directive.Foreach
2015-03-22 12:27:29,607 - Created: 20 parsers.
2015-03-22 12:27:29,615 - Velocimacro : initialization starting.
2015-03-22 12:27:29,615 - Velocimacro : adding VMs from VM library template : VM_global_library.vm
2015-03-22 12:27:29,619 - ResourceManager : unable to find resource 'VM_global_library.vm' in any resource loader.
2015-03-22 12:27:29,619 - Velocimacro : error using  VM library template VM_global_library.vm : org.apache.velocity.exception.ResourceNotFoundException: Unable to find resource 'VM_global_library.vm'
2015-03-22 12:27:29,619 - Velocimacro :  VM library template macro registration complete.
2015-03-22 12:27:29,619 - Velocimacro : allowInline = true : VMs can be defined inline in templates
2015-03-22 12:27:29,619 - Velocimacro : allowInlineToOverride = false : VMs defined inline may NOT replace previous VM definitions
2015-03-22 12:27:29,619 - Velocimacro : allowInlineLocal = false : VMs defined inline will be  global in scope if allowed.
2015-03-22 12:27:29,619 - Velocimacro : messages on  : VM system will output logging messages
2015-03-22 12:27:29,619 - Velocimacro : autoload off  : VM system will not automatically reload global library macros
2015-03-22 12:27:29,619 - Velocimacro : initialization complete.
2015-03-22 12:27:29,619 - Velocity successfully started.
2015-03-22 12:35:56,004 - SimpleLog4JLogSystem initialized using logfile 'velocity.log'
2015-03-22 12:35:56,004 - ************************************************************** 
2015-03-22 12:35:56,004 - Starting Jakarta Velocity v1.4
2015-03-22 12:35:56,004 - RuntimeInstance initializing.
2015-03-22 12:35:56,004 - Default Properties File: org\apache\velocity\runtime\defaults\velocity.properties
2015-03-22 12:35:56,004 - Trying to use logger class org.apache.velocity.runtime.log.SimpleLog4JLogSystem
2015-03-22 12:35:56,004 - Using logger class org.apache.velocity.runtime.log.SimpleLog4JLogSystem
2015-03-22 12:35:56,008 - Default ResourceManager initializing. (class org.apache.velocity.runtime.resource.ResourceManagerImpl)
2015-03-22 12:35:56,011 - Resource Loader Instantiated: org.apache.velocity.runtime.resource.loader.ClasspathResourceLoader
2015-03-22 12:35:56,011 - ClasspathResourceLoader : initialization starting.
2015-03-22 12:35:56,011 - ClasspathResourceLoader : initialization complete.
2015-03-22 12:35:56,013 - ResourceCache : initialized. (class org.apache.velocity.runtime.resource.ResourceCacheImpl)
2015-03-22 12:35:56,013 - Default ResourceManager initialization complete.
2015-03-22 12:35:56,015 - Loaded System Directive: org.apache.velocity.runtime.directive.Literal
2015-03-22 12:35:56,017 - Loaded System Directive: org.apache.velocity.runtime.directive.Macro
2015-03-22 12:35:56,020 - Loaded System Directive: org.apache.velocity.runtime.directive.Parse
2015-03-22 12:35:56,023 - Loaded System Directive: org.apache.velocity.runtime.directive.Include
2015-03-22 12:35:56,024 - Loaded System Directive: org.apache.velocity.runtime.directive.Foreach
2015-03-22 12:35:56,050 - Created: 20 parsers.
2015-03-22 12:35:56,059 - Velocimacro : initialization starting.
2015-03-22 12:35:56,059 - Velocimacro : adding VMs from VM library template : VM_global_library.vm
2015-03-22 12:35:56,064 - ResourceManager : unable to find resource 'VM_global_library.vm' in any resource loader.
2015-03-22 12:35:56,065 - Velocimacro : error using  VM library template VM_global_library.vm : org.apache.velocity.exception.ResourceNotFoundException: Unable to find resource 'VM_global_library.vm'
2015-03-22 12:35:56,065 - Velocimacro :  VM library template macro registration complete.
2015-03-22 12:35:56,065 - Velocimacro : allowInline = true : VMs can be defined inline in templates
2015-03-22 12:35:56,065 - Velocimacro : allowInlineToOverride = false : VMs defined inline may NOT replace previous VM definitions
2015-03-22 12:35:56,065 - Velocimacro : allowInlineLocal = false : VMs defined inline will be  global in scope if allowed.
2015-03-22 12:35:56,065 - Velocimacro : messages on  : VM system will output logging messages
2015-03-22 12:35:56,065 - Velocimacro : autoload off  : VM system will not automatically reload global library macros
2015-03-22 12:35:56,065 - Velocimacro : initialization complete.
2015-03-22 12:35:56,065 - Velocity successfully started.
2015-03-22 12:36:22,654 - SimpleLog4JLogSystem initialized using logfile 'velocity.log'
2015-03-22 12:36:22,654 - ************************************************************** 
2015-03-22 12:36:22,654 - Starting Jakarta Velocity v1.4
2015-03-22 12:36:22,654 - RuntimeInstance initializing.
2015-03-22 12:36:22,654 - Default Properties File: org\apache\velocity\runtime\defaults\velocity.properties
2015-03-22 12:36:22,654 - Trying to use logger class org.apache.velocity.runtime.log.SimpleLog4JLogSystem
2015-03-22 12:36:22,654 - Using logger class org.apache.velocity.runtime.log.SimpleLog4JLogSystem
2015-03-22 12:36:22,658 - Default ResourceManager initializing. (class org.apache.velocity.runtime.resource.ResourceManagerImpl)
2015-03-22 12:36:22,661 - Resource Loader Instantiated: org.apache.velocity.runtime.resource.loader.ClasspathResourceLoader
2015-03-22 12:36:22,661 - ClasspathResourceLoader : initialization starting.
2015-03-22 12:36:22,661 - ClasspathResourceLoader : initialization complete.
2015-03-22 12:36:22,663 - ResourceCache : initialized. (class org.apache.velocity.runtime.resource.ResourceCacheImpl)
2015-03-22 12:36:22,663 - Default ResourceManager initialization complete.
2015-03-22 12:36:22,665 - Loaded System Directive: org.apache.velocity.runtime.directive.Literal
2015-03-22 12:36:22,668 - Loaded System Directive: org.apache.velocity.runtime.directive.Macro
2015-03-22 12:36:22,671 - Loaded System Directive: org.apache.velocity.runtime.directive.Parse
2015-03-22 12:36:22,673 - Loaded System Directive: org.apache.velocity.runtime.directive.Include
2015-03-22 12:36:22,674 - Loaded System Directive: org.apache.velocity.runtime.directive.Foreach
2015-03-22 12:36:22,700 - Created: 20 parsers.
2015-03-22 12:36:22,709 - Velocimacro : initialization starting.
2015-03-22 12:36:22,710 - Velocimacro : adding VMs from VM library template : VM_global_library.vm
2015-03-22 12:36:22,715 - ResourceManager : unable to find resource 'VM_global_library.vm' in any resource loader.
2015-03-22 12:36:22,715 - Velocimacro : error using  VM library template VM_global_library.vm : org.apache.velocity.exception.ResourceNotFoundException: Unable to find resource 'VM_global_library.vm'
2015-03-22 12:36:22,715 - Velocimacro :  VM library template macro registration complete.
2015-03-22 12:36:22,715 - Velocimacro : allowInline = true : VMs can be defined inline in templates
2015-03-22 12:36:22,715 - Velocimacro : allowInlineToOverride = false : VMs defined inline may NOT replace previous VM definitions
2015-03-22 12:36:22,715 - Velocimacro : allowInlineLocal = false : VMs defined inline will be  global in scope if allowed.
2015-03-22 12:36:22,715 - Velocimacro : messages on  : VM system will output logging messages
2015-03-22 12:36:22,715 - Velocimacro : autoload off  : VM system will not automatically reload global library macros
2015-03-22 12:36:22,715 - Velocimacro : initialization complete.
2015-03-22 12:36:22,715 - Velocity successfully started.
2015-04-10 09:19:54,056 - SimpleLog4JLogSystem initialized using logfile 'velocity.log'
2015-04-10 09:19:54,056 - ************************************************************** 
2015-04-10 09:19:54,056 - Starting Jakarta Velocity v1.4
2015-04-10 09:19:54,056 - RuntimeInstance initializing.
2015-04-10 09:19:54,056 - Default Properties File: org\apache\velocity\runtime\defaults\velocity.properties
2015-04-10 09:19:54,056 - Trying to use logger class org.apache.velocity.runtime.log.SimpleLog4JLogSystem
2015-04-10 09:19:54,056 - Using logger class org.apache.velocity.runtime.log.SimpleLog4JLogSystem
2015-04-10 09:19:54,059 - Default ResourceManager initializing. (class org.apache.velocity.runtime.resource.ResourceManagerImpl)
2015-04-10 09:19:54,063 - Resource Loader Instantiated: org.apache.velocity.runtime.resource.loader.ClasspathResourceLoader
2015-04-10 09:19:54,063 - ClasspathResourceLoader : initialization starting.
2015-04-10 09:19:54,063 - ClasspathResourceLoader : initialization complete.
2015-04-10 09:19:54,064 - ResourceCache : initialized. (class org.apache.velocity.runtime.resource.ResourceCacheImpl)
2015-04-10 09:19:54,064 - Default ResourceManager initialization complete.
2015-04-10 09:19:54,066 - Loaded System Directive: org.apache.velocity.runtime.directive.Literal
2015-04-10 09:19:54,068 - Loaded System Directive: org.apache.velocity.runtime.directive.Macro
2015-04-10 09:19:54,071 - Loaded System Directive: org.apache.velocity.runtime.directive.Parse
2015-04-10 09:19:54,073 - Loaded System Directive: org.apache.velocity.runtime.directive.Include
2015-04-10 09:19:54,074 - Loaded System Directive: org.apache.velocity.runtime.directive.Foreach
2015-04-10 09:19:54,098 - Created: 20 parsers.
2015-04-10 09:19:54,106 - Velocimacro : initialization starting.
2015-04-10 09:19:54,106 - Velocimacro : adding VMs from VM library template : VM_global_library.vm
2015-04-10 09:19:54,110 - ResourceManager : unable to find resource 'VM_global_library.vm' in any resource loader.
2015-04-10 09:19:54,110 - Velocimacro : error using  VM library template VM_global_library.vm : org.apache.velocity.exception.ResourceNotFoundException: Unable to find resource 'VM_global_library.vm'
2015-04-10 09:19:54,111 - Velocimacro :  VM library template macro registration complete.
2015-04-10 09:19:54,111 - Velocimacro : allowInline = true : VMs can be defined inline in templates
2015-04-10 09:19:54,111 - Velocimacro : allowInlineToOverride = false : VMs defined inline may NOT replace previous VM definitions
2015-04-10 09:19:54,111 - Velocimacro : allowInlineLocal = false : VMs defined inline will be  global in scope if allowed.
2015-04-10 09:19:54,111 - Velocimacro : messages on  : VM system will output logging messages
2015-04-10 09:19:54,111 - Velocimacro : autoload off  : VM system will not automatically reload global library macros
2015-04-10 09:19:54,111 - Velocimacro : initialization complete.
2015-04-10 09:19:54,111 - Velocity successfully started.
2015-04-10 09:23:28,448 - ResourceManager : found repast/simphony/scenario/Scenario.vt with loader org.apache.velocity.runtime.resource.loader.ClasspathResourceLoader
2015-04-10 09:25:49,665 - ResourceManager : found repast/simphony/scenario/Scenario.vt with loader org.apache.velocity.runtime.resource.loader.ClasspathResourceLoader
2015-04-10 09:25:54,680 - SimpleLog4JLogSystem initialized using logfile 'velocity.log'
2015-04-10 09:25:54,681 - ************************************************************** 
2015-04-10 09:25:54,681 - Starting Jakarta Velocity v1.4
2015-04-10 09:25:54,681 - RuntimeInstance initializing.
2015-04-10 09:25:54,681 - Default Properties File: org\apache\velocity\runtime\defaults\velocity.properties
2015-04-10 09:25:54,681 - Trying to use logger class org.apache.velocity.runtime.log.SimpleLog4JLogSystem
2015-04-10 09:25:54,681 - Using logger class org.apache.velocity.runtime.log.SimpleLog4JLogSystem
2015-04-10 09:25:54,684 - Default ResourceManager initializing. (class org.apache.velocity.runtime.resource.ResourceManagerImpl)
2015-04-10 09:25:54,687 - Resource Loader Instantiated: org.apache.velocity.runtime.resource.loader.ClasspathResourceLoader
2015-04-10 09:25:54,687 - ClasspathResourceLoader : initialization starting.
2015-04-10 09:25:54,687 - ClasspathResourceLoader : initialization complete.
2015-04-10 09:25:54,689 - ResourceCache : initialized. (class org.apache.velocity.runtime.resource.ResourceCacheImpl)
2015-04-10 09:25:54,689 - Default ResourceManager initialization complete.
2015-04-10 09:25:54,691 - Loaded System Directive: org.apache.velocity.runtime.directive.Literal
2015-04-10 09:25:54,693 - Loaded System Directive: org.apache.velocity.runtime.directive.Macro
2015-04-10 09:25:54,696 - Loaded System Directive: org.apache.velocity.runtime.directive.Parse
2015-04-10 09:25:54,698 - Loaded System Directive: org.apache.velocity.runtime.directive.Include
2015-04-10 09:25:54,699 - Loaded System Directive: org.apache.velocity.runtime.directive.Foreach
2015-04-10 09:25:54,724 - Created: 20 parsers.
2015-04-10 09:25:54,733 - Velocimacro : initialization starting.
2015-04-10 09:25:54,733 - Velocimacro : adding VMs from VM library template : VM_global_library.vm
2015-04-10 09:25:54,739 - ResourceManager : unable to find resource 'VM_global_library.vm' in any resource loader.
2015-04-10 09:25:54,739 - Velocimacro : error using  VM library template VM_global_library.vm : org.apache.velocity.exception.ResourceNotFoundException: Unable to find resource 'VM_global_library.vm'
2015-04-10 09:25:54,739 - Velocimacro :  VM library template macro registration complete.
2015-04-10 09:25:54,739 - Velocimacro : allowInline = true : VMs can be defined inline in templates
2015-04-10 09:25:54,739 - Velocimacro : allowInlineToOverride = false : VMs defined inline may NOT replace previous VM definitions
2015-04-10 09:25:54,739 - Velocimacro : allowInlineLocal = false : VMs defined inline will be  global in scope if allowed.
2015-04-10 09:25:54,739 - Velocimacro : messages on  : VM system will output logging messages
2015-04-10 09:25:54,739 - Velocimacro : autoload off  : VM system will not automatically reload global library macros
2015-04-10 09:25:54,739 - Velocimacro : initialization complete.
2015-04-10 09:25:54,739 - Velocity successfully started.
2015-04-10 09:29:42,029 - SimpleLog4JLogSystem initialized using logfile 'velocity.log'
2015-04-10 09:29:42,029 - ************************************************************** 
2015-04-10 09:29:42,029 - Starting Jakarta Velocity v1.4
2015-04-10 09:29:42,029 - RuntimeInstance initializing.
2015-04-10 09:29:42,029 - Default Properties File: org\apache\velocity\runtime\defaults\velocity.properties
2015-04-10 09:29:42,029 - Trying to use logger class org.apache.velocity.runtime.log.SimpleLog4JLogSystem
2015-04-10 09:29:42,029 - Using logger class org.apache.velocity.runtime.log.SimpleLog4JLogSystem
2015-04-10 09:29:42,033 - Default ResourceManager initializing. (class org.apache.velocity.runtime.resource.ResourceManagerImpl)
2015-04-10 09:29:42,036 - Resource Loader Instantiated: org.apache.velocity.runtime.resource.loader.ClasspathResourceLoader
2015-04-10 09:29:42,036 - ClasspathResourceLoader : initialization starting.
2015-04-10 09:29:42,036 - ClasspathResourceLoader : initialization complete.
2015-04-10 09:29:42,038 - ResourceCache : initialized. (class org.apache.velocity.runtime.resource.ResourceCacheImpl)
2015-04-10 09:29:42,038 - Default ResourceManager initialization complete.
2015-04-10 09:29:42,040 - Loaded System Directive: org.apache.velocity.runtime.directive.Literal
2015-04-10 09:29:42,042 - Loaded System Directive: org.apache.velocity.runtime.directive.Macro
2015-04-10 09:29:42,045 - Loaded System Directive: org.apache.velocity.runtime.directive.Parse
2015-04-10 09:29:42,047 - Loaded System Directive: org.apache.velocity.runtime.directive.Include
2015-04-10 09:29:42,048 - Loaded System Directive: org.apache.velocity.runtime.directive.Foreach
2015-04-10 09:29:42,072 - Created: 20 parsers.
2015-04-10 09:29:42,082 - Velocimacro : initialization starting.
2015-04-10 09:29:42,082 - Velocimacro : adding VMs from VM library template : VM_global_library.vm
2015-04-10 09:29:42,087 - ResourceManager : unable to find resource 'VM_global_library.vm' in any resource loader.
2015-04-10 09:29:42,087 - Velocimacro : error using  VM library template VM_global_library.vm : org.apache.velocity.exception.ResourceNotFoundException: Unable to find resource 'VM_global_library.vm'
2015-04-10 09:29:42,087 - Velocimacro :  VM library template macro registration complete.
2015-04-10 09:29:42,087 - Velocimacro : allowInline = true : VMs can be defined inline in templates
2015-04-10 09:29:42,087 - Velocimacro : allowInlineToOverride = false : VMs defined inline may NOT replace previous VM definitions
2015-04-10 09:29:42,087 - Velocimacro : allowInlineLocal = false : VMs defined inline will be  global in scope if allowed.
2015-04-10 09:29:42,087 - Velocimacro : messages on  : VM system will output logging messages
2015-04-10 09:29:42,087 - Velocimacro : autoload off  : VM system will not automatically reload global library macros
2015-04-10 09:29:42,087 - Velocimacro : initialization complete.
2015-04-10 09:29:42,087 - Velocity successfully started.
2015-04-10 09:39:43,433 - SimpleLog4JLogSystem initialized using logfile 'velocity.log'
2015-04-10 09:39:43,433 - ************************************************************** 
2015-04-10 09:39:43,433 - Starting Jakarta Velocity v1.4
2015-04-10 09:39:43,433 - RuntimeInstance initializing.
2015-04-10 09:39:43,433 - Default Properties File: org\apache\velocity\runtime\defaults\velocity.properties
2015-04-10 09:39:43,433 - Trying to use logger class org.apache.velocity.runtime.log.SimpleLog4JLogSystem
2015-04-10 09:39:43,433 - Using logger class org.apache.velocity.runtime.log.SimpleLog4JLogSystem
2015-04-10 09:39:43,436 - Default ResourceManager initializing. (class org.apache.velocity.runtime.resource.ResourceManagerImpl)
2015-04-10 09:39:43,439 - Resource Loader Instantiated: org.apache.velocity.runtime.resource.loader.ClasspathResourceLoader
2015-04-10 09:39:43,439 - ClasspathResourceLoader : initialization starting.
2015-04-10 09:39:43,439 - ClasspathResourceLoader : initialization complete.
2015-04-10 09:39:43,441 - ResourceCache : initialized. (class org.apache.velocity.runtime.resource.ResourceCacheImpl)
2015-04-10 09:39:43,441 - Default ResourceManager initialization complete.
2015-04-10 09:39:43,443 - Loaded System Directive: org.apache.velocity.runtime.directive.Literal
2015-04-10 09:39:43,445 - Loaded System Directive: org.apache.velocity.runtime.directive.Macro
2015-04-10 09:39:43,448 - Loaded System Directive: org.apache.velocity.runtime.directive.Parse
2015-04-10 09:39:43,450 - Loaded System Directive: org.apache.velocity.runtime.directive.Include
2015-04-10 09:39:43,452 - Loaded System Directive: org.apache.velocity.runtime.directive.Foreach
2015-04-10 09:39:43,477 - Created: 20 parsers.
2015-04-10 09:39:43,487 - Velocimacro : initialization starting.
2015-04-10 09:39:43,487 - Velocimacro : adding VMs from VM library template : VM_global_library.vm
2015-04-10 09:39:43,492 - ResourceManager : unable to find resource 'VM_global_library.vm' in any resource loader.
2015-04-10 09:39:43,492 - Velocimacro : error using  VM library template VM_global_library.vm : org.apache.velocity.exception.ResourceNotFoundException: Unable to find resource 'VM_global_library.vm'
2015-04-10 09:39:43,492 - Velocimacro :  VM library template macro registration complete.
2015-04-10 09:39:43,492 - Velocimacro : allowInline = true : VMs can be defined inline in templates
2015-04-10 09:39:43,492 - Velocimacro : allowInlineToOverride = false : VMs defined inline may NOT replace previous VM definitions
2015-04-10 09:39:43,492 - Velocimacro : allowInlineLocal = false : VMs defined inline will be  global in scope if allowed.
2015-04-10 09:39:43,492 - Velocimacro : messages on  : VM system will output logging messages
2015-04-10 09:39:43,492 - Velocimacro : autoload off  : VM system will not automatically reload global library macros
2015-04-10 09:39:43,492 - Velocimacro : initialization complete.
2015-04-10 09:39:43,492 - Velocity successfully started.
2015-04-10 09:43:26,655 - ResourceManager : found repast/simphony/scenario/Scenario.vt with loader org.apache.velocity.runtime.resource.loader.ClasspathResourceLoader
2015-04-17 02:28:10,835 - SimpleLog4JLogSystem initialized using logfile 'velocity.log'
2015-04-17 02:28:10,835 - ************************************************************** 
2015-04-17 02:28:10,835 - Starting Jakarta Velocity v1.4
2015-04-17 02:28:10,835 - RuntimeInstance initializing.
2015-04-17 02:28:10,835 - Default Properties File: org\apache\velocity\runtime\defaults\velocity.properties
2015-04-17 02:28:10,835 - Trying to use logger class org.apache.velocity.runtime.log.SimpleLog4JLogSystem
2015-04-17 02:28:10,835 - Using logger class org.apache.velocity.runtime.log.SimpleLog4JLogSystem
2015-04-17 02:28:10,839 - Default ResourceManager initializing. (class org.apache.velocity.runtime.resource.ResourceManagerImpl)
2015-04-17 02:28:10,842 - Resource Loader Instantiated: org.apache.velocity.runtime.resource.loader.ClasspathResourceLoader
2015-04-17 02:28:10,842 - ClasspathResourceLoader : initialization starting.
2015-04-17 02:28:10,842 - ClasspathResourceLoader : initialization complete.
2015-04-17 02:28:10,844 - ResourceCache : initialized. (class org.apache.velocity.runtime.resource.ResourceCacheImpl)
2015-04-17 02:28:10,844 - Default ResourceManager initialization complete.
2015-04-17 02:28:10,846 - Loaded System Directive: org.apache.velocity.runtime.directive.Literal
2015-04-17 02:28:10,848 - Loaded System Directive: org.apache.velocity.runtime.directive.Macro
2015-04-17 02:28:10,852 - Loaded System Directive: org.apache.velocity.runtime.directive.Parse
2015-04-17 02:28:10,855 - Loaded System Directive: org.apache.velocity.runtime.directive.Include
2015-04-17 02:28:10,856 - Loaded System Directive: org.apache.velocity.runtime.directive.Foreach
2015-04-17 02:28:10,882 - Created: 20 parsers.
2015-04-17 02:28:10,891 - Velocimacro : initialization starting.
2015-04-17 02:28:10,891 - Velocimacro : adding VMs from VM library template : VM_global_library.vm
2015-04-17 02:28:10,897 - ResourceManager : unable to find resource 'VM_global_library.vm' in any resource loader.
2015-04-17 02:28:10,897 - Velocimacro : error using  VM library template VM_global_library.vm : org.apache.velocity.exception.ResourceNotFoundException: Unable to find resource 'VM_global_library.vm'
2015-04-17 02:28:10,897 - Velocimacro :  VM library template macro registration complete.
2015-04-17 02:28:10,897 - Velocimacro : allowInline = true : VMs can be defined inline in templates
2015-04-17 02:28:10,897 - Velocimacro : allowInlineToOverride = false : VMs defined inline may NOT replace previous VM definitions
2015-04-17 02:28:10,897 - Velocimacro : allowInlineLocal = false : VMs defined inline will be  global in scope if allowed.
2015-04-17 02:28:10,897 - Velocimacro : messages on  : VM system will output logging messages
2015-04-17 02:28:10,897 - Velocimacro : autoload off  : VM system will not automatically reload global library macros
2015-04-17 02:28:10,897 - Velocimacro : initialization complete.
2015-04-17 02:28:10,897 - Velocity successfully started.
2015-04-17 02:39:10,816 - SimpleLog4JLogSystem initialized using logfile 'velocity.log'
2015-04-17 02:39:10,816 - ************************************************************** 
2015-04-17 02:39:10,816 - Starting Jakarta Velocity v1.4
2015-04-17 02:39:10,816 - RuntimeInstance initializing.
2015-04-17 02:39:10,816 - Default Properties File: org\apache\velocity\runtime\defaults\velocity.properties
2015-04-17 02:39:10,816 - Trying to use logger class org.apache.velocity.runtime.log.SimpleLog4JLogSystem
2015-04-17 02:39:10,816 - Using logger class org.apache.velocity.runtime.log.SimpleLog4JLogSystem
2015-04-17 02:39:10,819 - Default ResourceManager initializing. (class org.apache.velocity.runtime.resource.ResourceManagerImpl)
2015-04-17 02:39:10,822 - Resource Loader Instantiated: org.apache.velocity.runtime.resource.loader.ClasspathResourceLoader
2015-04-17 02:39:10,823 - ClasspathResourceLoader : initialization starting.
2015-04-17 02:39:10,823 - ClasspathResourceLoader : initialization complete.
2015-04-17 02:39:10,825 - ResourceCache : initialized. (class org.apache.velocity.runtime.resource.ResourceCacheImpl)
2015-04-17 02:39:10,825 - Default ResourceManager initialization complete.
2015-04-17 02:39:10,827 - Loaded System Directive: org.apache.velocity.runtime.directive.Literal
2015-04-17 02:39:10,829 - Loaded System Directive: org.apache.velocity.runtime.directive.Macro
2015-04-17 02:39:10,832 - Loaded System Directive: org.apache.velocity.runtime.directive.Parse
2015-04-17 02:39:10,834 - Loaded System Directive: org.apache.velocity.runtime.directive.Include
2015-04-17 02:39:10,835 - Loaded System Directive: org.apache.velocity.runtime.directive.Foreach
2015-04-17 02:39:10,860 - Created: 20 parsers.
2015-04-17 02:39:10,869 - Velocimacro : initialization starting.
2015-04-17 02:39:10,869 - Velocimacro : adding VMs from VM library template : VM_global_library.vm
2015-04-17 02:39:10,874 - ResourceManager : unable to find resource 'VM_global_library.vm' in any resource loader.
2015-04-17 02:39:10,875 - Velocimacro : error using  VM library template VM_global_library.vm : org.apache.velocity.exception.ResourceNotFoundException: Unable to find resource 'VM_global_library.vm'
2015-04-17 02:39:10,875 - Velocimacro :  VM library template macro registration complete.
2015-04-17 02:39:10,875 - Velocimacro : allowInline = true : VMs can be defined inline in templates
2015-04-17 02:39:10,875 - Velocimacro : allowInlineToOverride = false : VMs defined inline may NOT replace previous VM definitions
2015-04-17 02:39:10,875 - Velocimacro : allowInlineLocal = false : VMs defined inline will be  global in scope if allowed.
2015-04-17 02:39:10,875 - Velocimacro : messages on  : VM system will output logging messages
2015-04-17 02:39:10,875 - Velocimacro : autoload off  : VM system will not automatically reload global library macros
2015-04-17 02:39:10,875 - Velocimacro : initialization complete.
2015-04-17 02:39:10,875 - Velocity successfully started.
2015-04-17 02:40:30,993 - SimpleLog4JLogSystem initialized using logfile 'velocity.log'
2015-04-17 02:40:30,993 - ************************************************************** 
2015-04-17 02:40:30,993 - Starting Jakarta Velocity v1.4
2015-04-17 02:40:30,993 - RuntimeInstance initializing.
2015-04-17 02:40:30,994 - Default Properties File: org\apache\velocity\runtime\defaults\velocity.properties
2015-04-17 02:40:30,994 - Trying to use logger class org.apache.velocity.runtime.log.SimpleLog4JLogSystem
2015-04-17 02:40:30,994 - Using logger class org.apache.velocity.runtime.log.SimpleLog4JLogSystem
2015-04-17 02:40:30,997 - Default ResourceManager initializing. (class org.apache.velocity.runtime.resource.ResourceManagerImpl)
2015-04-17 02:40:31,000 - Resource Loader Instantiated: org.apache.velocity.runtime.resource.loader.ClasspathResourceLoader
2015-04-17 02:40:31,000 - ClasspathResourceLoader : initialization starting.
2015-04-17 02:40:31,000 - ClasspathResourceLoader : initialization complete.
2015-04-17 02:40:31,002 - ResourceCache : initialized. (class org.apache.velocity.runtime.resource.ResourceCacheImpl)
2015-04-17 02:40:31,002 - Default ResourceManager initialization complete.
2015-04-17 02:40:31,004 - Loaded System Directive: org.apache.velocity.runtime.directive.Literal
2015-04-17 02:40:31,007 - Loaded System Directive: org.apache.velocity.runtime.directive.Macro
2015-04-17 02:40:31,010 - Loaded System Directive: org.apache.velocity.runtime.directive.Parse
2015-04-17 02:40:31,012 - Loaded System Directive: org.apache.velocity.runtime.directive.Include
2015-04-17 02:40:31,013 - Loaded System Directive: org.apache.velocity.runtime.directive.Foreach
2015-04-17 02:40:31,039 - Created: 20 parsers.
2015-04-17 02:40:31,048 - Velocimacro : initialization starting.
2015-04-17 02:40:31,048 - Velocimacro : adding VMs from VM library template : VM_global_library.vm
2015-04-17 02:40:31,053 - ResourceManager : unable to find resource 'VM_global_library.vm' in any resource loader.
2015-04-17 02:40:31,053 - Velocimacro : error using  VM library template VM_global_library.vm : org.apache.velocity.exception.ResourceNotFoundException: Unable to find resource 'VM_global_library.vm'
2015-04-17 02:40:31,053 - Velocimacro :  VM library template macro registration complete.
2015-04-17 02:40:31,053 - Velocimacro : allowInline = true : VMs can be defined inline in templates
2015-04-17 02:40:31,053 - Velocimacro : allowInlineToOverride = false : VMs defined inline may NOT replace previous VM definitions
2015-04-17 02:40:31,053 - Velocimacro : allowInlineLocal = false : VMs defined inline will be  global in scope if allowed.
2015-04-17 02:40:31,053 - Velocimacro : messages on  : VM system will output logging messages
2015-04-17 02:40:31,054 - Velocimacro : autoload off  : VM system will not automatically reload global library macros
2015-04-17 02:40:31,054 - Velocimacro : initialization complete.
2015-04-17 02:40:31,054 - Velocity successfully started.
2015-04-17 02:41:31,196 - ResourceManager : found repast/simphony/scenario/Scenario.vt with loader org.apache.velocity.runtime.resource.loader.ClasspathResourceLoader
2015-04-17 13:06:08,083 - SimpleLog4JLogSystem initialized using logfile 'velocity.log'
2015-04-17 13:06:08,093 - ************************************************************** 
2015-04-17 13:06:08,093 - Starting Jakarta Velocity v1.4
2015-04-17 13:06:08,093 - RuntimeInstance initializing.
2015-04-17 13:06:08,093 - Default Properties File: org\apache\velocity\runtime\defaults\velocity.properties
2015-04-17 13:06:08,093 - Trying to use logger class org.apache.velocity.runtime.log.SimpleLog4JLogSystem
2015-04-17 13:06:08,093 - Using logger class org.apache.velocity.runtime.log.SimpleLog4JLogSystem
2015-04-17 13:06:08,097 - Default ResourceManager initializing. (class org.apache.velocity.runtime.resource.ResourceManagerImpl)
2015-04-17 13:06:08,101 - Resource Loader Instantiated: org.apache.velocity.runtime.resource.loader.ClasspathResourceLoader
2015-04-17 13:06:08,101 - ClasspathResourceLoader : initialization starting.
2015-04-17 13:06:08,101 - ClasspathResourceLoader : initialization complete.
2015-04-17 13:06:08,103 - ResourceCache : initialized. (class org.apache.velocity.runtime.resource.ResourceCacheImpl)
2015-04-17 13:06:08,103 - Default ResourceManager initialization complete.
2015-04-17 13:06:08,105 - Loaded System Directive: org.apache.velocity.runtime.directive.Literal
2015-04-17 13:06:08,107 - Loaded System Directive: org.apache.velocity.runtime.directive.Macro
2015-04-17 13:06:08,110 - Loaded System Directive: org.apache.velocity.runtime.directive.Parse
2015-04-17 13:06:08,113 - Loaded System Directive: org.apache.velocity.runtime.directive.Include
2015-04-17 13:06:08,114 - Loaded System Directive: org.apache.velocity.runtime.directive.Foreach
2015-04-17 13:06:08,141 - Created: 20 parsers.
2015-04-17 13:06:08,152 - Velocimacro : initialization starting.
2015-04-17 13:06:08,152 - Velocimacro : adding VMs from VM library template : VM_global_library.vm
2015-04-17 13:06:08,158 - ResourceManager : unable to find resource 'VM_global_library.vm' in any resource loader.
2015-04-17 13:06:08,158 - Velocimacro : error using  VM library template VM_global_library.vm : org.apache.velocity.exception.ResourceNotFoundException: Unable to find resource 'VM_global_library.vm'
2015-04-17 13:06:08,158 - Velocimacro :  VM library template macro registration complete.
2015-04-17 13:06:08,158 - Velocimacro : allowInline = true : VMs can be defined inline in templates
2015-04-17 13:06:08,158 - Velocimacro : allowInlineToOverride = false : VMs defined inline may NOT replace previous VM definitions
2015-04-17 13:06:08,158 - Velocimacro : allowInlineLocal = false : VMs defined inline will be  global in scope if allowed.
2015-04-17 13:06:08,158 - Velocimacro : messages on  : VM system will output logging messages
2015-04-17 13:06:08,158 - Velocimacro : autoload off  : VM system will not automatically reload global library macros
2015-04-17 13:06:08,158 - Velocimacro : initialization complete.
2015-04-17 13:06:08,158 - Velocity successfully started.
2015-04-17 13:08:07,266 - SimpleLog4JLogSystem initialized using logfile 'velocity.log'
2015-04-17 13:08:07,267 - ************************************************************** 
2015-04-17 13:08:07,267 - Starting Jakarta Velocity v1.4
2015-04-17 13:08:07,267 - RuntimeInstance initializing.
2015-04-17 13:08:07,267 - Default Properties File: org\apache\velocity\runtime\defaults\velocity.properties
2015-04-17 13:08:07,267 - Trying to use logger class org.apache.velocity.runtime.log.SimpleLog4JLogSystem
2015-04-17 13:08:07,267 - Using logger class org.apache.velocity.runtime.log.SimpleLog4JLogSystem
2015-04-17 13:08:07,271 - Default ResourceManager initializing. (class org.apache.velocity.runtime.resource.ResourceManagerImpl)
2015-04-17 13:08:07,274 - Resource Loader Instantiated: org.apache.velocity.runtime.resource.loader.ClasspathResourceLoader
2015-04-17 13:08:07,274 - ClasspathResourceLoader : initialization starting.
2015-04-17 13:08:07,274 - ClasspathResourceLoader : initialization complete.
2015-04-17 13:08:07,276 - ResourceCache : initialized. (class org.apache.velocity.runtime.resource.ResourceCacheImpl)
2015-04-17 13:08:07,276 - Default ResourceManager initialization complete.
2015-04-17 13:08:07,278 - Loaded System Directive: org.apache.velocity.runtime.directive.Literal
2015-04-17 13:08:07,280 - Loaded System Directive: org.apache.velocity.runtime.directive.Macro
2015-04-17 13:08:07,284 - Loaded System Directive: org.apache.velocity.runtime.directive.Parse
2015-04-17 13:08:07,286 - Loaded System Directive: org.apache.velocity.runtime.directive.Include
2015-04-17 13:08:07,287 - Loaded System Directive: org.apache.velocity.runtime.directive.Foreach
2015-04-17 13:08:07,314 - Created: 20 parsers.
2015-04-17 13:08:07,324 - Velocimacro : initialization starting.
2015-04-17 13:08:07,325 - Velocimacro : adding VMs from VM library template : VM_global_library.vm
2015-04-17 13:08:07,330 - ResourceManager : unable to find resource 'VM_global_library.vm' in any resource loader.
2015-04-17 13:08:07,330 - Velocimacro : error using  VM library template VM_global_library.vm : org.apache.velocity.exception.ResourceNotFoundException: Unable to find resource 'VM_global_library.vm'
2015-04-17 13:08:07,330 - Velocimacro :  VM library template macro registration complete.
2015-04-17 13:08:07,330 - Velocimacro : allowInline = true : VMs can be defined inline in templates
2015-04-17 13:08:07,330 - Velocimacro : allowInlineToOverride = false : VMs defined inline may NOT replace previous VM definitions
2015-04-17 13:08:07,330 - Velocimacro : allowInlineLocal = false : VMs defined inline will be  global in scope if allowed.
2015-04-17 13:08:07,330 - Velocimacro : messages on  : VM system will output logging messages
2015-04-17 13:08:07,330 - Velocimacro : autoload off  : VM system will not automatically reload global library macros
2015-04-17 13:08:07,330 - Velocimacro : initialization complete.
2015-04-17 13:08:07,330 - Velocity successfully started.
2015-04-17 13:13:01,136 - SimpleLog4JLogSystem initialized using logfile 'velocity.log'
2015-04-17 13:13:01,136 - ************************************************************** 
2015-04-17 13:13:01,136 - Starting Jakarta Velocity v1.4
2015-04-17 13:13:01,136 - RuntimeInstance initializing.
2015-04-17 13:13:01,136 - Default Properties File: org\apache\velocity\runtime\defaults\velocity.properties
2015-04-17 13:13:01,136 - Trying to use logger class org.apache.velocity.runtime.log.SimpleLog4JLogSystem
2015-04-17 13:13:01,136 - Using logger class org.apache.velocity.runtime.log.SimpleLog4JLogSystem
2015-04-17 13:13:01,140 - Default ResourceManager initializing. (class org.apache.velocity.runtime.resource.ResourceManagerImpl)
2015-04-17 13:13:01,143 - Resource Loader Instantiated: org.apache.velocity.runtime.resource.loader.ClasspathResourceLoader
2015-04-17 13:13:01,143 - ClasspathResourceLoader : initialization starting.
2015-04-17 13:13:01,143 - ClasspathResourceLoader : initialization complete.
2015-04-17 13:13:01,145 - ResourceCache : initialized. (class org.apache.velocity.runtime.resource.ResourceCacheImpl)
2015-04-17 13:13:01,145 - Default ResourceManager initialization complete.
2015-04-17 13:13:01,147 - Loaded System Directive: org.apache.velocity.runtime.directive.Literal
2015-04-17 13:13:01,149 - Loaded System Directive: org.apache.velocity.runtime.directive.Macro
2015-04-17 13:13:01,152 - Loaded System Directive: org.apache.velocity.runtime.directive.Parse
2015-04-17 13:13:01,154 - Loaded System Directive: org.apache.velocity.runtime.directive.Include
2015-04-17 13:13:01,155 - Loaded System Directive: org.apache.velocity.runtime.directive.Foreach
2015-04-17 13:13:01,181 - Created: 20 parsers.
2015-04-17 13:13:01,191 - Velocimacro : initialization starting.
2015-04-17 13:13:01,191 - Velocimacro : adding VMs from VM library template : VM_global_library.vm
2015-04-17 13:13:01,196 - ResourceManager : unable to find resource 'VM_global_library.vm' in any resource loader.
2015-04-17 13:13:01,196 - Velocimacro : error using  VM library template VM_global_library.vm : org.apache.velocity.exception.ResourceNotFoundException: Unable to find resource 'VM_global_library.vm'
2015-04-17 13:13:01,196 - Velocimacro :  VM library template macro registration complete.
2015-04-17 13:13:01,196 - Velocimacro : allowInline = true : VMs can be defined inline in templates
2015-04-17 13:13:01,196 - Velocimacro : allowInlineToOverride = false : VMs defined inline may NOT replace previous VM definitions
2015-04-17 13:13:01,196 - Velocimacro : allowInlineLocal = false : VMs defined inline will be  global in scope if allowed.
2015-04-17 13:13:01,196 - Velocimacro : messages on  : VM system will output logging messages
2015-04-17 13:13:01,196 - Velocimacro : autoload off  : VM system will not automatically reload global library macros
2015-04-17 13:13:01,196 - Velocimacro : initialization complete.
2015-04-17 13:13:01,196 - Velocity successfully started.
2015-04-17 13:14:46,196 - SimpleLog4JLogSystem initialized using logfile 'velocity.log'
2015-04-17 13:14:46,196 - ************************************************************** 
2015-04-17 13:14:46,196 - Starting Jakarta Velocity v1.4
2015-04-17 13:14:46,196 - RuntimeInstance initializing.
2015-04-17 13:14:46,196 - Default Properties File: org\apache\velocity\runtime\defaults\velocity.properties
2015-04-17 13:14:46,196 - Trying to use logger class org.apache.velocity.runtime.log.SimpleLog4JLogSystem
2015-04-17 13:14:46,196 - Using logger class org.apache.velocity.runtime.log.SimpleLog4JLogSystem
2015-04-17 13:14:46,200 - Default ResourceManager initializing. (class org.apache.velocity.runtime.resource.ResourceManagerImpl)
2015-04-17 13:14:46,203 - Resource Loader Instantiated: org.apache.velocity.runtime.resource.loader.ClasspathResourceLoader
2015-04-17 13:14:46,203 - ClasspathResourceLoader : initialization starting.
2015-04-17 13:14:46,203 - ClasspathResourceLoader : initialization complete.
2015-04-17 13:14:46,205 - ResourceCache : initialized. (class org.apache.velocity.runtime.resource.ResourceCacheImpl)
2015-04-17 13:14:46,205 - Default ResourceManager initialization complete.
2015-04-17 13:14:46,207 - Loaded System Directive: org.apache.velocity.runtime.directive.Literal
2015-04-17 13:14:46,209 - Loaded System Directive: org.apache.velocity.runtime.directive.Macro
2015-04-17 13:14:46,212 - Loaded System Directive: org.apache.velocity.runtime.directive.Parse
2015-04-17 13:14:46,214 - Loaded System Directive: org.apache.velocity.runtime.directive.Include
2015-04-17 13:14:46,215 - Loaded System Directive: org.apache.velocity.runtime.directive.Foreach
2015-04-17 13:14:46,240 - Created: 20 parsers.
2015-04-17 13:14:46,250 - Velocimacro : initialization starting.
2015-04-17 13:14:46,250 - Velocimacro : adding VMs from VM library template : VM_global_library.vm
2015-04-17 13:14:46,255 - ResourceManager : unable to find resource 'VM_global_library.vm' in any resource loader.
2015-04-17 13:14:46,255 - Velocimacro : error using  VM library template VM_global_library.vm : org.apache.velocity.exception.ResourceNotFoundException: Unable to find resource 'VM_global_library.vm'
2015-04-17 13:14:46,255 - Velocimacro :  VM library template macro registration complete.
2015-04-17 13:14:46,255 - Velocimacro : allowInline = true : VMs can be defined inline in templates
2015-04-17 13:14:46,255 - Velocimacro : allowInlineToOverride = false : VMs defined inline may NOT replace previous VM definitions
2015-04-17 13:14:46,255 - Velocimacro : allowInlineLocal = false : VMs defined inline will be  global in scope if allowed.
2015-04-17 13:14:46,255 - Velocimacro : messages on  : VM system will output logging messages
2015-04-17 13:14:46,255 - Velocimacro : autoload off  : VM system will not automatically reload global library macros
2015-04-17 13:14:46,255 - Velocimacro : initialization complete.
2015-04-17 13:14:46,255 - Velocity successfully started.
2015-04-17 13:15:10,830 - SimpleLog4JLogSystem initialized using logfile 'velocity.log'
2015-04-17 13:15:10,830 - ************************************************************** 
2015-04-17 13:15:10,830 - Starting Jakarta Velocity v1.4
2015-04-17 13:15:10,830 - RuntimeInstance initializing.
2015-04-17 13:15:10,830 - Default Properties File: org\apache\velocity\runtime\defaults\velocity.properties
2015-04-17 13:15:10,830 - Trying to use logger class org.apache.velocity.runtime.log.SimpleLog4JLogSystem
2015-04-17 13:15:10,830 - Using logger class org.apache.velocity.runtime.log.SimpleLog4JLogSystem
2015-04-17 13:15:10,834 - Default ResourceManager initializing. (class org.apache.velocity.runtime.resource.ResourceManagerImpl)
2015-04-17 13:15:10,837 - Resource Loader Instantiated: org.apache.velocity.runtime.resource.loader.ClasspathResourceLoader
2015-04-17 13:15:10,837 - ClasspathResourceLoader : initialization starting.
2015-04-17 13:15:10,837 - ClasspathResourceLoader : initialization complete.
2015-04-17 13:15:10,839 - ResourceCache : initialized. (class org.apache.velocity.runtime.resource.ResourceCacheImpl)
2015-04-17 13:15:10,839 - Default ResourceManager initialization complete.
2015-04-17 13:15:10,841 - Loaded System Directive: org.apache.velocity.runtime.directive.Literal
2015-04-17 13:15:10,843 - Loaded System Directive: org.apache.velocity.runtime.directive.Macro
2015-04-17 13:15:10,846 - Loaded System Directive: org.apache.velocity.runtime.directive.Parse
2015-04-17 13:15:10,847 - Loaded System Directive: org.apache.velocity.runtime.directive.Include
2015-04-17 13:15:10,849 - Loaded System Directive: org.apache.velocity.runtime.directive.Foreach
2015-04-17 13:15:10,875 - Created: 20 parsers.
2015-04-17 13:15:10,884 - Velocimacro : initialization starting.
2015-04-17 13:15:10,884 - Velocimacro : adding VMs from VM library template : VM_global_library.vm
2015-04-17 13:15:10,890 - ResourceManager : unable to find resource 'VM_global_library.vm' in any resource loader.
2015-04-17 13:15:10,890 - Velocimacro : error using  VM library template VM_global_library.vm : org.apache.velocity.exception.ResourceNotFoundException: Unable to find resource 'VM_global_library.vm'
2015-04-17 13:15:10,890 - Velocimacro :  VM library template macro registration complete.
2015-04-17 13:15:10,890 - Velocimacro : allowInline = true : VMs can be defined inline in templates
2015-04-17 13:15:10,890 - Velocimacro : allowInlineToOverride = false : VMs defined inline may NOT replace previous VM definitions
2015-04-17 13:15:10,890 - Velocimacro : allowInlineLocal = false : VMs defined inline will be  global in scope if allowed.
2015-04-17 13:15:10,890 - Velocimacro : messages on  : VM system will output logging messages
2015-04-17 13:15:10,890 - Velocimacro : autoload off  : VM system will not automatically reload global library macros
2015-04-17 13:15:10,890 - Velocimacro : initialization complete.
2015-04-17 13:15:10,890 - Velocity successfully started.
2015-04-17 13:15:46,039 - SimpleLog4JLogSystem initialized using logfile 'velocity.log'
2015-04-17 13:15:46,039 - ************************************************************** 
2015-04-17 13:15:46,039 - Starting Jakarta Velocity v1.4
2015-04-17 13:15:46,039 - RuntimeInstance initializing.
2015-04-17 13:15:46,039 - Default Properties File: org\apache\velocity\runtime\defaults\velocity.properties
2015-04-17 13:15:46,039 - Trying to use logger class org.apache.velocity.runtime.log.SimpleLog4JLogSystem
2015-04-17 13:15:46,039 - Using logger class org.apache.velocity.runtime.log.SimpleLog4JLogSystem
2015-04-17 13:15:46,042 - Default ResourceManager initializing. (class org.apache.velocity.runtime.resource.ResourceManagerImpl)
2015-04-17 13:15:46,045 - Resource Loader Instantiated: org.apache.velocity.runtime.resource.loader.ClasspathResourceLoader
2015-04-17 13:15:46,045 - ClasspathResourceLoader : initialization starting.
2015-04-17 13:15:46,046 - ClasspathResourceLoader : initialization complete.
2015-04-17 13:15:46,047 - ResourceCache : initialized. (class org.apache.velocity.runtime.resource.ResourceCacheImpl)
2015-04-17 13:15:46,048 - Default ResourceManager initialization complete.
2015-04-17 13:15:46,050 - Loaded System Directive: org.apache.velocity.runtime.directive.Literal
2015-04-17 13:15:46,052 - Loaded System Directive: org.apache.velocity.runtime.directive.Macro
2015-04-17 13:15:46,054 - Loaded System Directive: org.apache.velocity.runtime.directive.Parse
2015-04-17 13:15:46,057 - Loaded System Directive: org.apache.velocity.runtime.directive.Include
2015-04-17 13:15:46,058 - Loaded System Directive: org.apache.velocity.runtime.directive.Foreach
2015-04-17 13:15:46,084 - Created: 20 parsers.
2015-04-17 13:15:46,093 - Velocimacro : initialization starting.
2015-04-17 13:15:46,093 - Velocimacro : adding VMs from VM library template : VM_global_library.vm
2015-04-17 13:15:46,099 - ResourceManager : unable to find resource 'VM_global_library.vm' in any resource loader.
2015-04-17 13:15:46,099 - Velocimacro : error using  VM library template VM_global_library.vm : org.apache.velocity.exception.ResourceNotFoundException: Unable to find resource 'VM_global_library.vm'
2015-04-17 13:15:46,099 - Velocimacro :  VM library template macro registration complete.
2015-04-17 13:15:46,099 - Velocimacro : allowInline = true : VMs can be defined inline in templates
2015-04-17 13:15:46,099 - Velocimacro : allowInlineToOverride = false : VMs defined inline may NOT replace previous VM definitions
2015-04-17 13:15:46,099 - Velocimacro : allowInlineLocal = false : VMs defined inline will be  global in scope if allowed.
2015-04-17 13:15:46,099 - Velocimacro : messages on  : VM system will output logging messages
2015-04-17 13:15:46,099 - Velocimacro : autoload off  : VM system will not automatically reload global library macros
2015-04-17 13:15:46,099 - Velocimacro : initialization complete.
2015-04-17 13:15:46,099 - Velocity successfully started.
2015-04-17 13:39:58,022 - SimpleLog4JLogSystem initialized using logfile 'velocity.log'
2015-04-17 13:39:58,022 - ************************************************************** 
2015-04-17 13:39:58,022 - Starting Jakarta Velocity v1.4
2015-04-17 13:39:58,022 - RuntimeInstance initializing.
2015-04-17 13:39:58,022 - Default Properties File: org\apache\velocity\runtime\defaults\velocity.properties
2015-04-17 13:39:58,022 - Trying to use logger class org.apache.velocity.runtime.log.SimpleLog4JLogSystem
2015-04-17 13:39:58,022 - Using logger class org.apache.velocity.runtime.log.SimpleLog4JLogSystem
2015-04-17 13:39:58,026 - Default ResourceManager initializing. (class org.apache.velocity.runtime.resource.ResourceManagerImpl)
2015-04-17 13:39:58,029 - Resource Loader Instantiated: org.apache.velocity.runtime.resource.loader.ClasspathResourceLoader
2015-04-17 13:39:58,029 - ClasspathResourceLoader : initialization starting.
2015-04-17 13:39:58,029 - ClasspathResourceLoader : initialization complete.
2015-04-17 13:39:58,031 - ResourceCache : initialized. (class org.apache.velocity.runtime.resource.ResourceCacheImpl)
2015-04-17 13:39:58,031 - Default ResourceManager initialization complete.
2015-04-17 13:39:58,033 - Loaded System Directive: org.apache.velocity.runtime.directive.Literal
2015-04-17 13:39:58,035 - Loaded System Directive: org.apache.velocity.runtime.directive.Macro
2015-04-17 13:39:58,039 - Loaded System Directive: org.apache.velocity.runtime.directive.Parse
2015-04-17 13:39:58,041 - Loaded System Directive: org.apache.velocity.runtime.directive.Include
2015-04-17 13:39:58,042 - Loaded System Directive: org.apache.velocity.runtime.directive.Foreach
2015-04-17 13:39:58,068 - Created: 20 parsers.
2015-04-17 13:39:58,078 - Velocimacro : initialization starting.
2015-04-17 13:39:58,078 - Velocimacro : adding VMs from VM library template : VM_global_library.vm
2015-04-17 13:39:58,083 - ResourceManager : unable to find resource 'VM_global_library.vm' in any resource loader.
2015-04-17 13:39:58,083 - Velocimacro : error using  VM library template VM_global_library.vm : org.apache.velocity.exception.ResourceNotFoundException: Unable to find resource 'VM_global_library.vm'
2015-04-17 13:39:58,083 - Velocimacro :  VM library template macro registration complete.
2015-04-17 13:39:58,083 - Velocimacro : allowInline = true : VMs can be defined inline in templates
2015-04-17 13:39:58,083 - Velocimacro : allowInlineToOverride = false : VMs defined inline may NOT replace previous VM definitions
2015-04-17 13:39:58,083 - Velocimacro : allowInlineLocal = false : VMs defined inline will be  global in scope if allowed.
2015-04-17 13:39:58,083 - Velocimacro : messages on  : VM system will output logging messages
2015-04-17 13:39:58,084 - Velocimacro : autoload off  : VM system will not automatically reload global library macros
2015-04-17 13:39:58,084 - Velocimacro : initialization complete.
2015-04-17 13:39:58,084 - Velocity successfully started.
2015-04-17 13:40:17,128 - SimpleLog4JLogSystem initialized using logfile 'velocity.log'
2015-04-17 13:40:17,128 - ************************************************************** 
2015-04-17 13:40:17,128 - Starting Jakarta Velocity v1.4
2015-04-17 13:40:17,128 - RuntimeInstance initializing.
2015-04-17 13:40:17,128 - Default Properties File: org\apache\velocity\runtime\defaults\velocity.properties
2015-04-17 13:40:17,128 - Trying to use logger class org.apache.velocity.runtime.log.SimpleLog4JLogSystem
2015-04-17 13:40:17,128 - Using logger class org.apache.velocity.runtime.log.SimpleLog4JLogSystem
2015-04-17 13:40:17,131 - Default ResourceManager initializing. (class org.apache.velocity.runtime.resource.ResourceManagerImpl)
2015-04-17 13:40:17,135 - Resource Loader Instantiated: org.apache.velocity.runtime.resource.loader.ClasspathResourceLoader
2015-04-17 13:40:17,135 - ClasspathResourceLoader : initialization starting.
2015-04-17 13:40:17,135 - ClasspathResourceLoader : initialization complete.
2015-04-17 13:40:17,137 - ResourceCache : initialized. (class org.apache.velocity.runtime.resource.ResourceCacheImpl)
2015-04-17 13:40:17,137 - Default ResourceManager initialization complete.
2015-04-17 13:40:17,139 - Loaded System Directive: org.apache.velocity.runtime.directive.Literal
2015-04-17 13:40:17,141 - Loaded System Directive: org.apache.velocity.runtime.directive.Macro
2015-04-17 13:40:17,144 - Loaded System Directive: org.apache.velocity.runtime.directive.Parse
2015-04-17 13:40:17,146 - Loaded System Directive: org.apache.velocity.runtime.directive.Include
2015-04-17 13:40:17,147 - Loaded System Directive: org.apache.velocity.runtime.directive.Foreach
2015-04-17 13:40:17,172 - Created: 20 parsers.
2015-04-17 13:40:17,182 - Velocimacro : initialization starting.
2015-04-17 13:40:17,182 - Velocimacro : adding VMs from VM library template : VM_global_library.vm
2015-04-17 13:40:17,187 - ResourceManager : unable to find resource 'VM_global_library.vm' in any resource loader.
2015-04-17 13:40:17,187 - Velocimacro : error using  VM library template VM_global_library.vm : org.apache.velocity.exception.ResourceNotFoundException: Unable to find resource 'VM_global_library.vm'
2015-04-17 13:40:17,187 - Velocimacro :  VM library template macro registration complete.
2015-04-17 13:40:17,187 - Velocimacro : allowInline = true : VMs can be defined inline in templates
2015-04-17 13:40:17,187 - Velocimacro : allowInlineToOverride = false : VMs defined inline may NOT replace previous VM definitions
2015-04-17 13:40:17,188 - Velocimacro : allowInlineLocal = false : VMs defined inline will be  global in scope if allowed.
2015-04-17 13:40:17,188 - Velocimacro : messages on  : VM system will output logging messages
2015-04-17 13:40:17,188 - Velocimacro : autoload off  : VM system will not automatically reload global library macros
2015-04-17 13:40:17,188 - Velocimacro : initialization complete.
2015-04-17 13:40:17,188 - Velocity successfully started.
2015-04-17 13:43:46,285 - SimpleLog4JLogSystem initialized using logfile 'velocity.log'
2015-04-17 13:43:46,286 - ************************************************************** 
2015-04-17 13:43:46,286 - Starting Jakarta Velocity v1.4
2015-04-17 13:43:46,286 - RuntimeInstance initializing.
2015-04-17 13:43:46,286 - Default Properties File: org\apache\velocity\runtime\defaults\velocity.properties
2015-04-17 13:43:46,286 - Trying to use logger class org.apache.velocity.runtime.log.SimpleLog4JLogSystem
2015-04-17 13:43:46,286 - Using logger class org.apache.velocity.runtime.log.SimpleLog4JLogSystem
2015-04-17 13:43:46,290 - Default ResourceManager initializing. (class org.apache.velocity.runtime.resource.ResourceManagerImpl)
2015-04-17 13:43:46,293 - Resource Loader Instantiated: org.apache.velocity.runtime.resource.loader.ClasspathResourceLoader
2015-04-17 13:43:46,293 - ClasspathResourceLoader : initialization starting.
2015-04-17 13:43:46,293 - ClasspathResourceLoader : initialization complete.
2015-04-17 13:43:46,295 - ResourceCache : initialized. (class org.apache.velocity.runtime.resource.ResourceCacheImpl)
2015-04-17 13:43:46,295 - Default ResourceManager initialization complete.
2015-04-17 13:43:46,297 - Loaded System Directive: org.apache.velocity.runtime.directive.Literal
2015-04-17 13:43:46,299 - Loaded System Directive: org.apache.velocity.runtime.directive.Macro
2015-04-17 13:43:46,302 - Loaded System Directive: org.apache.velocity.runtime.directive.Parse
2015-04-17 13:43:46,305 - Loaded System Directive: org.apache.velocity.runtime.directive.Include
2015-04-17 13:43:46,306 - Loaded System Directive: org.apache.velocity.runtime.directive.Foreach
2015-04-17 13:43:46,331 - Created: 20 parsers.
2015-04-17 13:43:46,341 - Velocimacro : initialization starting.
2015-04-17 13:43:46,341 - Velocimacro : adding VMs from VM library template : VM_global_library.vm
2015-04-17 13:43:46,346 - ResourceManager : unable to find resource 'VM_global_library.vm' in any resource loader.
2015-04-17 13:43:46,346 - Velocimacro : error using  VM library template VM_global_library.vm : org.apache.velocity.exception.ResourceNotFoundException: Unable to find resource 'VM_global_library.vm'
2015-04-17 13:43:46,346 - Velocimacro :  VM library template macro registration complete.
2015-04-17 13:43:46,347 - Velocimacro : allowInline = true : VMs can be defined inline in templates
2015-04-17 13:43:46,347 - Velocimacro : allowInlineToOverride = false : VMs defined inline may NOT replace previous VM definitions
2015-04-17 13:43:46,347 - Velocimacro : allowInlineLocal = false : VMs defined inline will be  global in scope if allowed.
2015-04-17 13:43:46,347 - Velocimacro : messages on  : VM system will output logging messages
2015-04-17 13:43:46,347 - Velocimacro : autoload off  : VM system will not automatically reload global library macros
2015-04-17 13:43:46,347 - Velocimacro : initialization complete.
2015-04-17 13:43:46,347 - Velocity successfully started.
2015-04-17 13:44:17,833 - SimpleLog4JLogSystem initialized using logfile 'velocity.log'
2015-04-17 13:44:17,834 - ************************************************************** 
2015-04-17 13:44:17,834 - Starting Jakarta Velocity v1.4
2015-04-17 13:44:17,834 - RuntimeInstance initializing.
2015-04-17 13:44:17,834 - Default Properties File: org\apache\velocity\runtime\defaults\velocity.properties
2015-04-17 13:44:17,834 - Trying to use logger class org.apache.velocity.runtime.log.SimpleLog4JLogSystem
2015-04-17 13:44:17,834 - Using logger class org.apache.velocity.runtime.log.SimpleLog4JLogSystem
2015-04-17 13:44:17,837 - Default ResourceManager initializing. (class org.apache.velocity.runtime.resource.ResourceManagerImpl)
2015-04-17 13:44:17,840 - Resource Loader Instantiated: org.apache.velocity.runtime.resource.loader.ClasspathResourceLoader
2015-04-17 13:44:17,841 - ClasspathResourceLoader : initialization starting.
2015-04-17 13:44:17,841 - ClasspathResourceLoader : initialization complete.
2015-04-17 13:44:17,843 - ResourceCache : initialized. (class org.apache.velocity.runtime.resource.ResourceCacheImpl)
2015-04-17 13:44:17,843 - Default ResourceManager initialization complete.
2015-04-17 13:44:17,845 - Loaded System Directive: org.apache.velocity.runtime.directive.Literal
2015-04-17 13:44:17,847 - Loaded System Directive: org.apache.velocity.runtime.directive.Macro
2015-04-17 13:44:17,850 - Loaded System Directive: org.apache.velocity.runtime.directive.Parse
2015-04-17 13:44:17,852 - Loaded System Directive: org.apache.velocity.runtime.directive.Include
2015-04-17 13:44:17,853 - Loaded System Directive: org.apache.velocity.runtime.directive.Foreach
2015-04-17 13:44:17,878 - Created: 20 parsers.
2015-04-17 13:44:17,888 - Velocimacro : initialization starting.
2015-04-17 13:44:17,888 - Velocimacro : adding VMs from VM library template : VM_global_library.vm
2015-04-17 13:44:17,893 - ResourceManager : unable to find resource 'VM_global_library.vm' in any resource loader.
2015-04-17 13:44:17,893 - Velocimacro : error using  VM library template VM_global_library.vm : org.apache.velocity.exception.ResourceNotFoundException: Unable to find resource 'VM_global_library.vm'
2015-04-17 13:44:17,893 - Velocimacro :  VM library template macro registration complete.
2015-04-17 13:44:17,893 - Velocimacro : allowInline = true : VMs can be defined inline in templates
2015-04-17 13:44:17,893 - Velocimacro : allowInlineToOverride = false : VMs defined inline may NOT replace previous VM definitions
2015-04-17 13:44:17,893 - Velocimacro : allowInlineLocal = false : VMs defined inline will be  global in scope if allowed.
2015-04-17 13:44:17,893 - Velocimacro : messages on  : VM system will output logging messages
2015-04-17 13:44:17,893 - Velocimacro : autoload off  : VM system will not automatically reload global library macros
2015-04-17 13:44:17,893 - Velocimacro : initialization complete.
2015-04-17 13:44:17,893 - Velocity successfully started.
2015-04-17 13:46:52,488 - SimpleLog4JLogSystem initialized using logfile 'velocity.log'
2015-04-17 13:46:52,488 - ************************************************************** 
2015-04-17 13:46:52,488 - Starting Jakarta Velocity v1.4
2015-04-17 13:46:52,488 - RuntimeInstance initializing.
2015-04-17 13:46:52,488 - Default Properties File: org\apache\velocity\runtime\defaults\velocity.properties
2015-04-17 13:46:52,488 - Trying to use logger class org.apache.velocity.runtime.log.SimpleLog4JLogSystem
2015-04-17 13:46:52,488 - Using logger class org.apache.velocity.runtime.log.SimpleLog4JLogSystem
2015-04-17 13:46:52,492 - Default ResourceManager initializing. (class org.apache.velocity.runtime.resource.ResourceManagerImpl)
2015-04-17 13:46:52,495 - Resource Loader Instantiated: org.apache.velocity.runtime.resource.loader.ClasspathResourceLoader
2015-04-17 13:46:52,495 - ClasspathResourceLoader : initialization starting.
2015-04-17 13:46:52,495 - ClasspathResourceLoader : initialization complete.
2015-04-17 13:46:52,497 - ResourceCache : initialized. (class org.apache.velocity.runtime.resource.ResourceCacheImpl)
2015-04-17 13:46:52,497 - Default ResourceManager initialization complete.
2015-04-17 13:46:52,499 - Loaded System Directive: org.apache.velocity.runtime.directive.Literal
2015-04-17 13:46:52,501 - Loaded System Directive: org.apache.velocity.runtime.directive.Macro
2015-04-17 13:46:52,504 - Loaded System Directive: org.apache.velocity.runtime.directive.Parse
2015-04-17 13:46:52,506 - Loaded System Directive: org.apache.velocity.runtime.directive.Include
2015-04-17 13:46:52,507 - Loaded System Directive: org.apache.velocity.runtime.directive.Foreach
2015-04-17 13:46:52,533 - Created: 20 parsers.
2015-04-17 13:46:52,543 - Velocimacro : initialization starting.
2015-04-17 13:46:52,543 - Velocimacro : adding VMs from VM library template : VM_global_library.vm
2015-04-17 13:46:52,549 - ResourceManager : unable to find resource 'VM_global_library.vm' in any resource loader.
2015-04-17 13:46:52,549 - Velocimacro : error using  VM library template VM_global_library.vm : org.apache.velocity.exception.ResourceNotFoundException: Unable to find resource 'VM_global_library.vm'
2015-04-17 13:46:52,549 - Velocimacro :  VM library template macro registration complete.
2015-04-17 13:46:52,549 - Velocimacro : allowInline = true : VMs can be defined inline in templates
2015-04-17 13:46:52,549 - Velocimacro : allowInlineToOverride = false : VMs defined inline may NOT replace previous VM definitions
2015-04-17 13:46:52,549 - Velocimacro : allowInlineLocal = false : VMs defined inline will be  global in scope if allowed.
2015-04-17 13:46:52,549 - Velocimacro : messages on  : VM system will output logging messages
2015-04-17 13:46:52,549 - Velocimacro : autoload off  : VM system will not automatically reload global library macros
2015-04-17 13:46:52,549 - Velocimacro : initialization complete.
2015-04-17 13:46:52,549 - Velocity successfully started.
